                                      1 ;--------------------------------------------------------
                                      2 ; File Created by SDCC : free open source ISO C Compiler 
                                      3 ; Version 4.3.2 #14228 (MINGW64)
                                      4 ;--------------------------------------------------------
                                      5 	.module BackGroundSprite
                                      6 	.optsdcc -msm83
                                      7 	
                                      8 ;--------------------------------------------------------
                                      9 ; Public variables in this module
                                     10 ;--------------------------------------------------------
                                     11 	.globl _BackGroundSprite_tilemap
                                     12 	.globl _BackGroundSprite_tileset
                                     13 ;--------------------------------------------------------
                                     14 ; special function registers
                                     15 ;--------------------------------------------------------
                                     16 ;--------------------------------------------------------
                                     17 ; ram data
                                     18 ;--------------------------------------------------------
                                     19 	.area _DATA
                                     20 ;--------------------------------------------------------
                                     21 ; ram data
                                     22 ;--------------------------------------------------------
                                     23 	.area _INITIALIZED
                                     24 ;--------------------------------------------------------
                                     25 ; absolute external ram data
                                     26 ;--------------------------------------------------------
                                     27 	.area _DABS (ABS)
                                     28 ;--------------------------------------------------------
                                     29 ; global & static initialisations
                                     30 ;--------------------------------------------------------
                                     31 	.area _HOME
                                     32 	.area _GSINIT
                                     33 	.area _GSFINAL
                                     34 	.area _GSINIT
                                     35 ;--------------------------------------------------------
                                     36 ; Home
                                     37 ;--------------------------------------------------------
                                     38 	.area _HOME
                                     39 	.area _HOME
                                     40 ;--------------------------------------------------------
                                     41 ; code
                                     42 ;--------------------------------------------------------
                                     43 	.area _CODE
                                     44 	.area _CODE
                           000000    45 G$BackGroundSprite_tileset$0_0$0 == .
      000000                         46 _BackGroundSprite_tileset:
      000000 00                      47 	.db #0x00	; 0
      000001 00                      48 	.db #0x00	; 0
      000002 00                      49 	.db #0x00	; 0
      000003 00                      50 	.db #0x00	; 0
      000004 00                      51 	.db #0x00	; 0
      000005 00                      52 	.db #0x00	; 0
      000006 00                      53 	.db #0x00	; 0
      000007 00                      54 	.db #0x00	; 0
      000008 00                      55 	.db #0x00	; 0
      000009 00                      56 	.db #0x00	; 0
      00000A 00                      57 	.db #0x00	; 0
      00000B 00                      58 	.db #0x00	; 0
      00000C 00                      59 	.db #0x00	; 0
      00000D 00                      60 	.db #0x00	; 0
      00000E 00                      61 	.db #0x00	; 0
      00000F 00                      62 	.db #0x00	; 0
      000010 FF                      63 	.db #0xff	; 255
      000011 00                      64 	.db #0x00	; 0
      000012 FF                      65 	.db #0xff	; 255
      000013 00                      66 	.db #0x00	; 0
      000014 FF                      67 	.db #0xff	; 255
      000015 00                      68 	.db #0x00	; 0
      000016 FF                      69 	.db #0xff	; 255
      000017 00                      70 	.db #0x00	; 0
      000018 FF                      71 	.db #0xff	; 255
      000019 00                      72 	.db #0x00	; 0
      00001A FF                      73 	.db #0xff	; 255
      00001B 00                      74 	.db #0x00	; 0
      00001C FF                      75 	.db #0xff	; 255
      00001D 00                      76 	.db #0x00	; 0
      00001E FF                      77 	.db #0xff	; 255
      00001F 00                      78 	.db #0x00	; 0
      000020 00                      79 	.db #0x00	; 0
      000021 FF                      80 	.db #0xff	; 255
      000022 00                      81 	.db #0x00	; 0
      000023 FF                      82 	.db #0xff	; 255
      000024 00                      83 	.db #0x00	; 0
      000025 FF                      84 	.db #0xff	; 255
      000026 00                      85 	.db #0x00	; 0
      000027 FF                      86 	.db #0xff	; 255
      000028 00                      87 	.db #0x00	; 0
      000029 FF                      88 	.db #0xff	; 255
      00002A 00                      89 	.db #0x00	; 0
      00002B FF                      90 	.db #0xff	; 255
      00002C 00                      91 	.db #0x00	; 0
      00002D FF                      92 	.db #0xff	; 255
      00002E 00                      93 	.db #0x00	; 0
      00002F FF                      94 	.db #0xff	; 255
      000030 00                      95 	.db #0x00	; 0
      000031 FF                      96 	.db #0xff	; 255
      000032 00                      97 	.db #0x00	; 0
      000033 FF                      98 	.db #0xff	; 255
      000034 F8                      99 	.db #0xf8	; 248
      000035 07                     100 	.db #0x07	; 7
      000036 FF                     101 	.db #0xff	; 255
      000037 00                     102 	.db #0x00	; 0
      000038 FF                     103 	.db #0xff	; 255
      000039 00                     104 	.db #0x00	; 0
      00003A FF                     105 	.db #0xff	; 255
      00003B 00                     106 	.db #0x00	; 0
      00003C FF                     107 	.db #0xff	; 255
      00003D 00                     108 	.db #0x00	; 0
      00003E FF                     109 	.db #0xff	; 255
      00003F 00                     110 	.db #0x00	; 0
      000040 FE                     111 	.db #0xfe	; 254
      000041 01                     112 	.db #0x01	; 1
      000042 F8                     113 	.db #0xf8	; 248
      000043 07                     114 	.db #0x07	; 7
      000044 80                     115 	.db #0x80	; 128
      000045 7F                     116 	.db #0x7f	; 127
      000046 00                     117 	.db #0x00	; 0
      000047 FF                     118 	.db #0xff	; 255
      000048 00                     119 	.db #0x00	; 0
      000049 FF                     120 	.db #0xff	; 255
      00004A 00                     121 	.db #0x00	; 0
      00004B FF                     122 	.db #0xff	; 255
      00004C 00                     123 	.db #0x00	; 0
      00004D FF                     124 	.db #0xff	; 255
      00004E 00                     125 	.db #0x00	; 0
      00004F FF                     126 	.db #0xff	; 255
      000050 FF                     127 	.db #0xff	; 255
      000051 00                     128 	.db #0x00	; 0
      000052 7F                     129 	.db #0x7f	; 127
      000053 80                     130 	.db #0x80	; 128
      000054 07                     131 	.db #0x07	; 7
      000055 F8                     132 	.db #0xf8	; 248
      000056 00                     133 	.db #0x00	; 0
      000057 FF                     134 	.db #0xff	; 255
      000058 00                     135 	.db #0x00	; 0
      000059 FF                     136 	.db #0xff	; 255
      00005A 00                     137 	.db #0x00	; 0
      00005B FF                     138 	.db #0xff	; 255
      00005C 00                     139 	.db #0x00	; 0
      00005D FF                     140 	.db #0xff	; 255
      00005E 00                     141 	.db #0x00	; 0
      00005F FF                     142 	.db #0xff	; 255
      000060 00                     143 	.db #0x00	; 0
      000061 FF                     144 	.db #0xff	; 255
      000062 00                     145 	.db #0x00	; 0
      000063 FF                     146 	.db #0xff	; 255
      000064 00                     147 	.db #0x00	; 0
      000065 FF                     148 	.db #0xff	; 255
      000066 00                     149 	.db #0x00	; 0
      000067 FF                     150 	.db #0xff	; 255
      000068 03                     151 	.db #0x03	; 3
      000069 FC                     152 	.db #0xfc	; 252
      00006A 07                     153 	.db #0x07	; 7
      00006B F8                     154 	.db #0xf8	; 248
      00006C 0F                     155 	.db #0x0f	; 15
      00006D F0                     156 	.db #0xf0	; 240
      00006E 0F                     157 	.db #0x0f	; 15
      00006F F0                     158 	.db #0xf0	; 240
      000070 00                     159 	.db #0x00	; 0
      000071 FF                     160 	.db #0xff	; 255
      000072 03                     161 	.db #0x03	; 3
      000073 FC                     162 	.db #0xfc	; 252
      000074 3F                     163 	.db #0x3f	; 63
      000075 C0                     164 	.db #0xc0	; 192
      000076 FF                     165 	.db #0xff	; 255
      000077 00                     166 	.db #0x00	; 0
      000078 FF                     167 	.db #0xff	; 255
      000079 00                     168 	.db #0x00	; 0
      00007A FF                     169 	.db #0xff	; 255
      00007B 00                     170 	.db #0x00	; 0
      00007C FF                     171 	.db #0xff	; 255
      00007D 00                     172 	.db #0x00	; 0
      00007E FF                     173 	.db #0xff	; 255
      00007F 00                     174 	.db #0x00	; 0
      000080 00                     175 	.db #0x00	; 0
      000081 FF                     176 	.db #0xff	; 255
      000082 E0                     177 	.db #0xe0	; 224
      000083 1F                     178 	.db #0x1f	; 31
      000084 FE                     179 	.db #0xfe	; 254
      000085 01                     180 	.db #0x01	; 1
      000086 FF                     181 	.db #0xff	; 255
      000087 00                     182 	.db #0x00	; 0
      000088 FF                     183 	.db #0xff	; 255
      000089 00                     184 	.db #0x00	; 0
      00008A FF                     185 	.db #0xff	; 255
      00008B 00                     186 	.db #0x00	; 0
      00008C FF                     187 	.db #0xff	; 255
      00008D 00                     188 	.db #0x00	; 0
      00008E FF                     189 	.db #0xff	; 255
      00008F 00                     190 	.db #0x00	; 0
      000090 00                     191 	.db #0x00	; 0
      000091 FF                     192 	.db #0xff	; 255
      000092 00                     193 	.db #0x00	; 0
      000093 FF                     194 	.db #0xff	; 255
      000094 00                     195 	.db #0x00	; 0
      000095 FF                     196 	.db #0xff	; 255
      000096 80                     197 	.db #0x80	; 128
      000097 7F                     198 	.db #0x7f	; 127
      000098 E7                     199 	.db #0xe7	; 231
      000099 18                     200 	.db #0x18	; 24
      00009A FF                     201 	.db #0xff	; 255
      00009B 00                     202 	.db #0x00	; 0
      00009C FF                     203 	.db #0xff	; 255
      00009D 00                     204 	.db #0x00	; 0
      00009E FF                     205 	.db #0xff	; 255
      00009F 00                     206 	.db #0x00	; 0
      0000A0 00                     207 	.db #0x00	; 0
      0000A1 FF                     208 	.db #0xff	; 255
      0000A2 00                     209 	.db #0x00	; 0
      0000A3 FF                     210 	.db #0xff	; 255
      0000A4 00                     211 	.db #0x00	; 0
      0000A5 FF                     212 	.db #0xff	; 255
      0000A6 00                     213 	.db #0x00	; 0
      0000A7 FF                     214 	.db #0xff	; 255
      0000A8 F8                     215 	.db #0xf8	; 248
      0000A9 07                     216 	.db #0x07	; 7
      0000AA FE                     217 	.db #0xfe	; 254
      0000AB 01                     218 	.db #0x01	; 1
      0000AC FF                     219 	.db #0xff	; 255
      0000AD 00                     220 	.db #0x00	; 0
      0000AE FF                     221 	.db #0xff	; 255
      0000AF 00                     222 	.db #0x00	; 0
      0000B0 00                     223 	.db #0x00	; 0
      0000B1 FF                     224 	.db #0xff	; 255
      0000B2 00                     225 	.db #0x00	; 0
      0000B3 FF                     226 	.db #0xff	; 255
      0000B4 00                     227 	.db #0x00	; 0
      0000B5 FF                     228 	.db #0xff	; 255
      0000B6 00                     229 	.db #0x00	; 0
      0000B7 FF                     230 	.db #0xff	; 255
      0000B8 00                     231 	.db #0x00	; 0
      0000B9 FF                     232 	.db #0xff	; 255
      0000BA 00                     233 	.db #0x00	; 0
      0000BB FF                     234 	.db #0xff	; 255
      0000BC 80                     235 	.db #0x80	; 128
      0000BD 7F                     236 	.db #0x7f	; 127
      0000BE C0                     237 	.db #0xc0	; 192
      0000BF 3F                     238 	.db #0x3f	; 63
      0000C0 00                     239 	.db #0x00	; 0
      0000C1 FF                     240 	.db #0xff	; 255
      0000C2 00                     241 	.db #0x00	; 0
      0000C3 FF                     242 	.db #0xff	; 255
      0000C4 00                     243 	.db #0x00	; 0
      0000C5 FF                     244 	.db #0xff	; 255
      0000C6 00                     245 	.db #0x00	; 0
      0000C7 FF                     246 	.db #0xff	; 255
      0000C8 00                     247 	.db #0x00	; 0
      0000C9 FF                     248 	.db #0xff	; 255
      0000CA 00                     249 	.db #0x00	; 0
      0000CB FF                     250 	.db #0xff	; 255
      0000CC 00                     251 	.db #0x00	; 0
      0000CD FF                     252 	.db #0xff	; 255
      0000CE 01                     253 	.db #0x01	; 1
      0000CF FE                     254 	.db #0xfe	; 254
      0000D0 00                     255 	.db #0x00	; 0
      0000D1 FF                     256 	.db #0xff	; 255
      0000D2 00                     257 	.db #0x00	; 0
      0000D3 FF                     258 	.db #0xff	; 255
      0000D4 00                     259 	.db #0x00	; 0
      0000D5 FF                     260 	.db #0xff	; 255
      0000D6 07                     261 	.db #0x07	; 7
      0000D7 F8                     262 	.db #0xf8	; 248
      0000D8 3F                     263 	.db #0x3f	; 63
      0000D9 C0                     264 	.db #0xc0	; 192
      0000DA 7F                     265 	.db #0x7f	; 127
      0000DB 80                     266 	.db #0x80	; 128
      0000DC FF                     267 	.db #0xff	; 255
      0000DD 00                     268 	.db #0x00	; 0
      0000DE FF                     269 	.db #0xff	; 255
      0000DF 00                     270 	.db #0x00	; 0
      0000E0 0F                     271 	.db #0x0f	; 15
      0000E1 F0                     272 	.db #0xf0	; 240
      0000E2 1F                     273 	.db #0x1f	; 31
      0000E3 E0                     274 	.db #0xe0	; 224
      0000E4 1F                     275 	.db #0x1f	; 31
      0000E5 E0                     276 	.db #0xe0	; 224
      0000E6 FF                     277 	.db #0xff	; 255
      0000E7 00                     278 	.db #0x00	; 0
      0000E8 FF                     279 	.db #0xff	; 255
      0000E9 00                     280 	.db #0x00	; 0
      0000EA FF                     281 	.db #0xff	; 255
      0000EB 00                     282 	.db #0x00	; 0
      0000EC FF                     283 	.db #0xff	; 255
      0000ED 00                     284 	.db #0x00	; 0
      0000EE FF                     285 	.db #0xff	; 255
      0000EF 00                     286 	.db #0x00	; 0
      0000F0 E0                     287 	.db #0xe0	; 224
      0000F1 1F                     288 	.db #0x1f	; 31
      0000F2 E0                     289 	.db #0xe0	; 224
      0000F3 1F                     290 	.db #0x1f	; 31
      0000F4 F0                     291 	.db #0xf0	; 240
      0000F5 0F                     292 	.db #0x0f	; 15
      0000F6 F0                     293 	.db #0xf0	; 240
      0000F7 0F                     294 	.db #0x0f	; 15
      0000F8 F0                     295 	.db #0xf0	; 240
      0000F9 0F                     296 	.db #0x0f	; 15
      0000FA FC                     297 	.db #0xfc	; 252
      0000FB 03                     298 	.db #0x03	; 3
      0000FC FC                     299 	.db #0xfc	; 252
      0000FD 03                     300 	.db #0x03	; 3
      0000FE FC                     301 	.db #0xfc	; 252
      0000FF 03                     302 	.db #0x03	; 3
      000100 03                     303 	.db #0x03	; 3
      000101 FC                     304 	.db #0xfc	; 252
      000102 03                     305 	.db #0x03	; 3
      000103 FC                     306 	.db #0xfc	; 252
      000104 07                     307 	.db #0x07	; 7
      000105 F8                     308 	.db #0xf8	; 248
      000106 07                     309 	.db #0x07	; 7
      000107 F8                     310 	.db #0xf8	; 248
      000108 0F                     311 	.db #0x0f	; 15
      000109 F0                     312 	.db #0xf0	; 240
      00010A 0F                     313 	.db #0x0f	; 15
      00010B F0                     314 	.db #0xf0	; 240
      00010C 0F                     315 	.db #0x0f	; 15
      00010D F0                     316 	.db #0xf0	; 240
      00010E 07                     317 	.db #0x07	; 7
      00010F F8                     318 	.db #0xf8	; 248
      000110 F8                     319 	.db #0xf8	; 248
      000111 07                     320 	.db #0x07	; 7
      000112 F8                     321 	.db #0xf8	; 248
      000113 07                     322 	.db #0x07	; 7
      000114 F0                     323 	.db #0xf0	; 240
      000115 0F                     324 	.db #0x0f	; 15
      000116 F0                     325 	.db #0xf0	; 240
      000117 0F                     326 	.db #0x0f	; 15
      000118 F0                     327 	.db #0xf0	; 240
      000119 0F                     328 	.db #0x0f	; 15
      00011A C0                     329 	.db #0xc0	; 192
      00011B 3F                     330 	.db #0x3f	; 63
      00011C C0                     331 	.db #0xc0	; 192
      00011D 3F                     332 	.db #0x3f	; 63
      00011E 80                     333 	.db #0x80	; 128
      00011F 7F                     334 	.db #0x7f	; 127
      000120 07                     335 	.db #0x07	; 7
      000121 F8                     336 	.db #0xf8	; 248
      000122 07                     337 	.db #0x07	; 7
      000123 F8                     338 	.db #0xf8	; 248
      000124 03                     339 	.db #0x03	; 3
      000125 FC                     340 	.db #0xfc	; 252
      000126 03                     341 	.db #0x03	; 3
      000127 FC                     342 	.db #0xfc	; 252
      000128 00                     343 	.db #0x00	; 0
      000129 FF                     344 	.db #0xff	; 255
      00012A 00                     345 	.db #0x00	; 0
      00012B FF                     346 	.db #0xff	; 255
      00012C 00                     347 	.db #0x00	; 0
      00012D FF                     348 	.db #0xff	; 255
      00012E 00                     349 	.db #0x00	; 0
      00012F FF                     350 	.db #0xff	; 255
      000130 FF                     351 	.db #0xff	; 255
      000131 00                     352 	.db #0x00	; 0
      000132 FF                     353 	.db #0xff	; 255
      000133 00                     354 	.db #0x00	; 0
      000134 FF                     355 	.db #0xff	; 255
      000135 00                     356 	.db #0x00	; 0
      000136 FF                     357 	.db #0xff	; 255
      000137 00                     358 	.db #0x00	; 0
      000138 FF                     359 	.db #0xff	; 255
      000139 00                     360 	.db #0x00	; 0
      00013A 7F                     361 	.db #0x7f	; 127
      00013B 80                     362 	.db #0x80	; 128
      00013C 3F                     363 	.db #0x3f	; 63
      00013D C0                     364 	.db #0xc0	; 192
      00013E 07                     365 	.db #0x07	; 7
      00013F F8                     366 	.db #0xf8	; 248
      000140 FF                     367 	.db #0xff	; 255
      000141 00                     368 	.db #0x00	; 0
      000142 FF                     369 	.db #0xff	; 255
      000143 00                     370 	.db #0x00	; 0
      000144 FF                     371 	.db #0xff	; 255
      000145 00                     372 	.db #0x00	; 0
      000146 FF                     373 	.db #0xff	; 255
      000147 00                     374 	.db #0x00	; 0
      000148 FF                     375 	.db #0xff	; 255
      000149 00                     376 	.db #0x00	; 0
      00014A FF                     377 	.db #0xff	; 255
      00014B 00                     378 	.db #0x00	; 0
      00014C FF                     379 	.db #0xff	; 255
      00014D 00                     380 	.db #0x00	; 0
      00014E 87                     381 	.db #0x87	; 135
      00014F 78                     382 	.db #0x78	; 120	'x'
      000150 FF                     383 	.db #0xff	; 255
      000151 00                     384 	.db #0x00	; 0
      000152 FF                     385 	.db #0xff	; 255
      000153 00                     386 	.db #0x00	; 0
      000154 FF                     387 	.db #0xff	; 255
      000155 00                     388 	.db #0x00	; 0
      000156 F8                     389 	.db #0xf8	; 248
      000157 07                     390 	.db #0x07	; 7
      000158 F0                     391 	.db #0xf0	; 240
      000159 0F                     392 	.db #0x0f	; 15
      00015A F0                     393 	.db #0xf0	; 240
      00015B 0F                     394 	.db #0x0f	; 15
      00015C E0                     395 	.db #0xe0	; 224
      00015D 1F                     396 	.db #0x1f	; 31
      00015E 80                     397 	.db #0x80	; 128
      00015F 7F                     398 	.db #0x7f	; 127
      000160 F8                     399 	.db #0xf8	; 248
      000161 07                     400 	.db #0x07	; 7
      000162 00                     401 	.db #0x00	; 0
      000163 FF                     402 	.db #0xff	; 255
      000164 00                     403 	.db #0x00	; 0
      000165 FF                     404 	.db #0xff	; 255
      000166 00                     405 	.db #0x00	; 0
      000167 FF                     406 	.db #0xff	; 255
      000168 00                     407 	.db #0x00	; 0
      000169 FF                     408 	.db #0xff	; 255
      00016A 00                     409 	.db #0x00	; 0
      00016B FF                     410 	.db #0xff	; 255
      00016C 00                     411 	.db #0x00	; 0
      00016D FF                     412 	.db #0xff	; 255
      00016E 00                     413 	.db #0x00	; 0
      00016F FF                     414 	.db #0xff	; 255
      000170 03                     415 	.db #0x03	; 3
      000171 FC                     416 	.db #0xfc	; 252
      000172 00                     417 	.db #0x00	; 0
      000173 FF                     418 	.db #0xff	; 255
      000174 00                     419 	.db #0x00	; 0
      000175 FF                     420 	.db #0xff	; 255
      000176 00                     421 	.db #0x00	; 0
      000177 FF                     422 	.db #0xff	; 255
      000178 00                     423 	.db #0x00	; 0
      000179 FF                     424 	.db #0xff	; 255
      00017A 00                     425 	.db #0x00	; 0
      00017B FF                     426 	.db #0xff	; 255
      00017C 00                     427 	.db #0x00	; 0
      00017D FF                     428 	.db #0xff	; 255
      00017E 00                     429 	.db #0x00	; 0
      00017F FF                     430 	.db #0xff	; 255
      000180 FF                     431 	.db #0xff	; 255
      000181 00                     432 	.db #0x00	; 0
      000182 FC                     433 	.db #0xfc	; 252
      000183 03                     434 	.db #0x03	; 3
      000184 C0                     435 	.db #0xc0	; 192
      000185 3F                     436 	.db #0x3f	; 63
      000186 00                     437 	.db #0x00	; 0
      000187 FF                     438 	.db #0xff	; 255
      000188 00                     439 	.db #0x00	; 0
      000189 FF                     440 	.db #0xff	; 255
      00018A 00                     441 	.db #0x00	; 0
      00018B FF                     442 	.db #0xff	; 255
      00018C 00                     443 	.db #0x00	; 0
      00018D FF                     444 	.db #0xff	; 255
      00018E 00                     445 	.db #0x00	; 0
      00018F FF                     446 	.db #0xff	; 255
      000190 00                     447 	.db #0x00	; 0
      000191 FF                     448 	.db #0xff	; 255
      000192 00                     449 	.db #0x00	; 0
      000193 FF                     450 	.db #0xff	; 255
      000194 00                     451 	.db #0x00	; 0
      000195 FF                     452 	.db #0xff	; 255
      000196 00                     453 	.db #0x00	; 0
      000197 FF                     454 	.db #0xff	; 255
      000198 00                     455 	.db #0x00	; 0
      000199 FF                     456 	.db #0xff	; 255
      00019A 07                     457 	.db #0x07	; 7
      00019B F8                     458 	.db #0xf8	; 248
      00019C 0F                     459 	.db #0x0f	; 15
      00019D F0                     460 	.db #0xf0	; 240
      00019E 1F                     461 	.db #0x1f	; 31
      00019F E0                     462 	.db #0xe0	; 224
      0001A0 00                     463 	.db #0x00	; 0
      0001A1 FF                     464 	.db #0xff	; 255
      0001A2 00                     465 	.db #0x00	; 0
      0001A3 FF                     466 	.db #0xff	; 255
      0001A4 0F                     467 	.db #0x0f	; 15
      0001A5 F0                     468 	.db #0xf0	; 240
      0001A6 FF                     469 	.db #0xff	; 255
      0001A7 00                     470 	.db #0x00	; 0
      0001A8 FF                     471 	.db #0xff	; 255
      0001A9 00                     472 	.db #0x00	; 0
      0001AA FF                     473 	.db #0xff	; 255
      0001AB 00                     474 	.db #0x00	; 0
      0001AC FF                     475 	.db #0xff	; 255
      0001AD 00                     476 	.db #0x00	; 0
      0001AE FF                     477 	.db #0xff	; 255
      0001AF 00                     478 	.db #0x00	; 0
      0001B0 00                     479 	.db #0x00	; 0
      0001B1 FF                     480 	.db #0xff	; 255
      0001B2 00                     481 	.db #0x00	; 0
      0001B3 FF                     482 	.db #0xff	; 255
      0001B4 E0                     483 	.db #0xe0	; 224
      0001B5 1F                     484 	.db #0x1f	; 31
      0001B6 FF                     485 	.db #0xff	; 255
      0001B7 00                     486 	.db #0x00	; 0
      0001B8 FF                     487 	.db #0xff	; 255
      0001B9 00                     488 	.db #0x00	; 0
      0001BA FF                     489 	.db #0xff	; 255
      0001BB 00                     490 	.db #0x00	; 0
      0001BC FF                     491 	.db #0xff	; 255
      0001BD 00                     492 	.db #0x00	; 0
      0001BE FF                     493 	.db #0xff	; 255
      0001BF 00                     494 	.db #0x00	; 0
      0001C0 00                     495 	.db #0x00	; 0
      0001C1 FF                     496 	.db #0xff	; 255
      0001C2 00                     497 	.db #0x00	; 0
      0001C3 FF                     498 	.db #0xff	; 255
      0001C4 00                     499 	.db #0x00	; 0
      0001C5 FF                     500 	.db #0xff	; 255
      0001C6 00                     501 	.db #0x00	; 0
      0001C7 FF                     502 	.db #0xff	; 255
      0001C8 00                     503 	.db #0x00	; 0
      0001C9 FF                     504 	.db #0xff	; 255
      0001CA 7F                     505 	.db #0x7f	; 127
      0001CB 80                     506 	.db #0x80	; 128
      0001CC FF                     507 	.db #0xff	; 255
      0001CD 00                     508 	.db #0x00	; 0
      0001CE FF                     509 	.db #0xff	; 255
      0001CF 00                     510 	.db #0x00	; 0
      0001D0 00                     511 	.db #0x00	; 0
      0001D1 FF                     512 	.db #0xff	; 255
      0001D2 00                     513 	.db #0x00	; 0
      0001D3 FF                     514 	.db #0xff	; 255
      0001D4 00                     515 	.db #0x00	; 0
      0001D5 FF                     516 	.db #0xff	; 255
      0001D6 00                     517 	.db #0x00	; 0
      0001D7 FF                     518 	.db #0xff	; 255
      0001D8 00                     519 	.db #0x00	; 0
      0001D9 FF                     520 	.db #0xff	; 255
      0001DA F0                     521 	.db #0xf0	; 240
      0001DB 0F                     522 	.db #0x0f	; 15
      0001DC FE                     523 	.db #0xfe	; 254
      0001DD 01                     524 	.db #0x01	; 1
      0001DE FF                     525 	.db #0xff	; 255
      0001DF 00                     526 	.db #0x00	; 0
      0001E0 00                     527 	.db #0x00	; 0
      0001E1 FF                     528 	.db #0xff	; 255
      0001E2 00                     529 	.db #0x00	; 0
      0001E3 FF                     530 	.db #0xff	; 255
      0001E4 00                     531 	.db #0x00	; 0
      0001E5 FF                     532 	.db #0xff	; 255
      0001E6 00                     533 	.db #0x00	; 0
      0001E7 FF                     534 	.db #0xff	; 255
      0001E8 00                     535 	.db #0x00	; 0
      0001E9 FF                     536 	.db #0xff	; 255
      0001EA 00                     537 	.db #0x00	; 0
      0001EB FF                     538 	.db #0xff	; 255
      0001EC 00                     539 	.db #0x00	; 0
      0001ED FF                     540 	.db #0xff	; 255
      0001EE 80                     541 	.db #0x80	; 128
      0001EF 7F                     542 	.db #0x7f	; 127
      0001F0 00                     543 	.db #0x00	; 0
      0001F1 FF                     544 	.db #0xff	; 255
      0001F2 00                     545 	.db #0x00	; 0
      0001F3 FF                     546 	.db #0xff	; 255
      0001F4 00                     547 	.db #0x00	; 0
      0001F5 FF                     548 	.db #0xff	; 255
      0001F6 03                     549 	.db #0x03	; 3
      0001F7 FC                     550 	.db #0xfc	; 252
      0001F8 7F                     551 	.db #0x7f	; 127
      0001F9 80                     552 	.db #0x80	; 128
      0001FA FF                     553 	.db #0xff	; 255
      0001FB 00                     554 	.db #0x00	; 0
      0001FC FF                     555 	.db #0xff	; 255
      0001FD 00                     556 	.db #0x00	; 0
      0001FE FF                     557 	.db #0xff	; 255
      0001FF 00                     558 	.db #0x00	; 0
      000200 00                     559 	.db #0x00	; 0
      000201 FF                     560 	.db #0xff	; 255
      000202 00                     561 	.db #0x00	; 0
      000203 FF                     562 	.db #0xff	; 255
      000204 00                     563 	.db #0x00	; 0
      000205 FF                     564 	.db #0xff	; 255
      000206 F8                     565 	.db #0xf8	; 248
      000207 07                     566 	.db #0x07	; 7
      000208 FF                     567 	.db #0xff	; 255
      000209 00                     568 	.db #0x00	; 0
      00020A FF                     569 	.db #0xff	; 255
      00020B 00                     570 	.db #0x00	; 0
      00020C FF                     571 	.db #0xff	; 255
      00020D 00                     572 	.db #0x00	; 0
      00020E FF                     573 	.db #0xff	; 255
      00020F 00                     574 	.db #0x00	; 0
      000210 01                     575 	.db #0x01	; 1
      000211 FE                     576 	.db #0xfe	; 254
      000212 03                     577 	.db #0x03	; 3
      000213 FC                     578 	.db #0xfc	; 252
      000214 07                     579 	.db #0x07	; 7
      000215 F8                     580 	.db #0xf8	; 248
      000216 0F                     581 	.db #0x0f	; 15
      000217 F0                     582 	.db #0xf0	; 240
      000218 FF                     583 	.db #0xff	; 255
      000219 00                     584 	.db #0x00	; 0
      00021A FF                     585 	.db #0xff	; 255
      00021B 00                     586 	.db #0x00	; 0
      00021C FF                     587 	.db #0xff	; 255
      00021D 00                     588 	.db #0x00	; 0
      00021E FF                     589 	.db #0xff	; 255
      00021F 00                     590 	.db #0x00	; 0
      000220 00                     591 	.db #0x00	; 0
      000221 FF                     592 	.db #0xff	; 255
      000222 00                     593 	.db #0x00	; 0
      000223 FF                     594 	.db #0xff	; 255
      000224 01                     595 	.db #0x01	; 1
      000225 FE                     596 	.db #0xfe	; 254
      000226 03                     597 	.db #0x03	; 3
      000227 FC                     598 	.db #0xfc	; 252
      000228 03                     599 	.db #0x03	; 3
      000229 FC                     600 	.db #0xfc	; 252
      00022A 07                     601 	.db #0x07	; 7
      00022B F8                     602 	.db #0xf8	; 248
      00022C 07                     603 	.db #0x07	; 7
      00022D F8                     604 	.db #0xf8	; 248
      00022E 07                     605 	.db #0x07	; 7
      00022F F8                     606 	.db #0xf8	; 248
      000230 7F                     607 	.db #0x7f	; 127
      000231 80                     608 	.db #0x80	; 128
      000232 FF                     609 	.db #0xff	; 255
      000233 00                     610 	.db #0x00	; 0
      000234 FF                     611 	.db #0xff	; 255
      000235 00                     612 	.db #0x00	; 0
      000236 FF                     613 	.db #0xff	; 255
      000237 00                     614 	.db #0x00	; 0
      000238 FF                     615 	.db #0xff	; 255
      000239 00                     616 	.db #0x00	; 0
      00023A FF                     617 	.db #0xff	; 255
      00023B 00                     618 	.db #0x00	; 0
      00023C FF                     619 	.db #0xff	; 255
      00023D 00                     620 	.db #0x00	; 0
      00023E FF                     621 	.db #0xff	; 255
      00023F 00                     622 	.db #0x00	; 0
      000240 FF                     623 	.db #0xff	; 255
      000241 00                     624 	.db #0x00	; 0
      000242 FF                     625 	.db #0xff	; 255
      000243 00                     626 	.db #0x00	; 0
      000244 FF                     627 	.db #0xff	; 255
      000245 00                     628 	.db #0x00	; 0
      000246 FF                     629 	.db #0xff	; 255
      000247 00                     630 	.db #0x00	; 0
      000248 FF                     631 	.db #0xff	; 255
      000249 00                     632 	.db #0x00	; 0
      00024A 3F                     633 	.db #0x3f	; 63
      00024B C0                     634 	.db #0xc0	; 192
      00024C 0F                     635 	.db #0x0f	; 15
      00024D F0                     636 	.db #0xf0	; 240
      00024E 07                     637 	.db #0x07	; 7
      00024F F8                     638 	.db #0xf8	; 248
      000250 FF                     639 	.db #0xff	; 255
      000251 00                     640 	.db #0x00	; 0
      000252 FE                     641 	.db #0xfe	; 254
      000253 01                     642 	.db #0x01	; 1
      000254 F0                     643 	.db #0xf0	; 240
      000255 0F                     644 	.db #0x0f	; 15
      000256 00                     645 	.db #0x00	; 0
      000257 FF                     646 	.db #0xff	; 255
      000258 00                     647 	.db #0x00	; 0
      000259 FF                     648 	.db #0xff	; 255
      00025A 00                     649 	.db #0x00	; 0
      00025B FF                     650 	.db #0xff	; 255
      00025C 00                     651 	.db #0x00	; 0
      00025D FF                     652 	.db #0xff	; 255
      00025E 00                     653 	.db #0x00	; 0
      00025F FF                     654 	.db #0xff	; 255
      000260 F0                     655 	.db #0xf0	; 240
      000261 0F                     656 	.db #0x0f	; 15
      000262 C0                     657 	.db #0xc0	; 192
      000263 3F                     658 	.db #0x3f	; 63
      000264 00                     659 	.db #0x00	; 0
      000265 FF                     660 	.db #0xff	; 255
      000266 00                     661 	.db #0x00	; 0
      000267 FF                     662 	.db #0xff	; 255
      000268 00                     663 	.db #0x00	; 0
      000269 FF                     664 	.db #0xff	; 255
      00026A 00                     665 	.db #0x00	; 0
      00026B FF                     666 	.db #0xff	; 255
      00026C 00                     667 	.db #0x00	; 0
      00026D FF                     668 	.db #0xff	; 255
      00026E 00                     669 	.db #0x00	; 0
      00026F FF                     670 	.db #0xff	; 255
      000270 7F                     671 	.db #0x7f	; 127
      000271 80                     672 	.db #0x80	; 128
      000272 03                     673 	.db #0x03	; 3
      000273 FC                     674 	.db #0xfc	; 252
      000274 00                     675 	.db #0x00	; 0
      000275 FF                     676 	.db #0xff	; 255
      000276 00                     677 	.db #0x00	; 0
      000277 FF                     678 	.db #0xff	; 255
      000278 00                     679 	.db #0x00	; 0
      000279 FF                     680 	.db #0xff	; 255
      00027A 00                     681 	.db #0x00	; 0
      00027B FF                     682 	.db #0xff	; 255
      00027C 00                     683 	.db #0x00	; 0
      00027D FF                     684 	.db #0xff	; 255
      00027E 00                     685 	.db #0x00	; 0
      00027F FF                     686 	.db #0xff	; 255
      000280 FF                     687 	.db #0xff	; 255
      000281 00                     688 	.db #0x00	; 0
      000282 F8                     689 	.db #0xf8	; 248
      000283 07                     690 	.db #0x07	; 7
      000284 00                     691 	.db #0x00	; 0
      000285 FF                     692 	.db #0xff	; 255
      000286 00                     693 	.db #0x00	; 0
      000287 FF                     694 	.db #0xff	; 255
      000288 00                     695 	.db #0x00	; 0
      000289 FF                     696 	.db #0xff	; 255
      00028A 00                     697 	.db #0x00	; 0
      00028B FF                     698 	.db #0xff	; 255
      00028C 00                     699 	.db #0x00	; 0
      00028D FF                     700 	.db #0xff	; 255
      00028E 00                     701 	.db #0x00	; 0
      00028F FF                     702 	.db #0xff	; 255
      000290 C0                     703 	.db #0xc0	; 192
      000291 3F                     704 	.db #0x3f	; 63
      000292 00                     705 	.db #0x00	; 0
      000293 FF                     706 	.db #0xff	; 255
      000294 00                     707 	.db #0x00	; 0
      000295 FF                     708 	.db #0xff	; 255
      000296 00                     709 	.db #0x00	; 0
      000297 FF                     710 	.db #0xff	; 255
      000298 00                     711 	.db #0x00	; 0
      000299 FF                     712 	.db #0xff	; 255
      00029A 00                     713 	.db #0x00	; 0
      00029B FF                     714 	.db #0xff	; 255
      00029C 00                     715 	.db #0x00	; 0
      00029D FF                     716 	.db #0xff	; 255
      00029E 00                     717 	.db #0x00	; 0
      00029F FF                     718 	.db #0xff	; 255
      0002A0 FF                     719 	.db #0xff	; 255
      0002A1 00                     720 	.db #0x00	; 0
      0002A2 3F                     721 	.db #0x3f	; 63
      0002A3 C0                     722 	.db #0xc0	; 192
      0002A4 07                     723 	.db #0x07	; 7
      0002A5 F8                     724 	.db #0xf8	; 248
      0002A6 00                     725 	.db #0x00	; 0
      0002A7 FF                     726 	.db #0xff	; 255
      0002A8 00                     727 	.db #0x00	; 0
      0002A9 FF                     728 	.db #0xff	; 255
      0002AA 00                     729 	.db #0x00	; 0
      0002AB FF                     730 	.db #0xff	; 255
      0002AC 00                     731 	.db #0x00	; 0
      0002AD FF                     732 	.db #0xff	; 255
      0002AE 00                     733 	.db #0x00	; 0
      0002AF FF                     734 	.db #0xff	; 255
      0002B0 FF                     735 	.db #0xff	; 255
      0002B1 00                     736 	.db #0x00	; 0
      0002B2 FF                     737 	.db #0xff	; 255
      0002B3 00                     738 	.db #0x00	; 0
      0002B4 FE                     739 	.db #0xfe	; 254
      0002B5 01                     740 	.db #0x01	; 1
      0002B6 80                     741 	.db #0x80	; 128
      0002B7 7F                     742 	.db #0x7f	; 127
      0002B8 00                     743 	.db #0x00	; 0
      0002B9 FF                     744 	.db #0xff	; 255
      0002BA 00                     745 	.db #0x00	; 0
      0002BB FF                     746 	.db #0xff	; 255
      0002BC 00                     747 	.db #0x00	; 0
      0002BD FF                     748 	.db #0xff	; 255
      0002BE 00                     749 	.db #0x00	; 0
      0002BF FF                     750 	.db #0xff	; 255
      0002C0 00                     751 	.db #0x00	; 0
      0002C1 FF                     752 	.db #0xff	; 255
      0002C2 00                     753 	.db #0x00	; 0
      0002C3 FF                     754 	.db #0xff	; 255
      0002C4 00                     755 	.db #0x00	; 0
      0002C5 FF                     756 	.db #0xff	; 255
      0002C6 01                     757 	.db #0x01	; 1
      0002C7 FE                     758 	.db #0xfe	; 254
      0002C8 1F                     759 	.db #0x1f	; 31
      0002C9 E0                     760 	.db #0xe0	; 224
      0002CA 3F                     761 	.db #0x3f	; 63
      0002CB C0                     762 	.db #0xc0	; 192
      0002CC FF                     763 	.db #0xff	; 255
      0002CD 00                     764 	.db #0x00	; 0
      0002CE FF                     765 	.db #0xff	; 255
      0002CF 00                     766 	.db #0x00	; 0
      0002D0 00                     767 	.db #0x00	; 0
      0002D1 FF                     768 	.db #0xff	; 255
      0002D2 00                     769 	.db #0x00	; 0
      0002D3 FF                     770 	.db #0xff	; 255
      0002D4 00                     771 	.db #0x00	; 0
      0002D5 FF                     772 	.db #0xff	; 255
      0002D6 00                     773 	.db #0x00	; 0
      0002D7 FF                     774 	.db #0xff	; 255
      0002D8 F0                     775 	.db #0xf0	; 240
      0002D9 0F                     776 	.db #0x0f	; 15
      0002DA FC                     777 	.db #0xfc	; 252
      0002DB 03                     778 	.db #0x03	; 3
      0002DC FF                     779 	.db #0xff	; 255
      0002DD 00                     780 	.db #0x00	; 0
      0002DE FF                     781 	.db #0xff	; 255
      0002DF 00                     782 	.db #0x00	; 0
      0002E0 E0                     783 	.db #0xe0	; 224
      0002E1 1F                     784 	.db #0x1f	; 31
      0002E2 F8                     785 	.db #0xf8	; 248
      0002E3 07                     786 	.db #0x07	; 7
      0002E4 F8                     787 	.db #0xf8	; 248
      0002E5 07                     788 	.db #0x07	; 7
      0002E6 FC                     789 	.db #0xfc	; 252
      0002E7 03                     790 	.db #0x03	; 3
      0002E8 FC                     791 	.db #0xfc	; 252
      0002E9 03                     792 	.db #0x03	; 3
      0002EA FC                     793 	.db #0xfc	; 252
      0002EB 03                     794 	.db #0x03	; 3
      0002EC FF                     795 	.db #0xff	; 255
      0002ED 00                     796 	.db #0x00	; 0
      0002EE FF                     797 	.db #0xff	; 255
      0002EF 00                     798 	.db #0x00	; 0
      0002F0 FF                     799 	.db #0xff	; 255
      0002F1 00                     800 	.db #0x00	; 0
      0002F2 FE                     801 	.db #0xfe	; 254
      0002F3 01                     802 	.db #0x01	; 1
      0002F4 FE                     803 	.db #0xfe	; 254
      0002F5 01                     804 	.db #0x01	; 1
      0002F6 FC                     805 	.db #0xfc	; 252
      0002F7 03                     806 	.db #0x03	; 3
      0002F8 F8                     807 	.db #0xf8	; 248
      0002F9 07                     808 	.db #0x07	; 7
      0002FA F8                     809 	.db #0xf8	; 248
      0002FB 07                     810 	.db #0x07	; 7
      0002FC F0                     811 	.db #0xf0	; 240
      0002FD 0F                     812 	.db #0x0f	; 15
      0002FE E0                     813 	.db #0xe0	; 224
      0002FF 1F                     814 	.db #0x1f	; 31
      000300 03                     815 	.db #0x03	; 3
      000301 FC                     816 	.db #0xfc	; 252
      000302 03                     817 	.db #0x03	; 3
      000303 FC                     818 	.db #0xfc	; 252
      000304 03                     819 	.db #0x03	; 3
      000305 FC                     820 	.db #0xfc	; 252
      000306 00                     821 	.db #0x00	; 0
      000307 FF                     822 	.db #0xff	; 255
      000308 00                     823 	.db #0x00	; 0
      000309 FF                     824 	.db #0xff	; 255
      00030A 00                     825 	.db #0x00	; 0
      00030B FF                     826 	.db #0xff	; 255
      00030C 00                     827 	.db #0x00	; 0
      00030D FF                     828 	.db #0xff	; 255
      00030E 00                     829 	.db #0x00	; 0
      00030F FF                     830 	.db #0xff	; 255
      000310 FF                     831 	.db #0xff	; 255
      000311 00                     832 	.db #0x00	; 0
      000312 FF                     833 	.db #0xff	; 255
      000313 00                     834 	.db #0x00	; 0
      000314 FF                     835 	.db #0xff	; 255
      000315 00                     836 	.db #0x00	; 0
      000316 FF                     837 	.db #0xff	; 255
      000317 00                     838 	.db #0x00	; 0
      000318 FF                     839 	.db #0xff	; 255
      000319 00                     840 	.db #0x00	; 0
      00031A FE                     841 	.db #0xfe	; 254
      00031B 01                     842 	.db #0x01	; 1
      00031C FE                     843 	.db #0xfe	; 254
      00031D 01                     844 	.db #0x01	; 1
      00031E FC                     845 	.db #0xfc	; 252
      00031F 03                     846 	.db #0x03	; 3
      000320 FF                     847 	.db #0xff	; 255
      000321 00                     848 	.db #0x00	; 0
      000322 FF                     849 	.db #0xff	; 255
      000323 00                     850 	.db #0x00	; 0
      000324 FF                     851 	.db #0xff	; 255
      000325 00                     852 	.db #0x00	; 0
      000326 FC                     853 	.db #0xfc	; 252
      000327 03                     854 	.db #0x03	; 3
      000328 80                     855 	.db #0x80	; 128
      000329 7F                     856 	.db #0x7f	; 127
      00032A 00                     857 	.db #0x00	; 0
      00032B FF                     858 	.db #0xff	; 255
      00032C 00                     859 	.db #0x00	; 0
      00032D FF                     860 	.db #0xff	; 255
      00032E 00                     861 	.db #0x00	; 0
      00032F FF                     862 	.db #0xff	; 255
      000330 80                     863 	.db #0x80	; 128
      000331 7F                     864 	.db #0x7f	; 127
      000332 00                     865 	.db #0x00	; 0
      000333 FF                     866 	.db #0xff	; 255
      000334 00                     867 	.db #0x00	; 0
      000335 FF                     868 	.db #0xff	; 255
      000336 00                     869 	.db #0x00	; 0
      000337 FF                     870 	.db #0xff	; 255
      000338 00                     871 	.db #0x00	; 0
      000339 FF                     872 	.db #0xff	; 255
      00033A 00                     873 	.db #0x00	; 0
      00033B FF                     874 	.db #0xff	; 255
      00033C 00                     875 	.db #0x00	; 0
      00033D FF                     876 	.db #0xff	; 255
      00033E 00                     877 	.db #0x00	; 0
      00033F FF                     878 	.db #0xff	; 255
      000340 FF                     879 	.db #0xff	; 255
      000341 00                     880 	.db #0x00	; 0
      000342 FF                     881 	.db #0xff	; 255
      000343 00                     882 	.db #0x00	; 0
      000344 FF                     883 	.db #0xff	; 255
      000345 00                     884 	.db #0x00	; 0
      000346 3F                     885 	.db #0x3f	; 63
      000347 C0                     886 	.db #0xc0	; 192
      000348 00                     887 	.db #0x00	; 0
      000349 FF                     888 	.db #0xff	; 255
      00034A 00                     889 	.db #0x00	; 0
      00034B FF                     890 	.db #0xff	; 255
      00034C 00                     891 	.db #0x00	; 0
      00034D FF                     892 	.db #0xff	; 255
      00034E 00                     893 	.db #0x00	; 0
      00034F FF                     894 	.db #0xff	; 255
                           000350   895 G$BackGroundSprite_tilemap$0_0$0 == .
      000350                        896 _BackGroundSprite_tilemap:
      000350 02                     897 	.db #0x02	; 2
      000351 02                     898 	.db #0x02	; 2
      000352 02                     899 	.db #0x02	; 2
      000353 02                     900 	.db #0x02	; 2
      000354 02                     901 	.db #0x02	; 2
      000355 02                     902 	.db #0x02	; 2
      000356 02                     903 	.db #0x02	; 2
      000357 02                     904 	.db #0x02	; 2
      000358 02                     905 	.db #0x02	; 2
      000359 02                     906 	.db #0x02	; 2
      00035A 02                     907 	.db #0x02	; 2
      00035B 02                     908 	.db #0x02	; 2
      00035C 02                     909 	.db #0x02	; 2
      00035D 02                     910 	.db #0x02	; 2
      00035E 02                     911 	.db #0x02	; 2
      00035F 02                     912 	.db #0x02	; 2
      000360 02                     913 	.db #0x02	; 2
      000361 02                     914 	.db #0x02	; 2
      000362 02                     915 	.db #0x02	; 2
      000363 02                     916 	.db #0x02	; 2
      000364 02                     917 	.db #0x02	; 2
      000365 02                     918 	.db #0x02	; 2
      000366 02                     919 	.db #0x02	; 2
      000367 02                     920 	.db #0x02	; 2
      000368 02                     921 	.db #0x02	; 2
      000369 02                     922 	.db #0x02	; 2
      00036A 02                     923 	.db #0x02	; 2
      00036B 02                     924 	.db #0x02	; 2
      00036C 02                     925 	.db #0x02	; 2
      00036D 02                     926 	.db #0x02	; 2
      00036E 02                     927 	.db #0x02	; 2
      00036F 02                     928 	.db #0x02	; 2
      000370 02                     929 	.db #0x02	; 2
      000371 02                     930 	.db #0x02	; 2
      000372 02                     931 	.db #0x02	; 2
      000373 02                     932 	.db #0x02	; 2
      000374 02                     933 	.db #0x02	; 2
      000375 02                     934 	.db #0x02	; 2
      000376 02                     935 	.db #0x02	; 2
      000377 02                     936 	.db #0x02	; 2
      000378 02                     937 	.db #0x02	; 2
      000379 02                     938 	.db #0x02	; 2
      00037A 02                     939 	.db #0x02	; 2
      00037B 02                     940 	.db #0x02	; 2
      00037C 02                     941 	.db #0x02	; 2
      00037D 02                     942 	.db #0x02	; 2
      00037E 02                     943 	.db #0x02	; 2
      00037F 02                     944 	.db #0x02	; 2
      000380 02                     945 	.db #0x02	; 2
      000381 02                     946 	.db #0x02	; 2
      000382 02                     947 	.db #0x02	; 2
      000383 02                     948 	.db #0x02	; 2
      000384 02                     949 	.db #0x02	; 2
      000385 02                     950 	.db #0x02	; 2
      000386 02                     951 	.db #0x02	; 2
      000387 02                     952 	.db #0x02	; 2
      000388 02                     953 	.db #0x02	; 2
      000389 02                     954 	.db #0x02	; 2
      00038A 02                     955 	.db #0x02	; 2
      00038B 02                     956 	.db #0x02	; 2
      00038C 02                     957 	.db #0x02	; 2
      00038D 02                     958 	.db #0x02	; 2
      00038E 02                     959 	.db #0x02	; 2
      00038F 02                     960 	.db #0x02	; 2
      000390 02                     961 	.db #0x02	; 2
      000391 02                     962 	.db #0x02	; 2
      000392 02                     963 	.db #0x02	; 2
      000393 02                     964 	.db #0x02	; 2
      000394 02                     965 	.db #0x02	; 2
      000395 02                     966 	.db #0x02	; 2
      000396 02                     967 	.db #0x02	; 2
      000397 02                     968 	.db #0x02	; 2
      000398 02                     969 	.db #0x02	; 2
      000399 02                     970 	.db #0x02	; 2
      00039A 02                     971 	.db #0x02	; 2
      00039B 02                     972 	.db #0x02	; 2
      00039C 02                     973 	.db #0x02	; 2
      00039D 02                     974 	.db #0x02	; 2
      00039E 02                     975 	.db #0x02	; 2
      00039F 02                     976 	.db #0x02	; 2
      0003A0 02                     977 	.db #0x02	; 2
      0003A1 02                     978 	.db #0x02	; 2
      0003A2 02                     979 	.db #0x02	; 2
      0003A3 02                     980 	.db #0x02	; 2
      0003A4 02                     981 	.db #0x02	; 2
      0003A5 02                     982 	.db #0x02	; 2
      0003A6 02                     983 	.db #0x02	; 2
      0003A7 02                     984 	.db #0x02	; 2
      0003A8 02                     985 	.db #0x02	; 2
      0003A9 02                     986 	.db #0x02	; 2
      0003AA 02                     987 	.db #0x02	; 2
      0003AB 02                     988 	.db #0x02	; 2
      0003AC 02                     989 	.db #0x02	; 2
      0003AD 02                     990 	.db #0x02	; 2
      0003AE 02                     991 	.db #0x02	; 2
      0003AF 02                     992 	.db #0x02	; 2
      0003B0 02                     993 	.db #0x02	; 2
      0003B1 02                     994 	.db #0x02	; 2
      0003B2 02                     995 	.db #0x02	; 2
      0003B3 02                     996 	.db #0x02	; 2
      0003B4 02                     997 	.db #0x02	; 2
      0003B5 02                     998 	.db #0x02	; 2
      0003B6 02                     999 	.db #0x02	; 2
      0003B7 02                    1000 	.db #0x02	; 2
      0003B8 02                    1001 	.db #0x02	; 2
      0003B9 02                    1002 	.db #0x02	; 2
      0003BA 02                    1003 	.db #0x02	; 2
      0003BB 02                    1004 	.db #0x02	; 2
      0003BC 02                    1005 	.db #0x02	; 2
      0003BD 02                    1006 	.db #0x02	; 2
      0003BE 02                    1007 	.db #0x02	; 2
      0003BF 02                    1008 	.db #0x02	; 2
      0003C0 02                    1009 	.db #0x02	; 2
      0003C1 02                    1010 	.db #0x02	; 2
      0003C2 02                    1011 	.db #0x02	; 2
      0003C3 02                    1012 	.db #0x02	; 2
      0003C4 02                    1013 	.db #0x02	; 2
      0003C5 02                    1014 	.db #0x02	; 2
      0003C6 02                    1015 	.db #0x02	; 2
      0003C7 02                    1016 	.db #0x02	; 2
      0003C8 02                    1017 	.db #0x02	; 2
      0003C9 02                    1018 	.db #0x02	; 2
      0003CA 02                    1019 	.db #0x02	; 2
      0003CB 02                    1020 	.db #0x02	; 2
      0003CC 02                    1021 	.db #0x02	; 2
      0003CD 02                    1022 	.db #0x02	; 2
      0003CE 02                    1023 	.db #0x02	; 2
      0003CF 02                    1024 	.db #0x02	; 2
      0003D0 02                    1025 	.db #0x02	; 2
      0003D1 02                    1026 	.db #0x02	; 2
      0003D2 02                    1027 	.db #0x02	; 2
      0003D3 02                    1028 	.db #0x02	; 2
      0003D4 0C                    1029 	.db #0x0c	; 12
      0003D5 2C                    1030 	.db #0x2c	; 44
      0003D6 1A                    1031 	.db #0x1a	; 26
      0003D7 1B                    1032 	.db #0x1b	; 27
      0003D8 2D                    1033 	.db #0x2d	; 45
      0003D9 1C                    1034 	.db #0x1c	; 28
      0003DA 1D                    1035 	.db #0x1d	; 29
      0003DB 1E                    1036 	.db #0x1e	; 30
      0003DC 02                    1037 	.db #0x02	; 2
      0003DD 02                    1038 	.db #0x02	; 2
      0003DE 02                    1039 	.db #0x02	; 2
      0003DF 02                    1040 	.db #0x02	; 2
      0003E0 02                    1041 	.db #0x02	; 2
      0003E1 02                    1042 	.db #0x02	; 2
      0003E2 02                    1043 	.db #0x02	; 2
      0003E3 02                    1044 	.db #0x02	; 2
      0003E4 02                    1045 	.db #0x02	; 2
      0003E5 02                    1046 	.db #0x02	; 2
      0003E6 02                    1047 	.db #0x02	; 2
      0003E7 02                    1048 	.db #0x02	; 2
      0003E8 02                    1049 	.db #0x02	; 2
      0003E9 02                    1050 	.db #0x02	; 2
      0003EA 02                    1051 	.db #0x02	; 2
      0003EB 02                    1052 	.db #0x02	; 2
      0003EC 02                    1053 	.db #0x02	; 2
      0003ED 02                    1054 	.db #0x02	; 2
      0003EE 02                    1055 	.db #0x02	; 2
      0003EF 02                    1056 	.db #0x02	; 2
      0003F0 02                    1057 	.db #0x02	; 2
      0003F1 02                    1058 	.db #0x02	; 2
      0003F2 02                    1059 	.db #0x02	; 2
      0003F3 02                    1060 	.db #0x02	; 2
      0003F4 02                    1061 	.db #0x02	; 2
      0003F5 02                    1062 	.db #0x02	; 2
      0003F6 02                    1063 	.db #0x02	; 2
      0003F7 02                    1064 	.db #0x02	; 2
      0003F8 02                    1065 	.db #0x02	; 2
      0003F9 19                    1066 	.db #0x19	; 25
      0003FA 1F                    1067 	.db #0x1f	; 31
      0003FB 20                    1068 	.db #0x20	; 32
      0003FC 21                    1069 	.db #0x21	; 33
      0003FD 01                    1070 	.db #0x01	; 1
      0003FE 01                    1071 	.db #0x01	; 1
      0003FF 01                    1072 	.db #0x01	; 1
      000400 01                    1073 	.db #0x01	; 1
      000401 01                    1074 	.db #0x01	; 1
      000402 01                    1075 	.db #0x01	; 1
      000403 2E                    1076 	.db #0x2e	; 46
      000404 02                    1077 	.db #0x02	; 2
      000405 02                    1078 	.db #0x02	; 2
      000406 02                    1079 	.db #0x02	; 2
      000407 02                    1080 	.db #0x02	; 2
      000408 02                    1081 	.db #0x02	; 2
      000409 02                    1082 	.db #0x02	; 2
      00040A 02                    1083 	.db #0x02	; 2
      00040B 02                    1084 	.db #0x02	; 2
      00040C 02                    1085 	.db #0x02	; 2
      00040D 02                    1086 	.db #0x02	; 2
      00040E 02                    1087 	.db #0x02	; 2
      00040F 02                    1088 	.db #0x02	; 2
      000410 02                    1089 	.db #0x02	; 2
      000411 02                    1090 	.db #0x02	; 2
      000412 02                    1091 	.db #0x02	; 2
      000413 02                    1092 	.db #0x02	; 2
      000414 02                    1093 	.db #0x02	; 2
      000415 02                    1094 	.db #0x02	; 2
      000416 02                    1095 	.db #0x02	; 2
      000417 02                    1096 	.db #0x02	; 2
      000418 02                    1097 	.db #0x02	; 2
      000419 02                    1098 	.db #0x02	; 2
      00041A 02                    1099 	.db #0x02	; 2
      00041B 02                    1100 	.db #0x02	; 2
      00041C 02                    1101 	.db #0x02	; 2
      00041D 02                    1102 	.db #0x02	; 2
      00041E 02                    1103 	.db #0x02	; 2
      00041F 02                    1104 	.db #0x02	; 2
      000420 22                    1105 	.db #0x22	; 34
      000421 23                    1106 	.db #0x23	; 35
      000422 01                    1107 	.db #0x01	; 1
      000423 01                    1108 	.db #0x01	; 1
      000424 01                    1109 	.db #0x01	; 1
      000425 01                    1110 	.db #0x01	; 1
      000426 01                    1111 	.db #0x01	; 1
      000427 01                    1112 	.db #0x01	; 1
      000428 01                    1113 	.db #0x01	; 1
      000429 01                    1114 	.db #0x01	; 1
      00042A 01                    1115 	.db #0x01	; 1
      00042B 2F                    1116 	.db #0x2f	; 47
      00042C 02                    1117 	.db #0x02	; 2
      00042D 02                    1118 	.db #0x02	; 2
      00042E 02                    1119 	.db #0x02	; 2
      00042F 02                    1120 	.db #0x02	; 2
      000430 02                    1121 	.db #0x02	; 2
      000431 02                    1122 	.db #0x02	; 2
      000432 02                    1123 	.db #0x02	; 2
      000433 02                    1124 	.db #0x02	; 2
      000434 02                    1125 	.db #0x02	; 2
      000435 02                    1126 	.db #0x02	; 2
      000436 02                    1127 	.db #0x02	; 2
      000437 02                    1128 	.db #0x02	; 2
      000438 02                    1129 	.db #0x02	; 2
      000439 02                    1130 	.db #0x02	; 2
      00043A 02                    1131 	.db #0x02	; 2
      00043B 02                    1132 	.db #0x02	; 2
      00043C 02                    1133 	.db #0x02	; 2
      00043D 02                    1134 	.db #0x02	; 2
      00043E 02                    1135 	.db #0x02	; 2
      00043F 02                    1136 	.db #0x02	; 2
      000440 02                    1137 	.db #0x02	; 2
      000441 02                    1138 	.db #0x02	; 2
      000442 02                    1139 	.db #0x02	; 2
      000443 02                    1140 	.db #0x02	; 2
      000444 02                    1141 	.db #0x02	; 2
      000445 02                    1142 	.db #0x02	; 2
      000446 02                    1143 	.db #0x02	; 2
      000447 02                    1144 	.db #0x02	; 2
      000448 30                    1145 	.db #0x30	; 48	'0'
      000449 24                    1146 	.db #0x24	; 36
      00044A 01                    1147 	.db #0x01	; 1
      00044B 01                    1148 	.db #0x01	; 1
      00044C 01                    1149 	.db #0x01	; 1
      00044D 01                    1150 	.db #0x01	; 1
      00044E 01                    1151 	.db #0x01	; 1
      00044F 01                    1152 	.db #0x01	; 1
      000450 31                    1153 	.db #0x31	; 49	'1'
      000451 32                    1154 	.db #0x32	; 50	'2'
      000452 25                    1155 	.db #0x25	; 37
      000453 33                    1156 	.db #0x33	; 51	'3'
      000454 02                    1157 	.db #0x02	; 2
      000455 02                    1158 	.db #0x02	; 2
      000456 02                    1159 	.db #0x02	; 2
      000457 02                    1160 	.db #0x02	; 2
      000458 02                    1161 	.db #0x02	; 2
      000459 02                    1162 	.db #0x02	; 2
      00045A 02                    1163 	.db #0x02	; 2
      00045B 02                    1164 	.db #0x02	; 2
      00045C 02                    1165 	.db #0x02	; 2
      00045D 02                    1166 	.db #0x02	; 2
      00045E 02                    1167 	.db #0x02	; 2
      00045F 02                    1168 	.db #0x02	; 2
      000460 02                    1169 	.db #0x02	; 2
      000461 02                    1170 	.db #0x02	; 2
      000462 02                    1171 	.db #0x02	; 2
      000463 02                    1172 	.db #0x02	; 2
      000464 02                    1173 	.db #0x02	; 2
      000465 02                    1174 	.db #0x02	; 2
      000466 02                    1175 	.db #0x02	; 2
      000467 02                    1176 	.db #0x02	; 2
      000468 02                    1177 	.db #0x02	; 2
      000469 02                    1178 	.db #0x02	; 2
      00046A 02                    1179 	.db #0x02	; 2
      00046B 02                    1180 	.db #0x02	; 2
      00046C 02                    1181 	.db #0x02	; 2
      00046D 02                    1182 	.db #0x02	; 2
      00046E 02                    1183 	.db #0x02	; 2
      00046F 02                    1184 	.db #0x02	; 2
      000470 02                    1185 	.db #0x02	; 2
      000471 02                    1186 	.db #0x02	; 2
      000472 27                    1187 	.db #0x27	; 39
      000473 28                    1188 	.db #0x28	; 40
      000474 29                    1189 	.db #0x29	; 41
      000475 2A                    1190 	.db #0x2a	; 42
      000476 34                    1191 	.db #0x34	; 52	'4'
      000477 2B                    1192 	.db #0x2b	; 43
      000478 26                    1193 	.db #0x26	; 38
      000479 02                    1194 	.db #0x02	; 2
      00047A 02                    1195 	.db #0x02	; 2
      00047B 02                    1196 	.db #0x02	; 2
      00047C 02                    1197 	.db #0x02	; 2
      00047D 02                    1198 	.db #0x02	; 2
      00047E 02                    1199 	.db #0x02	; 2
      00047F 02                    1200 	.db #0x02	; 2
      000480 02                    1201 	.db #0x02	; 2
      000481 02                    1202 	.db #0x02	; 2
      000482 02                    1203 	.db #0x02	; 2
      000483 02                    1204 	.db #0x02	; 2
      000484 02                    1205 	.db #0x02	; 2
      000485 02                    1206 	.db #0x02	; 2
      000486 02                    1207 	.db #0x02	; 2
      000487 02                    1208 	.db #0x02	; 2
      000488 02                    1209 	.db #0x02	; 2
      000489 02                    1210 	.db #0x02	; 2
      00048A 02                    1211 	.db #0x02	; 2
      00048B 02                    1212 	.db #0x02	; 2
      00048C 02                    1213 	.db #0x02	; 2
      00048D 02                    1214 	.db #0x02	; 2
      00048E 02                    1215 	.db #0x02	; 2
      00048F 02                    1216 	.db #0x02	; 2
      000490 02                    1217 	.db #0x02	; 2
      000491 02                    1218 	.db #0x02	; 2
      000492 02                    1219 	.db #0x02	; 2
      000493 02                    1220 	.db #0x02	; 2
      000494 02                    1221 	.db #0x02	; 2
      000495 02                    1222 	.db #0x02	; 2
      000496 02                    1223 	.db #0x02	; 2
      000497 02                    1224 	.db #0x02	; 2
      000498 02                    1225 	.db #0x02	; 2
      000499 02                    1226 	.db #0x02	; 2
      00049A 02                    1227 	.db #0x02	; 2
      00049B 02                    1228 	.db #0x02	; 2
      00049C 02                    1229 	.db #0x02	; 2
      00049D 02                    1230 	.db #0x02	; 2
      00049E 02                    1231 	.db #0x02	; 2
      00049F 02                    1232 	.db #0x02	; 2
      0004A0 02                    1233 	.db #0x02	; 2
      0004A1 02                    1234 	.db #0x02	; 2
      0004A2 02                    1235 	.db #0x02	; 2
      0004A3 02                    1236 	.db #0x02	; 2
      0004A4 02                    1237 	.db #0x02	; 2
      0004A5 02                    1238 	.db #0x02	; 2
      0004A6 02                    1239 	.db #0x02	; 2
      0004A7 02                    1240 	.db #0x02	; 2
      0004A8 02                    1241 	.db #0x02	; 2
      0004A9 02                    1242 	.db #0x02	; 2
      0004AA 02                    1243 	.db #0x02	; 2
      0004AB 02                    1244 	.db #0x02	; 2
      0004AC 02                    1245 	.db #0x02	; 2
      0004AD 02                    1246 	.db #0x02	; 2
      0004AE 02                    1247 	.db #0x02	; 2
      0004AF 02                    1248 	.db #0x02	; 2
      0004B0 02                    1249 	.db #0x02	; 2
      0004B1 02                    1250 	.db #0x02	; 2
      0004B2 02                    1251 	.db #0x02	; 2
      0004B3 02                    1252 	.db #0x02	; 2
      0004B4 02                    1253 	.db #0x02	; 2
      0004B5 02                    1254 	.db #0x02	; 2
      0004B6 02                    1255 	.db #0x02	; 2
      0004B7 02                    1256 	.db #0x02	; 2
      0004B8 02                    1257 	.db #0x02	; 2
      0004B9 02                    1258 	.db #0x02	; 2
      0004BA 02                    1259 	.db #0x02	; 2
      0004BB 02                    1260 	.db #0x02	; 2
      0004BC 02                    1261 	.db #0x02	; 2
      0004BD 02                    1262 	.db #0x02	; 2
      0004BE 02                    1263 	.db #0x02	; 2
      0004BF 02                    1264 	.db #0x02	; 2
      0004C0 02                    1265 	.db #0x02	; 2
      0004C1 02                    1266 	.db #0x02	; 2
      0004C2 02                    1267 	.db #0x02	; 2
      0004C3 02                    1268 	.db #0x02	; 2
      0004C4 02                    1269 	.db #0x02	; 2
      0004C5 02                    1270 	.db #0x02	; 2
      0004C6 02                    1271 	.db #0x02	; 2
      0004C7 02                    1272 	.db #0x02	; 2
      0004C8 02                    1273 	.db #0x02	; 2
      0004C9 02                    1274 	.db #0x02	; 2
      0004CA 02                    1275 	.db #0x02	; 2
      0004CB 02                    1276 	.db #0x02	; 2
      0004CC 02                    1277 	.db #0x02	; 2
      0004CD 02                    1278 	.db #0x02	; 2
      0004CE 02                    1279 	.db #0x02	; 2
      0004CF 02                    1280 	.db #0x02	; 2
      0004D0 02                    1281 	.db #0x02	; 2
      0004D1 02                    1282 	.db #0x02	; 2
      0004D2 02                    1283 	.db #0x02	; 2
      0004D3 02                    1284 	.db #0x02	; 2
      0004D4 02                    1285 	.db #0x02	; 2
      0004D5 02                    1286 	.db #0x02	; 2
      0004D6 06                    1287 	.db #0x06	; 6
      0004D7 07                    1288 	.db #0x07	; 7
      0004D8 08                    1289 	.db #0x08	; 8
      0004D9 09                    1290 	.db #0x09	; 9
      0004DA 0A                    1291 	.db #0x0a	; 10
      0004DB 0B                    1292 	.db #0x0b	; 11
      0004DC 02                    1293 	.db #0x02	; 2
      0004DD 02                    1294 	.db #0x02	; 2
      0004DE 02                    1295 	.db #0x02	; 2
      0004DF 02                    1296 	.db #0x02	; 2
      0004E0 02                    1297 	.db #0x02	; 2
      0004E1 02                    1298 	.db #0x02	; 2
      0004E2 02                    1299 	.db #0x02	; 2
      0004E3 02                    1300 	.db #0x02	; 2
      0004E4 02                    1301 	.db #0x02	; 2
      0004E5 02                    1302 	.db #0x02	; 2
      0004E6 02                    1303 	.db #0x02	; 2
      0004E7 02                    1304 	.db #0x02	; 2
      0004E8 02                    1305 	.db #0x02	; 2
      0004E9 02                    1306 	.db #0x02	; 2
      0004EA 02                    1307 	.db #0x02	; 2
      0004EB 02                    1308 	.db #0x02	; 2
      0004EC 02                    1309 	.db #0x02	; 2
      0004ED 02                    1310 	.db #0x02	; 2
      0004EE 02                    1311 	.db #0x02	; 2
      0004EF 02                    1312 	.db #0x02	; 2
      0004F0 02                    1313 	.db #0x02	; 2
      0004F1 02                    1314 	.db #0x02	; 2
      0004F2 02                    1315 	.db #0x02	; 2
      0004F3 02                    1316 	.db #0x02	; 2
      0004F4 02                    1317 	.db #0x02	; 2
      0004F5 02                    1318 	.db #0x02	; 2
      0004F6 02                    1319 	.db #0x02	; 2
      0004F7 02                    1320 	.db #0x02	; 2
      0004F8 02                    1321 	.db #0x02	; 2
      0004F9 02                    1322 	.db #0x02	; 2
      0004FA 02                    1323 	.db #0x02	; 2
      0004FB 0C                    1324 	.db #0x0c	; 12
      0004FC 0D                    1325 	.db #0x0d	; 13
      0004FD 03                    1326 	.db #0x03	; 3
      0004FE 0E                    1327 	.db #0x0e	; 14
      0004FF 01                    1328 	.db #0x01	; 1
      000500 01                    1329 	.db #0x01	; 1
      000501 01                    1330 	.db #0x01	; 1
      000502 01                    1331 	.db #0x01	; 1
      000503 0F                    1332 	.db #0x0f	; 15
      000504 02                    1333 	.db #0x02	; 2
      000505 02                    1334 	.db #0x02	; 2
      000506 02                    1335 	.db #0x02	; 2
      000507 02                    1336 	.db #0x02	; 2
      000508 02                    1337 	.db #0x02	; 2
      000509 02                    1338 	.db #0x02	; 2
      00050A 02                    1339 	.db #0x02	; 2
      00050B 02                    1340 	.db #0x02	; 2
      00050C 02                    1341 	.db #0x02	; 2
      00050D 02                    1342 	.db #0x02	; 2
      00050E 02                    1343 	.db #0x02	; 2
      00050F 02                    1344 	.db #0x02	; 2
      000510 02                    1345 	.db #0x02	; 2
      000511 02                    1346 	.db #0x02	; 2
      000512 02                    1347 	.db #0x02	; 2
      000513 02                    1348 	.db #0x02	; 2
      000514 02                    1349 	.db #0x02	; 2
      000515 02                    1350 	.db #0x02	; 2
      000516 02                    1351 	.db #0x02	; 2
      000517 02                    1352 	.db #0x02	; 2
      000518 02                    1353 	.db #0x02	; 2
      000519 02                    1354 	.db #0x02	; 2
      00051A 02                    1355 	.db #0x02	; 2
      00051B 02                    1356 	.db #0x02	; 2
      00051C 02                    1357 	.db #0x02	; 2
      00051D 02                    1358 	.db #0x02	; 2
      00051E 02                    1359 	.db #0x02	; 2
      00051F 02                    1360 	.db #0x02	; 2
      000520 02                    1361 	.db #0x02	; 2
      000521 02                    1362 	.db #0x02	; 2
      000522 02                    1363 	.db #0x02	; 2
      000523 10                    1364 	.db #0x10	; 16
      000524 01                    1365 	.db #0x01	; 1
      000525 01                    1366 	.db #0x01	; 1
      000526 01                    1367 	.db #0x01	; 1
      000527 01                    1368 	.db #0x01	; 1
      000528 01                    1369 	.db #0x01	; 1
      000529 01                    1370 	.db #0x01	; 1
      00052A 01                    1371 	.db #0x01	; 1
      00052B 11                    1372 	.db #0x11	; 17
      00052C 02                    1373 	.db #0x02	; 2
      00052D 02                    1374 	.db #0x02	; 2
      00052E 02                    1375 	.db #0x02	; 2
      00052F 02                    1376 	.db #0x02	; 2
      000530 02                    1377 	.db #0x02	; 2
      000531 02                    1378 	.db #0x02	; 2
      000532 02                    1379 	.db #0x02	; 2
      000533 02                    1380 	.db #0x02	; 2
      000534 02                    1381 	.db #0x02	; 2
      000535 02                    1382 	.db #0x02	; 2
      000536 02                    1383 	.db #0x02	; 2
      000537 02                    1384 	.db #0x02	; 2
      000538 02                    1385 	.db #0x02	; 2
      000539 02                    1386 	.db #0x02	; 2
      00053A 02                    1387 	.db #0x02	; 2
      00053B 02                    1388 	.db #0x02	; 2
      00053C 02                    1389 	.db #0x02	; 2
      00053D 02                    1390 	.db #0x02	; 2
      00053E 02                    1391 	.db #0x02	; 2
      00053F 02                    1392 	.db #0x02	; 2
      000540 02                    1393 	.db #0x02	; 2
      000541 02                    1394 	.db #0x02	; 2
      000542 02                    1395 	.db #0x02	; 2
      000543 02                    1396 	.db #0x02	; 2
      000544 02                    1397 	.db #0x02	; 2
      000545 02                    1398 	.db #0x02	; 2
      000546 02                    1399 	.db #0x02	; 2
      000547 02                    1400 	.db #0x02	; 2
      000548 02                    1401 	.db #0x02	; 2
      000549 02                    1402 	.db #0x02	; 2
      00054A 02                    1403 	.db #0x02	; 2
      00054B 12                    1404 	.db #0x12	; 18
      00054C 13                    1405 	.db #0x13	; 19
      00054D 01                    1406 	.db #0x01	; 1
      00054E 14                    1407 	.db #0x14	; 20
      00054F 01                    1408 	.db #0x01	; 1
      000550 01                    1409 	.db #0x01	; 1
      000551 15                    1410 	.db #0x15	; 21
      000552 04                    1411 	.db #0x04	; 4
      000553 02                    1412 	.db #0x02	; 2
      000554 02                    1413 	.db #0x02	; 2
      000555 02                    1414 	.db #0x02	; 2
      000556 02                    1415 	.db #0x02	; 2
      000557 02                    1416 	.db #0x02	; 2
      000558 02                    1417 	.db #0x02	; 2
      000559 02                    1418 	.db #0x02	; 2
      00055A 02                    1419 	.db #0x02	; 2
      00055B 02                    1420 	.db #0x02	; 2
      00055C 02                    1421 	.db #0x02	; 2
      00055D 02                    1422 	.db #0x02	; 2
      00055E 02                    1423 	.db #0x02	; 2
      00055F 02                    1424 	.db #0x02	; 2
      000560 02                    1425 	.db #0x02	; 2
      000561 02                    1426 	.db #0x02	; 2
      000562 02                    1427 	.db #0x02	; 2
      000563 02                    1428 	.db #0x02	; 2
      000564 02                    1429 	.db #0x02	; 2
      000565 02                    1430 	.db #0x02	; 2
      000566 02                    1431 	.db #0x02	; 2
      000567 02                    1432 	.db #0x02	; 2
      000568 02                    1433 	.db #0x02	; 2
      000569 02                    1434 	.db #0x02	; 2
      00056A 02                    1435 	.db #0x02	; 2
      00056B 02                    1436 	.db #0x02	; 2
      00056C 02                    1437 	.db #0x02	; 2
      00056D 02                    1438 	.db #0x02	; 2
      00056E 02                    1439 	.db #0x02	; 2
      00056F 02                    1440 	.db #0x02	; 2
      000570 02                    1441 	.db #0x02	; 2
      000571 02                    1442 	.db #0x02	; 2
      000572 02                    1443 	.db #0x02	; 2
      000573 02                    1444 	.db #0x02	; 2
      000574 02                    1445 	.db #0x02	; 2
      000575 16                    1446 	.db #0x16	; 22
      000576 17                    1447 	.db #0x17	; 23
      000577 05                    1448 	.db #0x05	; 5
      000578 18                    1449 	.db #0x18	; 24
      000579 02                    1450 	.db #0x02	; 2
      00057A 02                    1451 	.db #0x02	; 2
      00057B 02                    1452 	.db #0x02	; 2
      00057C 02                    1453 	.db #0x02	; 2
      00057D 02                    1454 	.db #0x02	; 2
      00057E 02                    1455 	.db #0x02	; 2
      00057F 02                    1456 	.db #0x02	; 2
      000580 02                    1457 	.db #0x02	; 2
      000581 02                    1458 	.db #0x02	; 2
      000582 02                    1459 	.db #0x02	; 2
      000583 02                    1460 	.db #0x02	; 2
      000584 02                    1461 	.db #0x02	; 2
      000585 02                    1462 	.db #0x02	; 2
      000586 02                    1463 	.db #0x02	; 2
      000587 02                    1464 	.db #0x02	; 2
      000588 02                    1465 	.db #0x02	; 2
      000589 02                    1466 	.db #0x02	; 2
      00058A 02                    1467 	.db #0x02	; 2
      00058B 02                    1468 	.db #0x02	; 2
      00058C 02                    1469 	.db #0x02	; 2
      00058D 02                    1470 	.db #0x02	; 2
      00058E 02                    1471 	.db #0x02	; 2
      00058F 02                    1472 	.db #0x02	; 2
      000590 02                    1473 	.db #0x02	; 2
      000591 02                    1474 	.db #0x02	; 2
      000592 02                    1475 	.db #0x02	; 2
      000593 02                    1476 	.db #0x02	; 2
      000594 02                    1477 	.db #0x02	; 2
      000595 02                    1478 	.db #0x02	; 2
      000596 02                    1479 	.db #0x02	; 2
      000597 02                    1480 	.db #0x02	; 2
      000598 02                    1481 	.db #0x02	; 2
      000599 02                    1482 	.db #0x02	; 2
      00059A 02                    1483 	.db #0x02	; 2
      00059B 02                    1484 	.db #0x02	; 2
      00059C 02                    1485 	.db #0x02	; 2
      00059D 02                    1486 	.db #0x02	; 2
      00059E 02                    1487 	.db #0x02	; 2
      00059F 02                    1488 	.db #0x02	; 2
      0005A0 02                    1489 	.db #0x02	; 2
      0005A1 02                    1490 	.db #0x02	; 2
      0005A2 02                    1491 	.db #0x02	; 2
      0005A3 02                    1492 	.db #0x02	; 2
      0005A4 02                    1493 	.db #0x02	; 2
      0005A5 02                    1494 	.db #0x02	; 2
      0005A6 02                    1495 	.db #0x02	; 2
      0005A7 02                    1496 	.db #0x02	; 2
      0005A8 02                    1497 	.db #0x02	; 2
      0005A9 02                    1498 	.db #0x02	; 2
      0005AA 02                    1499 	.db #0x02	; 2
      0005AB 02                    1500 	.db #0x02	; 2
      0005AC 02                    1501 	.db #0x02	; 2
      0005AD 02                    1502 	.db #0x02	; 2
      0005AE 02                    1503 	.db #0x02	; 2
      0005AF 02                    1504 	.db #0x02	; 2
      0005B0 02                    1505 	.db #0x02	; 2
      0005B1 02                    1506 	.db #0x02	; 2
      0005B2 02                    1507 	.db #0x02	; 2
      0005B3 02                    1508 	.db #0x02	; 2
      0005B4 02                    1509 	.db #0x02	; 2
      0005B5 02                    1510 	.db #0x02	; 2
      0005B6 02                    1511 	.db #0x02	; 2
      0005B7 02                    1512 	.db #0x02	; 2
      0005B8 02                    1513 	.db #0x02	; 2
      0005B9 02                    1514 	.db #0x02	; 2
      0005BA 02                    1515 	.db #0x02	; 2
      0005BB 02                    1516 	.db #0x02	; 2
      0005BC 02                    1517 	.db #0x02	; 2
      0005BD 02                    1518 	.db #0x02	; 2
      0005BE 02                    1519 	.db #0x02	; 2
      0005BF 02                    1520 	.db #0x02	; 2
      0005C0 02                    1521 	.db #0x02	; 2
      0005C1 02                    1522 	.db #0x02	; 2
      0005C2 02                    1523 	.db #0x02	; 2
      0005C3 02                    1524 	.db #0x02	; 2
      0005C4 02                    1525 	.db #0x02	; 2
      0005C5 02                    1526 	.db #0x02	; 2
      0005C6 02                    1527 	.db #0x02	; 2
      0005C7 02                    1528 	.db #0x02	; 2
      0005C8 02                    1529 	.db #0x02	; 2
      0005C9 02                    1530 	.db #0x02	; 2
      0005CA 02                    1531 	.db #0x02	; 2
      0005CB 02                    1532 	.db #0x02	; 2
      0005CC 02                    1533 	.db #0x02	; 2
      0005CD 02                    1534 	.db #0x02	; 2
      0005CE 02                    1535 	.db #0x02	; 2
      0005CF 02                    1536 	.db #0x02	; 2
      0005D0 02                    1537 	.db #0x02	; 2
      0005D1 02                    1538 	.db #0x02	; 2
      0005D2 02                    1539 	.db #0x02	; 2
      0005D3 02                    1540 	.db #0x02	; 2
      0005D4 02                    1541 	.db #0x02	; 2
      0005D5 02                    1542 	.db #0x02	; 2
      0005D6 02                    1543 	.db #0x02	; 2
      0005D7 02                    1544 	.db #0x02	; 2
      0005D8 02                    1545 	.db #0x02	; 2
      0005D9 02                    1546 	.db #0x02	; 2
      0005DA 02                    1547 	.db #0x02	; 2
      0005DB 02                    1548 	.db #0x02	; 2
      0005DC 02                    1549 	.db #0x02	; 2
      0005DD 02                    1550 	.db #0x02	; 2
      0005DE 02                    1551 	.db #0x02	; 2
      0005DF 02                    1552 	.db #0x02	; 2
      0005E0 02                    1553 	.db #0x02	; 2
      0005E1 02                    1554 	.db #0x02	; 2
      0005E2 02                    1555 	.db #0x02	; 2
      0005E3 02                    1556 	.db #0x02	; 2
      0005E4 02                    1557 	.db #0x02	; 2
      0005E5 02                    1558 	.db #0x02	; 2
      0005E6 02                    1559 	.db #0x02	; 2
      0005E7 02                    1560 	.db #0x02	; 2
      0005E8 02                    1561 	.db #0x02	; 2
      0005E9 02                    1562 	.db #0x02	; 2
      0005EA 02                    1563 	.db #0x02	; 2
      0005EB 02                    1564 	.db #0x02	; 2
      0005EC 02                    1565 	.db #0x02	; 2
      0005ED 02                    1566 	.db #0x02	; 2
      0005EE 02                    1567 	.db #0x02	; 2
      0005EF 02                    1568 	.db #0x02	; 2
      0005F0 02                    1569 	.db #0x02	; 2
      0005F1 02                    1570 	.db #0x02	; 2
      0005F2 02                    1571 	.db #0x02	; 2
      0005F3 02                    1572 	.db #0x02	; 2
      0005F4 02                    1573 	.db #0x02	; 2
      0005F5 02                    1574 	.db #0x02	; 2
      0005F6 02                    1575 	.db #0x02	; 2
      0005F7 02                    1576 	.db #0x02	; 2
      0005F8 02                    1577 	.db #0x02	; 2
      0005F9 02                    1578 	.db #0x02	; 2
      0005FA 02                    1579 	.db #0x02	; 2
      0005FB 02                    1580 	.db #0x02	; 2
      0005FC 02                    1581 	.db #0x02	; 2
      0005FD 02                    1582 	.db #0x02	; 2
      0005FE 02                    1583 	.db #0x02	; 2
      0005FF 02                    1584 	.db #0x02	; 2
      000600 02                    1585 	.db #0x02	; 2
      000601 02                    1586 	.db #0x02	; 2
      000602 02                    1587 	.db #0x02	; 2
      000603 02                    1588 	.db #0x02	; 2
      000604 02                    1589 	.db #0x02	; 2
      000605 02                    1590 	.db #0x02	; 2
      000606 02                    1591 	.db #0x02	; 2
      000607 02                    1592 	.db #0x02	; 2
      000608 02                    1593 	.db #0x02	; 2
      000609 02                    1594 	.db #0x02	; 2
      00060A 02                    1595 	.db #0x02	; 2
      00060B 02                    1596 	.db #0x02	; 2
      00060C 02                    1597 	.db #0x02	; 2
      00060D 02                    1598 	.db #0x02	; 2
      00060E 02                    1599 	.db #0x02	; 2
      00060F 02                    1600 	.db #0x02	; 2
      000610 02                    1601 	.db #0x02	; 2
      000611 02                    1602 	.db #0x02	; 2
      000612 02                    1603 	.db #0x02	; 2
      000613 02                    1604 	.db #0x02	; 2
      000614 02                    1605 	.db #0x02	; 2
      000615 02                    1606 	.db #0x02	; 2
      000616 02                    1607 	.db #0x02	; 2
      000617 02                    1608 	.db #0x02	; 2
      000618 02                    1609 	.db #0x02	; 2
      000619 02                    1610 	.db #0x02	; 2
      00061A 02                    1611 	.db #0x02	; 2
      00061B 02                    1612 	.db #0x02	; 2
      00061C 02                    1613 	.db #0x02	; 2
      00061D 02                    1614 	.db #0x02	; 2
      00061E 02                    1615 	.db #0x02	; 2
      00061F 02                    1616 	.db #0x02	; 2
                                   1617 	.area _INITIALIZER
                                   1618 	.area _CABS (ABS)
