                                      1 ;--------------------------------------------------------
                                      2 ; File Created by SDCC : free open source ISO C Compiler 
                                      3 ; Version 4.3.2 #14228 (MINGW64)
                                      4 ;--------------------------------------------------------
                                      5 	.module BirdSprite
                                      6 	.optsdcc -msm83
                                      7 	
                                      8 ;--------------------------------------------------------
                                      9 ; Public variables in this module
                                     10 ;--------------------------------------------------------
                                     11 	.globl _BirdSprite_tilemap
                                     12 	.globl _BirdSprite_tileset
                                     13 ;--------------------------------------------------------
                                     14 ; special function registers
                                     15 ;--------------------------------------------------------
                                     16 ;--------------------------------------------------------
                                     17 ; ram data
                                     18 ;--------------------------------------------------------
                                     19 	.area _DATA
                                     20 ;--------------------------------------------------------
                                     21 ; ram data
                                     22 ;--------------------------------------------------------
                                     23 	.area _INITIALIZED
                                     24 ;--------------------------------------------------------
                                     25 ; absolute external ram data
                                     26 ;--------------------------------------------------------
                                     27 	.area _DABS (ABS)
                                     28 ;--------------------------------------------------------
                                     29 ; global & static initialisations
                                     30 ;--------------------------------------------------------
                                     31 	.area _HOME
                                     32 	.area _GSINIT
                                     33 	.area _GSFINAL
                                     34 	.area _GSINIT
                                     35 ;--------------------------------------------------------
                                     36 ; Home
                                     37 ;--------------------------------------------------------
                                     38 	.area _HOME
                                     39 	.area _HOME
                                     40 ;--------------------------------------------------------
                                     41 ; code
                                     42 ;--------------------------------------------------------
                                     43 	.area _CODE
                                     44 	.area _CODE
                           000000    45 G$BirdSprite_tileset$0_0$0 == .
      000000                         46 _BirdSprite_tileset:
      000000 00                      47 	.db #0x00	; 0
      000001 00                      48 	.db #0x00	; 0
      000002 00                      49 	.db #0x00	; 0
      000003 00                      50 	.db #0x00	; 0
      000004 00                      51 	.db #0x00	; 0
      000005 00                      52 	.db #0x00	; 0
      000006 00                      53 	.db #0x00	; 0
      000007 00                      54 	.db #0x00	; 0
      000008 00                      55 	.db #0x00	; 0
      000009 00                      56 	.db #0x00	; 0
      00000A 00                      57 	.db #0x00	; 0
      00000B 00                      58 	.db #0x00	; 0
      00000C 00                      59 	.db #0x00	; 0
      00000D 00                      60 	.db #0x00	; 0
      00000E 00                      61 	.db #0x00	; 0
      00000F 00                      62 	.db #0x00	; 0
      000010 00                      63 	.db #0x00	; 0
      000011 00                      64 	.db #0x00	; 0
      000012 00                      65 	.db #0x00	; 0
      000013 00                      66 	.db #0x00	; 0
      000014 00                      67 	.db #0x00	; 0
      000015 00                      68 	.db #0x00	; 0
      000016 01                      69 	.db #0x01	; 1
      000017 0E                      70 	.db #0x0e	; 14
      000018 01                      71 	.db #0x01	; 1
      000019 1E                      72 	.db #0x1e	; 30
      00001A 1D                      73 	.db #0x1d	; 29
      00001B 26                      74 	.db #0x26	; 38
      00001C 3C                      75 	.db #0x3c	; 60
      00001D 43                      76 	.db #0x43	; 67	'C'
      00001E 00                      77 	.db #0x00	; 0
      00001F 3F                      78 	.db #0x3f	; 63
      000020 00                      79 	.db #0x00	; 0
      000021 00                      80 	.db #0x00	; 0
      000022 00                      81 	.db #0x00	; 0
      000023 00                      82 	.db #0x00	; 0
      000024 00                      83 	.db #0x00	; 0
      000025 00                      84 	.db #0x00	; 0
      000026 00                      85 	.db #0x00	; 0
      000027 00                      86 	.db #0x00	; 0
      000028 80                      87 	.db #0x80	; 128
      000029 00                      88 	.db #0x00	; 0
      00002A 00                      89 	.db #0x00	; 0
      00002B 80                      90 	.db #0x80	; 128
      00002C 40                      91 	.db #0x40	; 64
      00002D 80                      92 	.db #0x80	; 128
      00002E 20                      93 	.db #0x20	; 32
      00002F C0                      94 	.db #0xc0	; 192
      000030 00                      95 	.db #0x00	; 0
      000031 00                      96 	.db #0x00	; 0
      000032 00                      97 	.db #0x00	; 0
      000033 00                      98 	.db #0x00	; 0
      000034 00                      99 	.db #0x00	; 0
      000035 00                     100 	.db #0x00	; 0
      000036 00                     101 	.db #0x00	; 0
      000037 00                     102 	.db #0x00	; 0
      000038 01                     103 	.db #0x01	; 1
      000039 0E                     104 	.db #0x0e	; 14
      00003A 01                     105 	.db #0x01	; 1
      00003B 1E                     106 	.db #0x1e	; 30
      00003C 1D                     107 	.db #0x1d	; 29
      00003D 26                     108 	.db #0x26	; 38
      00003E 3C                     109 	.db #0x3c	; 60
      00003F 43                     110 	.db #0x43	; 67	'C'
      000040 00                     111 	.db #0x00	; 0
      000041 00                     112 	.db #0x00	; 0
      000042 00                     113 	.db #0x00	; 0
      000043 00                     114 	.db #0x00	; 0
      000044 00                     115 	.db #0x00	; 0
      000045 00                     116 	.db #0x00	; 0
      000046 00                     117 	.db #0x00	; 0
      000047 00                     118 	.db #0x00	; 0
      000048 00                     119 	.db #0x00	; 0
      000049 00                     120 	.db #0x00	; 0
      00004A 80                     121 	.db #0x80	; 128
      00004B 00                     122 	.db #0x00	; 0
      00004C 00                     123 	.db #0x00	; 0
      00004D 80                     124 	.db #0x80	; 128
      00004E 40                     125 	.db #0x40	; 64
      00004F 80                     126 	.db #0x80	; 128
      000050 09                     127 	.db #0x09	; 9
      000051 0E                     128 	.db #0x0e	; 14
      000052 03                     129 	.db #0x03	; 3
      000053 1E                     130 	.db #0x1e	; 30
      000054 13                     131 	.db #0x13	; 19
      000055 1E                     132 	.db #0x1e	; 30
      000056 11                     133 	.db #0x11	; 17
      000057 1F                     134 	.db #0x1f	; 31
      000058 08                     135 	.db #0x08	; 8
      000059 0F                     136 	.db #0x0f	; 15
      00005A 06                     137 	.db #0x06	; 6
      00005B 07                     138 	.db #0x07	; 7
      00005C 01                     139 	.db #0x01	; 1
      00005D 01                     140 	.db #0x01	; 1
      00005E 03                     141 	.db #0x03	; 3
      00005F 01                     142 	.db #0x01	; 1
      000060 00                     143 	.db #0x00	; 0
      000061 E0                     144 	.db #0xe0	; 224
      000062 10                     145 	.db #0x10	; 16
      000063 E0                     146 	.db #0xe0	; 224
      000064 80                     147 	.db #0x80	; 128
      000065 70                     148 	.db #0x70	; 112	'p'
      000066 C8                     149 	.db #0xc8	; 200
      000067 30                     150 	.db #0x30	; 48	'0'
      000068 C4                     151 	.db #0xc4	; 196
      000069 B8                     152 	.db #0xb8	; 184
      00006A 7E                     153 	.db #0x7e	; 126
      00006B C4                     154 	.db #0xc4	; 196
      00006C 20                     155 	.db #0x20	; 32
      00006D B0                     156 	.db #0xb0	; 176
      00006E 60                     157 	.db #0x60	; 96
      00006F 20                     158 	.db #0x20	; 32
      000070 00                     159 	.db #0x00	; 0
      000071 3F                     160 	.db #0x3f	; 63
      000072 09                     161 	.db #0x09	; 9
      000073 0E                     162 	.db #0x0e	; 14
      000074 03                     163 	.db #0x03	; 3
      000075 1E                     164 	.db #0x1e	; 30
      000076 13                     165 	.db #0x13	; 19
      000077 1E                     166 	.db #0x1e	; 30
      000078 11                     167 	.db #0x11	; 17
      000079 1F                     168 	.db #0x1f	; 31
      00007A 08                     169 	.db #0x08	; 8
      00007B 0F                     170 	.db #0x0f	; 15
      00007C 06                     171 	.db #0x06	; 6
      00007D 07                     172 	.db #0x07	; 7
      00007E 00                     173 	.db #0x00	; 0
      00007F 02                     174 	.db #0x02	; 2
      000080 20                     175 	.db #0x20	; 32
      000081 C0                     176 	.db #0xc0	; 192
      000082 00                     177 	.db #0x00	; 0
      000083 E0                     178 	.db #0xe0	; 224
      000084 10                     179 	.db #0x10	; 16
      000085 E0                     180 	.db #0xe0	; 224
      000086 80                     181 	.db #0x80	; 128
      000087 70                     182 	.db #0x70	; 112	'p'
      000088 C8                     183 	.db #0xc8	; 200
      000089 30                     184 	.db #0x30	; 48	'0'
      00008A 44                     185 	.db #0x44	; 68	'D'
      00008B B8                     186 	.db #0xb8	; 184
      00008C 76                     187 	.db #0x76	; 118	'v'
      00008D CC                     188 	.db #0xcc	; 204
      00008E 00                     189 	.db #0x00	; 0
      00008F 40                     190 	.db #0x40	; 64
      000090 00                     191 	.db #0x00	; 0
      000091 00                     192 	.db #0x00	; 0
      000092 00                     193 	.db #0x00	; 0
      000093 00                     194 	.db #0x00	; 0
      000094 00                     195 	.db #0x00	; 0
      000095 00                     196 	.db #0x00	; 0
      000096 00                     197 	.db #0x00	; 0
      000097 00                     198 	.db #0x00	; 0
      000098 02                     199 	.db #0x02	; 2
      000099 1C                     200 	.db #0x1c	; 28
      00009A 02                     201 	.db #0x02	; 2
      00009B 3D                     202 	.db #0x3d	; 61
      00009C 3A                     203 	.db #0x3a	; 58
      00009D 4D                     204 	.db #0x4d	; 77	'M'
      00009E 78                     205 	.db #0x78	; 120	'x'
      00009F 87                     206 	.db #0x87	; 135
      0000A0 00                     207 	.db #0x00	; 0
      0000A1 00                     208 	.db #0x00	; 0
      0000A2 00                     209 	.db #0x00	; 0
      0000A3 00                     210 	.db #0x00	; 0
      0000A4 00                     211 	.db #0x00	; 0
      0000A5 00                     212 	.db #0x00	; 0
      0000A6 00                     213 	.db #0x00	; 0
      0000A7 00                     214 	.db #0x00	; 0
      0000A8 00                     215 	.db #0x00	; 0
      0000A9 00                     216 	.db #0x00	; 0
      0000AA 82                     217 	.db #0x82	; 130
      0000AB 0C                     218 	.db #0x0c	; 12
      0000AC 31                     219 	.db #0x31	; 49	'1'
      0000AD CE                     220 	.db #0xce	; 206
      0000AE 20                     221 	.db #0x20	; 32
      0000AF FE                     222 	.db #0xfe	; 254
      0000B0 00                     223 	.db #0x00	; 0
      0000B1 00                     224 	.db #0x00	; 0
      0000B2 00                     225 	.db #0x00	; 0
      0000B3 00                     226 	.db #0x00	; 0
      0000B4 00                     227 	.db #0x00	; 0
      0000B5 00                     228 	.db #0x00	; 0
      0000B6 00                     229 	.db #0x00	; 0
      0000B7 00                     230 	.db #0x00	; 0
      0000B8 00                     231 	.db #0x00	; 0
      0000B9 00                     232 	.db #0x00	; 0
      0000BA 02                     233 	.db #0x02	; 2
      0000BB 1C                     234 	.db #0x1c	; 28
      0000BC 02                     235 	.db #0x02	; 2
      0000BD 3D                     236 	.db #0x3d	; 61
      0000BE 3A                     237 	.db #0x3a	; 58
      0000BF 4D                     238 	.db #0x4d	; 77	'M'
      0000C0 00                     239 	.db #0x00	; 0
      0000C1 00                     240 	.db #0x00	; 0
      0000C2 00                     241 	.db #0x00	; 0
      0000C3 00                     242 	.db #0x00	; 0
      0000C4 00                     243 	.db #0x00	; 0
      0000C5 00                     244 	.db #0x00	; 0
      0000C6 00                     245 	.db #0x00	; 0
      0000C7 00                     246 	.db #0x00	; 0
      0000C8 00                     247 	.db #0x00	; 0
      0000C9 00                     248 	.db #0x00	; 0
      0000CA 00                     249 	.db #0x00	; 0
      0000CB 00                     250 	.db #0x00	; 0
      0000CC 42                     251 	.db #0x42	; 66	'B'
      0000CD 8C                     252 	.db #0x8c	; 140
      0000CE 11                     253 	.db #0x11	; 17
      0000CF EE                     254 	.db #0xee	; 238
      0000D0 00                     255 	.db #0x00	; 0
      0000D1 00                     256 	.db #0x00	; 0
      0000D2 00                     257 	.db #0x00	; 0
      0000D3 00                     258 	.db #0x00	; 0
      0000D4 00                     259 	.db #0x00	; 0
      0000D5 00                     260 	.db #0x00	; 0
      0000D6 00                     261 	.db #0x00	; 0
      0000D7 00                     262 	.db #0x00	; 0
      0000D8 00                     263 	.db #0x00	; 0
      0000D9 00                     264 	.db #0x00	; 0
      0000DA 00                     265 	.db #0x00	; 0
      0000DB 00                     266 	.db #0x00	; 0
      0000DC 22                     267 	.db #0x22	; 34
      0000DD CC                     268 	.db #0xcc	; 204
      0000DE 01                     269 	.db #0x01	; 1
      0000DF FE                     270 	.db #0xfe	; 254
      0000E0 00                     271 	.db #0x00	; 0
      0000E1 00                     272 	.db #0x00	; 0
      0000E2 00                     273 	.db #0x00	; 0
      0000E3 00                     274 	.db #0x00	; 0
      0000E4 00                     275 	.db #0x00	; 0
      0000E5 00                     276 	.db #0x00	; 0
      0000E6 02                     277 	.db #0x02	; 2
      0000E7 1C                     278 	.db #0x1c	; 28
      0000E8 03                     279 	.db #0x03	; 3
      0000E9 7C                     280 	.db #0x7c	; 124
      0000EA 06                     281 	.db #0x06	; 6
      0000EB F9                     282 	.db #0xf9	; 249
      0000EC 1C                     283 	.db #0x1c	; 28
      0000ED E2                     284 	.db #0xe2	; 226
      0000EE 35                     285 	.db #0x35	; 53	'5'
      0000EF CE                     286 	.db #0xce	; 206
      0000F0 00                     287 	.db #0x00	; 0
      0000F1 00                     288 	.db #0x00	; 0
      0000F2 08                     289 	.db #0x08	; 8
      0000F3 30                     290 	.db #0x30	; 48	'0'
      0000F4 0C                     291 	.db #0x0c	; 12
      0000F5 70                     292 	.db #0x70	; 112	'p'
      0000F6 48                     293 	.db #0x48	; 72	'H'
      0000F7 74                     294 	.db #0x74	; 116	't'
      0000F8 18                     295 	.db #0x18	; 24
      0000F9 E4                     296 	.db #0xe4	; 228
      0000FA 90                     297 	.db #0x90	; 144
      0000FB E8                     298 	.db #0xe8	; 232
      0000FC 3A                     299 	.db #0x3a	; 58
      0000FD CC                     300 	.db #0xcc	; 204
      0000FE 38                     301 	.db #0x38	; 56	'8'
      0000FF CF                     302 	.db #0xcf	; 207
      000100 00                     303 	.db #0x00	; 0
      000101 00                     304 	.db #0x00	; 0
      000102 00                     305 	.db #0x00	; 0
      000103 00                     306 	.db #0x00	; 0
      000104 02                     307 	.db #0x02	; 2
      000105 1C                     308 	.db #0x1c	; 28
      000106 03                     309 	.db #0x03	; 3
      000107 7C                     310 	.db #0x7c	; 124
      000108 06                     311 	.db #0x06	; 6
      000109 F9                     312 	.db #0xf9	; 249
      00010A 1C                     313 	.db #0x1c	; 28
      00010B E2                     314 	.db #0xe2	; 226
      00010C 35                     315 	.db #0x35	; 53	'5'
      00010D CE                     316 	.db #0xce	; 206
      00010E 70                     317 	.db #0x70	; 112	'p'
      00010F 9E                     318 	.db #0x9e	; 158
      000110 00                     319 	.db #0x00	; 0
      000111 00                     320 	.db #0x00	; 0
      000112 00                     321 	.db #0x00	; 0
      000113 00                     322 	.db #0x00	; 0
      000114 00                     323 	.db #0x00	; 0
      000115 00                     324 	.db #0x00	; 0
      000116 00                     325 	.db #0x00	; 0
      000117 00                     326 	.db #0x00	; 0
      000118 00                     327 	.db #0x00	; 0
      000119 00                     328 	.db #0x00	; 0
      00011A 22                     329 	.db #0x22	; 34
      00011B CC                     330 	.db #0xcc	; 204
      00011C 01                     331 	.db #0x01	; 1
      00011D FE                     332 	.db #0xfe	; 254
      00011E 0C                     333 	.db #0x0c	; 12
      00011F FE                     334 	.db #0xfe	; 254
      000120 00                     335 	.db #0x00	; 0
      000121 00                     336 	.db #0x00	; 0
      000122 00                     337 	.db #0x00	; 0
      000123 00                     338 	.db #0x00	; 0
      000124 00                     339 	.db #0x00	; 0
      000125 00                     340 	.db #0x00	; 0
      000126 00                     341 	.db #0x00	; 0
      000127 00                     342 	.db #0x00	; 0
      000128 00                     343 	.db #0x00	; 0
      000129 00                     344 	.db #0x00	; 0
      00012A 42                     345 	.db #0x42	; 66	'B'
      00012B 8C                     346 	.db #0x8c	; 140
      00012C 11                     347 	.db #0x11	; 17
      00012D EE                     348 	.db #0xee	; 238
      00012E 18                     349 	.db #0x18	; 24
      00012F FE                     350 	.db #0xfe	; 254
      000130 03                     351 	.db #0x03	; 3
      000131 7E                     352 	.db #0x7e	; 126
      000132 10                     353 	.db #0x10	; 16
      000133 1F                     354 	.db #0x1f	; 31
      000134 0C                     355 	.db #0x0c	; 12
      000135 0F                     356 	.db #0x0f	; 15
      000136 03                     357 	.db #0x03	; 3
      000137 03                     358 	.db #0x03	; 3
      000138 00                     359 	.db #0x00	; 0
      000139 00                     360 	.db #0x00	; 0
      00013A 00                     361 	.db #0x00	; 0
      00013B 00                     362 	.db #0x00	; 0
      00013C 00                     363 	.db #0x00	; 0
      00013D 00                     364 	.db #0x00	; 0
      00013E 00                     365 	.db #0x00	; 0
      00013F 00                     366 	.db #0x00	; 0
      000140 98                     367 	.db #0x98	; 152
      000141 7C                     368 	.db #0x7c	; 124
      000142 C8                     369 	.db #0xc8	; 200
      000143 38                     370 	.db #0x38	; 56	'8'
      000144 E0                     371 	.db #0xe0	; 224
      000145 98                     372 	.db #0x98	; 152
      000146 E0                     373 	.db #0xe0	; 224
      000147 98                     374 	.db #0x98	; 152
      000148 E8                     375 	.db #0xe8	; 232
      000149 98                     376 	.db #0x98	; 152
      00014A E0                     377 	.db #0xe0	; 224
      00014B 90                     378 	.db #0x90	; 144
      00014C E0                     379 	.db #0xe0	; 224
      00014D 90                     380 	.db #0x90	; 144
      00014E 40                     381 	.db #0x40	; 64
      00014F 60                     382 	.db #0x60	; 96
      000150 78                     383 	.db #0x78	; 120	'x'
      000151 87                     384 	.db #0x87	; 135
      000152 01                     385 	.db #0x01	; 1
      000153 7E                     386 	.db #0x7e	; 126
      000154 10                     387 	.db #0x10	; 16
      000155 1F                     388 	.db #0x1f	; 31
      000156 0C                     389 	.db #0x0c	; 12
      000157 0F                     390 	.db #0x0f	; 15
      000158 03                     391 	.db #0x03	; 3
      000159 03                     392 	.db #0x03	; 3
      00015A 00                     393 	.db #0x00	; 0
      00015B 00                     394 	.db #0x00	; 0
      00015C 00                     395 	.db #0x00	; 0
      00015D 00                     396 	.db #0x00	; 0
      00015E 00                     397 	.db #0x00	; 0
      00015F 00                     398 	.db #0x00	; 0
      000160 18                     399 	.db #0x18	; 24
      000161 FE                     400 	.db #0xfe	; 254
      000162 80                     401 	.db #0x80	; 128
      000163 7C                     402 	.db #0x7c	; 124
      000164 C2                     403 	.db #0xc2	; 194
      000165 BC                     404 	.db #0xbc	; 188
      000166 70                     405 	.db #0x70	; 112	'p'
      000167 CE                     406 	.db #0xce	; 206
      000168 F0                     407 	.db #0xf0	; 240
      000169 EE                     408 	.db #0xee	; 238
      00016A 38                     409 	.db #0x38	; 56	'8'
      00016B 26                     410 	.db #0x26	; 38
      00016C 1E                     411 	.db #0x1e	; 30
      00016D 12                     412 	.db #0x12	; 18
      00016E 08                     413 	.db #0x08	; 8
      00016F 0C                     414 	.db #0x0c	; 12
      000170 0C                     415 	.db #0x0c	; 12
      000171 FE                     416 	.db #0xfe	; 254
      000172 80                     417 	.db #0x80	; 128
      000173 7F                     418 	.db #0x7f	; 127
      000174 E0                     419 	.db #0xe0	; 224
      000175 1F                     420 	.db #0x1f	; 31
      000176 FC                     421 	.db #0xfc	; 252
      000177 86                     422 	.db #0x86	; 134
      000178 F0                     423 	.db #0xf0	; 240
      000179 F8                     424 	.db #0xf8	; 248
      00017A 00                     425 	.db #0x00	; 0
      00017B 00                     426 	.db #0x00	; 0
      00017C 00                     427 	.db #0x00	; 0
      00017D 00                     428 	.db #0x00	; 0
      00017E 00                     429 	.db #0x00	; 0
      00017F 00                     430 	.db #0x00	; 0
      000180 78                     431 	.db #0x78	; 120	'x'
      000181 87                     432 	.db #0x87	; 135
      000182 00                     433 	.db #0x00	; 0
      000183 7F                     434 	.db #0x7f	; 127
      000184 10                     435 	.db #0x10	; 16
      000185 1F                     436 	.db #0x1f	; 31
      000186 0C                     437 	.db #0x0c	; 12
      000187 0F                     438 	.db #0x0f	; 15
      000188 03                     439 	.db #0x03	; 3
      000189 03                     440 	.db #0x03	; 3
      00018A 00                     441 	.db #0x00	; 0
      00018B 00                     442 	.db #0x00	; 0
      00018C 00                     443 	.db #0x00	; 0
      00018D 00                     444 	.db #0x00	; 0
      00018E 00                     445 	.db #0x00	; 0
      00018F 00                     446 	.db #0x00	; 0
      000190 70                     447 	.db #0x70	; 112	'p'
      000191 9E                     448 	.db #0x9e	; 158
      000192 60                     449 	.db #0x60	; 96
      000193 FE                     450 	.db #0xfe	; 254
      000194 00                     451 	.db #0x00	; 0
      000195 FC                     452 	.db #0xfc	; 252
      000196 10                     453 	.db #0x10	; 16
      000197 F8                     454 	.db #0xf8	; 248
      000198 C0                     455 	.db #0xc0	; 192
      000199 E0                     456 	.db #0xe0	; 224
      00019A 00                     457 	.db #0x00	; 0
      00019B 00                     458 	.db #0x00	; 0
      00019C 00                     459 	.db #0x00	; 0
      00019D 00                     460 	.db #0x00	; 0
      00019E 00                     461 	.db #0x00	; 0
      00019F 00                     462 	.db #0x00	; 0
      0001A0 00                     463 	.db #0x00	; 0
      0001A1 7F                     464 	.db #0x7f	; 127
      0001A2 10                     465 	.db #0x10	; 16
      0001A3 1F                     466 	.db #0x1f	; 31
      0001A4 0C                     467 	.db #0x0c	; 12
      0001A5 0F                     468 	.db #0x0f	; 15
      0001A6 03                     469 	.db #0x03	; 3
      0001A7 03                     470 	.db #0x03	; 3
      0001A8 00                     471 	.db #0x00	; 0
      0001A9 00                     472 	.db #0x00	; 0
      0001AA 00                     473 	.db #0x00	; 0
      0001AB 00                     474 	.db #0x00	; 0
      0001AC 00                     475 	.db #0x00	; 0
      0001AD 00                     476 	.db #0x00	; 0
      0001AE 00                     477 	.db #0x00	; 0
      0001AF 00                     478 	.db #0x00	; 0
      0001B0 60                     479 	.db #0x60	; 96
      0001B1 FE                     480 	.db #0xfe	; 254
      0001B2 00                     481 	.db #0x00	; 0
      0001B3 FC                     482 	.db #0xfc	; 252
      0001B4 10                     483 	.db #0x10	; 16
      0001B5 F8                     484 	.db #0xf8	; 248
      0001B6 C0                     485 	.db #0xc0	; 192
      0001B7 E0                     486 	.db #0xe0	; 224
      0001B8 00                     487 	.db #0x00	; 0
      0001B9 00                     488 	.db #0x00	; 0
      0001BA 00                     489 	.db #0x00	; 0
      0001BB 00                     490 	.db #0x00	; 0
      0001BC 00                     491 	.db #0x00	; 0
      0001BD 00                     492 	.db #0x00	; 0
      0001BE 00                     493 	.db #0x00	; 0
      0001BF 00                     494 	.db #0x00	; 0
      0001C0 81                     495 	.db #0x81	; 129
      0001C1 7E                     496 	.db #0x7e	; 126
      0001C2 E0                     497 	.db #0xe0	; 224
      0001C3 1F                     498 	.db #0x1f	; 31
      0001C4 F4                     499 	.db #0xf4	; 244
      0001C5 8E                     500 	.db #0x8e	; 142
      0001C6 F0                     501 	.db #0xf0	; 240
      0001C7 F8                     502 	.db #0xf8	; 248
      0001C8 00                     503 	.db #0x00	; 0
      0001C9 00                     504 	.db #0x00	; 0
      0001CA 00                     505 	.db #0x00	; 0
      0001CB 00                     506 	.db #0x00	; 0
      0001CC 00                     507 	.db #0x00	; 0
      0001CD 00                     508 	.db #0x00	; 0
      0001CE 00                     509 	.db #0x00	; 0
      0001CF 00                     510 	.db #0x00	; 0
      0001D0 80                     511 	.db #0x80	; 128
      0001D1 7C                     512 	.db #0x7c	; 124
      0001D2 C2                     513 	.db #0xc2	; 194
      0001D3 BC                     514 	.db #0xbc	; 188
      0001D4 72                     515 	.db #0x72	; 114	'r'
      0001D5 CE                     516 	.db #0xce	; 206
      0001D6 D0                     517 	.db #0xd0	; 208
      0001D7 EE                     518 	.db #0xee	; 238
      0001D8 38                     519 	.db #0x38	; 56	'8'
      0001D9 26                     520 	.db #0x26	; 38
      0001DA 18                     521 	.db #0x18	; 24
      0001DB 16                     522 	.db #0x16	; 22
      0001DC 08                     523 	.db #0x08	; 8
      0001DD 0C                     524 	.db #0x0c	; 12
      0001DE 00                     525 	.db #0x00	; 0
      0001DF 00                     526 	.db #0x00	; 0
      0001E0 00                     527 	.db #0x00	; 0
      0001E1 00                     528 	.db #0x00	; 0
      0001E2 00                     529 	.db #0x00	; 0
      0001E3 00                     530 	.db #0x00	; 0
      0001E4 00                     531 	.db #0x00	; 0
      0001E5 00                     532 	.db #0x00	; 0
      0001E6 00                     533 	.db #0x00	; 0
      0001E7 00                     534 	.db #0x00	; 0
      0001E8 00                     535 	.db #0x00	; 0
      0001E9 00                     536 	.db #0x00	; 0
      0001EA 00                     537 	.db #0x00	; 0
      0001EB 00                     538 	.db #0x00	; 0
      0001EC 02                     539 	.db #0x02	; 2
      0001ED 1C                     540 	.db #0x1c	; 28
      0001EE 03                     541 	.db #0x03	; 3
      0001EF 3C                     542 	.db #0x3c	; 60
      0001F0 00                     543 	.db #0x00	; 0
      0001F1 00                     544 	.db #0x00	; 0
      0001F2 00                     545 	.db #0x00	; 0
      0001F3 00                     546 	.db #0x00	; 0
      0001F4 00                     547 	.db #0x00	; 0
      0001F5 00                     548 	.db #0x00	; 0
      0001F6 00                     549 	.db #0x00	; 0
      0001F7 00                     550 	.db #0x00	; 0
      0001F8 00                     551 	.db #0x00	; 0
      0001F9 00                     552 	.db #0x00	; 0
      0001FA 00                     553 	.db #0x00	; 0
      0001FB 00                     554 	.db #0x00	; 0
      0001FC 00                     555 	.db #0x00	; 0
      0001FD 00                     556 	.db #0x00	; 0
      0001FE 02                     557 	.db #0x02	; 2
      0001FF 00                     558 	.db #0x00	; 0
      000200 3B                     559 	.db #0x3b	; 59
      000201 4D                     560 	.db #0x4d	; 77	'M'
      000202 78                     561 	.db #0x78	; 120	'x'
      000203 87                     562 	.db #0x87	; 135
      000204 00                     563 	.db #0x00	; 0
      000205 7F                     564 	.db #0x7f	; 127
      000206 11                     565 	.db #0x11	; 17
      000207 1F                     566 	.db #0x1f	; 31
      000208 08                     567 	.db #0x08	; 8
      000209 0F                     568 	.db #0x0f	; 15
      00020A 06                     569 	.db #0x06	; 6
      00020B 07                     570 	.db #0x07	; 7
      00020C 01                     571 	.db #0x01	; 1
      00020D 01                     572 	.db #0x01	; 1
      00020E 03                     573 	.db #0x03	; 3
      00020F 01                     574 	.db #0x01	; 1
      000210 40                     575 	.db #0x40	; 64
      000211 80                     576 	.db #0x80	; 128
      000212 20                     577 	.db #0x20	; 32
      000213 C0                     578 	.db #0xc0	; 192
      000214 90                     579 	.db #0x90	; 144
      000215 60                     580 	.db #0x60	; 96
      000216 C8                     581 	.db #0xc8	; 200
      000217 30                     582 	.db #0x30	; 48	'0'
      000218 E4                     583 	.db #0xe4	; 228
      000219 98                     584 	.db #0x98	; 152
      00021A 7E                     585 	.db #0x7e	; 126
      00021B C4                     586 	.db #0xc4	; 196
      00021C 20                     587 	.db #0x20	; 32
      00021D B0                     588 	.db #0xb0	; 176
      00021E 60                     589 	.db #0x60	; 96
      00021F 20                     590 	.db #0x20	; 32
      000220 04                     591 	.db #0x04	; 4
      000221 18                     592 	.db #0x18	; 24
      000222 00                     593 	.db #0x00	; 0
      000223 3F                     594 	.db #0x3f	; 63
      000224 38                     595 	.db #0x38	; 56	'8'
      000225 4F                     596 	.db #0x4f	; 79	'O'
      000226 79                     597 	.db #0x79	; 121	'y'
      000227 87                     598 	.db #0x87	; 135
      000228 00                     599 	.db #0x00	; 0
      000229 7F                     600 	.db #0x7f	; 127
      00022A 0E                     601 	.db #0x0e	; 14
      00022B 0F                     602 	.db #0x0f	; 15
      00022C 01                     603 	.db #0x01	; 1
      00022D 01                     604 	.db #0x01	; 1
      00022E 03                     605 	.db #0x03	; 3
      00022F 01                     606 	.db #0x01	; 1
      000230 00                     607 	.db #0x00	; 0
      000231 00                     608 	.db #0x00	; 0
      000232 10                     609 	.db #0x10	; 16
      000233 E0                     610 	.db #0xe0	; 224
      000234 88                     611 	.db #0x88	; 136
      000235 70                     612 	.db #0x70	; 112	'p'
      000236 C4                     613 	.db #0xc4	; 196
      000237 38                     614 	.db #0x38	; 56	'8'
      000238 E6                     615 	.db #0xe6	; 230
      000239 9C                     616 	.db #0x9c	; 156
      00023A 78                     617 	.db #0x78	; 120	'x'
      00023B C0                     618 	.db #0xc0	; 192
      00023C 20                     619 	.db #0x20	; 32
      00023D B0                     620 	.db #0xb0	; 176
      00023E 60                     621 	.db #0x60	; 96
      00023F 20                     622 	.db #0x20	; 32
      000240 00                     623 	.db #0x00	; 0
      000241 00                     624 	.db #0x00	; 0
      000242 08                     625 	.db #0x08	; 8
      000243 33                     626 	.db #0x33	; 51	'3'
      000244 00                     627 	.db #0x00	; 0
      000245 7F                     628 	.db #0x7f	; 127
      000246 59                     629 	.db #0x59	; 89	'Y'
      000247 77                     630 	.db #0x77	; 119	'w'
      000248 58                     631 	.db #0x58	; 88	'X'
      000249 67                     632 	.db #0x67	; 103	'g'
      00024A 3A                     633 	.db #0x3a	; 58
      00024B 27                     634 	.db #0x27	; 39
      00024C 09                     635 	.db #0x09	; 9
      00024D 15                     636 	.db #0x15	; 21
      00024E 03                     637 	.db #0x03	; 3
      00024F 09                     638 	.db #0x09	; 9
      000250 01                     639 	.db #0x01	; 1
      000251 3E                     640 	.db #0x3e	; 62
      000252 00                     641 	.db #0x00	; 0
      000253 FF                     642 	.db #0xff	; 255
      000254 80                     643 	.db #0x80	; 128
      000255 7F                     644 	.db #0x7f	; 127
      000256 C0                     645 	.db #0xc0	; 192
      000257 3E                     646 	.db #0x3e	; 62
      000258 EC                     647 	.db #0xec	; 236
      000259 92                     648 	.db #0x92	; 146
      00025A 78                     649 	.db #0x78	; 120	'x'
      00025B CC                     650 	.db #0xcc	; 204
      00025C 20                     651 	.db #0x20	; 32
      00025D B0                     652 	.db #0xb0	; 176
      00025E 60                     653 	.db #0x60	; 96
      00025F 20                     654 	.db #0x20	; 32
                           000260   655 G$BirdSprite_tilemap$0_0$0 == .
      000260                        656 _BirdSprite_tilemap:
      000260 01                     657 	.db #0x01	; 1
      000261 02                     658 	.db #0x02	; 2
      000262 03                     659 	.db #0x03	; 3
      000263 04                     660 	.db #0x04	; 4
      000264 05                     661 	.db #0x05	; 5
      000265 06                     662 	.db #0x06	; 6
      000266 07                     663 	.db #0x07	; 7
      000267 08                     664 	.db #0x08	; 8
      000268 09                     665 	.db #0x09	; 9
      000269 0A                     666 	.db #0x0a	; 10
      00026A 0B                     667 	.db #0x0b	; 11
      00026B 0C                     668 	.db #0x0c	; 12
      00026C 0B                     669 	.db #0x0b	; 11
      00026D 0D                     670 	.db #0x0d	; 13
      00026E 0B                     671 	.db #0x0b	; 11
      00026F 0E                     672 	.db #0x0e	; 14
      000270 0B                     673 	.db #0x0b	; 11
      000271 0F                     674 	.db #0x0f	; 15
      000272 09                     675 	.db #0x09	; 9
      000273 10                     676 	.db #0x10	; 16
      000274 09                     677 	.db #0x09	; 9
      000275 11                     678 	.db #0x11	; 17
      000276 09                     679 	.db #0x09	; 9
      000277 12                     680 	.db #0x12	; 18
      000278 13                     681 	.db #0x13	; 19
      000279 14                     682 	.db #0x14	; 20
      00027A 15                     683 	.db #0x15	; 21
      00027B 16                     684 	.db #0x16	; 22
      00027C 15                     685 	.db #0x15	; 21
      00027D 17                     686 	.db #0x17	; 23
      00027E 18                     687 	.db #0x18	; 24
      00027F 19                     688 	.db #0x19	; 25
      000280 18                     689 	.db #0x18	; 24
      000281 19                     690 	.db #0x19	; 25
      000282 1A                     691 	.db #0x1a	; 26
      000283 1B                     692 	.db #0x1b	; 27
      000284 13                     693 	.db #0x13	; 19
      000285 1C                     694 	.db #0x1c	; 28
      000286 13                     695 	.db #0x13	; 19
      000287 1D                     696 	.db #0x1d	; 29
      000288 1E                     697 	.db #0x1e	; 30
      000289 1F                     698 	.db #0x1f	; 31
      00028A 20                     699 	.db #0x20	; 32
      00028B 21                     700 	.db #0x21	; 33
      00028C 22                     701 	.db #0x22	; 34
      00028D 23                     702 	.db #0x23	; 35
      00028E 24                     703 	.db #0x24	; 36
      00028F 25                     704 	.db #0x25	; 37
                                    705 	.area _INITIALIZER
                                    706 	.area _CABS (ABS)
