                                      1 ;--------------------------------------------------------
                                      2 ; File Created by SDCC : free open source ISO C Compiler 
                                      3 ; Version 4.3.2 #14228 (MINGW64)
                                      4 ;--------------------------------------------------------
                                      5 	.module BlockSprite
                                      6 	.optsdcc -msm83
                                      7 	
                                      8 ;--------------------------------------------------------
                                      9 ; Public variables in this module
                                     10 ;--------------------------------------------------------
                                     11 	.globl _blocksprite_tileset
                                     12 ;--------------------------------------------------------
                                     13 ; special function registers
                                     14 ;--------------------------------------------------------
                                     15 ;--------------------------------------------------------
                                     16 ; ram data
                                     17 ;--------------------------------------------------------
                                     18 	.area _DATA
                                     19 ;--------------------------------------------------------
                                     20 ; ram data
                                     21 ;--------------------------------------------------------
                                     22 	.area _INITIALIZED
                                     23 ;--------------------------------------------------------
                                     24 ; absolute external ram data
                                     25 ;--------------------------------------------------------
                                     26 	.area _DABS (ABS)
                                     27 ;--------------------------------------------------------
                                     28 ; global & static initialisations
                                     29 ;--------------------------------------------------------
                                     30 	.area _HOME
                                     31 	.area _GSINIT
                                     32 	.area _GSFINAL
                                     33 	.area _GSINIT
                                     34 ;--------------------------------------------------------
                                     35 ; Home
                                     36 ;--------------------------------------------------------
                                     37 	.area _HOME
                                     38 	.area _HOME
                                     39 ;--------------------------------------------------------
                                     40 ; code
                                     41 ;--------------------------------------------------------
                                     42 	.area _CODE
                                     43 	.area _CODE
                           000000    44 G$blocksprite_tileset$0_0$0 == .
      000000                         45 _blocksprite_tileset:
      000000 FF                      46 	.db #0xff	; 255
      000001 FF                      47 	.db #0xff	; 255
      000002 C0                      48 	.db #0xc0	; 192
      000003 E0                      49 	.db #0xe0	; 224
      000004 A0                      50 	.db #0xa0	; 160
      000005 F0                      51 	.db #0xf0	; 240
      000006 90                      52 	.db #0x90	; 144
      000007 F8                      53 	.db #0xf8	; 248
      000008 88                      54 	.db #0x88	; 136
      000009 9C                      55 	.db #0x9c	; 156
      00000A 80                      56 	.db #0x80	; 128
      00000B 8C                      57 	.db #0x8c	; 140
      00000C 80                      58 	.db #0x80	; 128
      00000D 80                      59 	.db #0x80	; 128
      00000E 80                      60 	.db #0x80	; 128
      00000F 80                      61 	.db #0x80	; 128
      000010 80                      62 	.db #0x80	; 128
      000011 80                      63 	.db #0x80	; 128
      000012 87                      64 	.db #0x87	; 135
      000013 80                      65 	.db #0x80	; 128
      000014 8F                      66 	.db #0x8f	; 143
      000015 87                      67 	.db #0x87	; 135
      000016 9F                      68 	.db #0x9f	; 159
      000017 88                      69 	.db #0x88	; 136
      000018 B8                      70 	.db #0xb8	; 184
      000019 90                      71 	.db #0x90	; 144
      00001A F0                      72 	.db #0xf0	; 240
      00001B A0                      73 	.db #0xa0	; 160
      00001C A0                      74 	.db #0xa0	; 160
      00001D C0                      75 	.db #0xc0	; 192
      00001E FF                      76 	.db #0xff	; 255
      00001F FF                      77 	.db #0xff	; 255
      000020 FF                      78 	.db #0xff	; 255
      000021 FF                      79 	.db #0xff	; 255
      000022 03                      80 	.db #0x03	; 3
      000023 07                      81 	.db #0x07	; 7
      000024 05                      82 	.db #0x05	; 5
      000025 0F                      83 	.db #0x0f	; 15
      000026 09                      84 	.db #0x09	; 9
      000027 1D                      85 	.db #0x1d	; 29
      000028 11                      86 	.db #0x11	; 17
      000029 39                      87 	.db #0x39	; 57	'9'
      00002A 01                      88 	.db #0x01	; 1
      00002B 31                      89 	.db #0x31	; 49	'1'
      00002C 01                      90 	.db #0x01	; 1
      00002D 01                      91 	.db #0x01	; 1
      00002E 01                      92 	.db #0x01	; 1
      00002F 01                      93 	.db #0x01	; 1
      000030 01                      94 	.db #0x01	; 1
      000031 01                      95 	.db #0x01	; 1
      000032 E1                      96 	.db #0xe1	; 225
      000033 01                      97 	.db #0x01	; 1
      000034 F1                      98 	.db #0xf1	; 241
      000035 E1                      99 	.db #0xe1	; 225
      000036 F9                     100 	.db #0xf9	; 249
      000037 11                     101 	.db #0x11	; 17
      000038 1D                     102 	.db #0x1d	; 29
      000039 09                     103 	.db #0x09	; 9
      00003A 0F                     104 	.db #0x0f	; 15
      00003B 05                     105 	.db #0x05	; 5
      00003C 05                     106 	.db #0x05	; 5
      00003D 03                     107 	.db #0x03	; 3
      00003E FF                     108 	.db #0xff	; 255
      00003F FF                     109 	.db #0xff	; 255
                                    110 	.area _INITIALIZER
                                    111 	.area _CABS (ABS)
