                                      1 ;--------------------------------------------------------
                                      2 ; File Created by SDCC : free open source ISO C Compiler 
                                      3 ; Version 4.3.2 #14228 (MINGW64)
                                      4 ;--------------------------------------------------------
                                      5 	.module HeroSprite
                                      6 	.optsdcc -msm83
                                      7 	
                                      8 ;--------------------------------------------------------
                                      9 ; Public variables in this module
                                     10 ;--------------------------------------------------------
                                     11 	.globl _SwordLeftDownTile
                                     12 	.globl _SwordRightDownTile
                                     13 	.globl _SwordDownTile
                                     14 	.globl _SwordUpTile
                                     15 	.globl _SwordLeftTile
                                     16 	.globl _SwordRightTile
                                     17 	.globl _SwordLeftUpTile
                                     18 	.globl _SwordRightUpTile
                                     19 	.globl _HeroBlinkTile
                                     20 	.globl _HeroUpAttack2Tile
                                     21 	.globl _HeroUpAttack1Tile
                                     22 	.globl _HeroUpWalkTile
                                     23 	.globl _HeroUpTile
                                     24 	.globl _HeroDownAttack2Tile
                                     25 	.globl _HeroDownAttack1Tile
                                     26 	.globl _HeroRightAttack2Tile
                                     27 	.globl _HeroRightAttack1Tile
                                     28 	.globl _HeroLeftAttack2Tile
                                     29 	.globl _HeroLeftAttack1Tile
                                     30 	.globl _HeroRightWalkTile
                                     31 	.globl _HeroRightTile
                                     32 	.globl _HeroLeftWalkTile
                                     33 	.globl _HeroLeftTile
                                     34 	.globl _HeroDownWalkTile
                                     35 	.globl _HeroDownTile
                                     36 ;--------------------------------------------------------
                                     37 ; special function registers
                                     38 ;--------------------------------------------------------
                                     39 ;--------------------------------------------------------
                                     40 ; ram data
                                     41 ;--------------------------------------------------------
                                     42 	.area _DATA
                                     43 ;--------------------------------------------------------
                                     44 ; ram data
                                     45 ;--------------------------------------------------------
                                     46 	.area _INITIALIZED
                                     47 ;--------------------------------------------------------
                                     48 ; absolute external ram data
                                     49 ;--------------------------------------------------------
                                     50 	.area _DABS (ABS)
                                     51 ;--------------------------------------------------------
                                     52 ; global & static initialisations
                                     53 ;--------------------------------------------------------
                                     54 	.area _HOME
                                     55 	.area _GSINIT
                                     56 	.area _GSFINAL
                                     57 	.area _GSINIT
                                     58 ;--------------------------------------------------------
                                     59 ; Home
                                     60 ;--------------------------------------------------------
                                     61 	.area _HOME
                                     62 	.area _HOME
                                     63 ;--------------------------------------------------------
                                     64 ; code
                                     65 ;--------------------------------------------------------
                                     66 	.area _CODE
                                     67 	.area _CODE
                           000000    68 G$HeroDownTile$0_0$0 == .
      000000                         69 _HeroDownTile:
      000000 1F                      70 	.db #0x1f	; 31
      000001 1F                      71 	.db #0x1f	; 31
      000002 64                      72 	.db #0x64	; 100	'd'
      000003 7F                      73 	.db #0x7f	; 127
      000004 A4                      74 	.db #0xa4	; 164
      000005 FF                      75 	.db #0xff	; 255
      000006 52                      76 	.db #0x52	; 82	'R'
      000007 7F                      77 	.db #0x7f	; 127
      000008 CF                      78 	.db #0xcf	; 207
      000009 FF                      79 	.db #0xff	; 255
      00000A BF                      80 	.db #0xbf	; 191
      00000B F8                      81 	.db #0xf8	; 248
      00000C 4F                      82 	.db #0x4f	; 79	'O'
      00000D 7F                      83 	.db #0x7f	; 127
      00000E 3F                      84 	.db #0x3f	; 63
      00000F 3A                      85 	.db #0x3a	; 58
      000010 07                      86 	.db #0x07	; 7
      000011 04                      87 	.db #0x04	; 4
      000012 7F                      88 	.db #0x7f	; 127
      000013 7F                      89 	.db #0x7f	; 127
      000014 89                      90 	.db #0x89	; 137
      000015 FF                      91 	.db #0xff	; 255
      000016 64                      92 	.db #0x64	; 100	'd'
      000017 7F                      93 	.db #0x7f	; 127
      000018 FF                      94 	.db #0xff	; 255
      000019 9F                      95 	.db #0x9f	; 159
      00001A F9                      96 	.db #0xf9	; 249
      00001B 9F                      97 	.db #0x9f	; 159
      00001C 6F                      98 	.db #0x6f	; 111	'o'
      00001D 6F                      99 	.db #0x6f	; 111	'o'
      00001E 01                     100 	.db #0x01	; 1
      00001F 01                     101 	.db #0x01	; 1
      000020 E0                     102 	.db #0xe0	; 224
      000021 E0                     103 	.db #0xe0	; 224
      000022 30                     104 	.db #0x30	; 48	'0'
      000023 F0                     105 	.db #0xf0	; 240
      000024 48                     106 	.db #0x48	; 72	'H'
      000025 F8                     107 	.db #0xf8	; 248
      000026 4C                     108 	.db #0x4c	; 76	'L'
      000027 FC                     109 	.db #0xfc	; 252
      000028 72                     110 	.db #0x72	; 114	'r'
      000029 FE                     111 	.db #0xfe	; 254
      00002A F4                     112 	.db #0xf4	; 244
      00002B 9C                     113 	.db #0x9c	; 156
      00002C F8                     114 	.db #0xf8	; 248
      00002D 78                     115 	.db #0x78	; 120	'x'
      00002E F0                     116 	.db #0xf0	; 240
      00002F 50                     117 	.db #0x50	; 80	'P'
      000030 E0                     118 	.db #0xe0	; 224
      000031 20                     119 	.db #0x20	; 32
      000032 FE                     120 	.db #0xfe	; 254
      000033 FE                     121 	.db #0xfe	; 254
      000034 91                     122 	.db #0x91	; 145
      000035 FF                     123 	.db #0xff	; 255
      000036 22                     124 	.db #0x22	; 34
      000037 FE                     125 	.db #0xfe	; 254
      000038 F7                     126 	.db #0xf7	; 247
      000039 FD                     127 	.db #0xfd	; 253
      00003A 3A                     128 	.db #0x3a	; 58
      00003B FA                     129 	.db #0xfa	; 250
      00003C 30                     130 	.db #0x30	; 48	'0'
      00003D F0                     131 	.db #0xf0	; 240
      00003E F8                     132 	.db #0xf8	; 248
      00003F F8                     133 	.db #0xf8	; 248
                           000040   134 G$HeroDownWalkTile$0_0$0 == .
      000040                        135 _HeroDownWalkTile:
      000040 1F                     136 	.db #0x1f	; 31
      000041 1F                     137 	.db #0x1f	; 31
      000042 64                     138 	.db #0x64	; 100	'd'
      000043 7F                     139 	.db #0x7f	; 127
      000044 A4                     140 	.db #0xa4	; 164
      000045 FF                     141 	.db #0xff	; 255
      000046 52                     142 	.db #0x52	; 82	'R'
      000047 7F                     143 	.db #0x7f	; 127
      000048 CF                     144 	.db #0xcf	; 207
      000049 FF                     145 	.db #0xff	; 255
      00004A BF                     146 	.db #0xbf	; 191
      00004B F8                     147 	.db #0xf8	; 248
      00004C 4F                     148 	.db #0x4f	; 79	'O'
      00004D 7F                     149 	.db #0x7f	; 127
      00004E 3F                     150 	.db #0x3f	; 63
      00004F 3A                     151 	.db #0x3a	; 58
      000050 07                     152 	.db #0x07	; 7
      000051 04                     153 	.db #0x04	; 4
      000052 7F                     154 	.db #0x7f	; 127
      000053 7F                     155 	.db #0x7f	; 127
      000054 89                     156 	.db #0x89	; 137
      000055 FF                     157 	.db #0xff	; 255
      000056 44                     158 	.db #0x44	; 68	'D'
      000057 7F                     159 	.db #0x7f	; 127
      000058 EF                     160 	.db #0xef	; 239
      000059 BF                     161 	.db #0xbf	; 191
      00005A 5C                     162 	.db #0x5c	; 92
      00005B 5F                     163 	.db #0x5f	; 95
      00005C 0C                     164 	.db #0x0c	; 12
      00005D 0F                     165 	.db #0x0f	; 15
      00005E 1F                     166 	.db #0x1f	; 31
      00005F 1F                     167 	.db #0x1f	; 31
      000060 E0                     168 	.db #0xe0	; 224
      000061 E0                     169 	.db #0xe0	; 224
      000062 30                     170 	.db #0x30	; 48	'0'
      000063 F0                     171 	.db #0xf0	; 240
      000064 48                     172 	.db #0x48	; 72	'H'
      000065 F8                     173 	.db #0xf8	; 248
      000066 4C                     174 	.db #0x4c	; 76	'L'
      000067 FC                     175 	.db #0xfc	; 252
      000068 72                     176 	.db #0x72	; 114	'r'
      000069 FE                     177 	.db #0xfe	; 254
      00006A F4                     178 	.db #0xf4	; 244
      00006B 9C                     179 	.db #0x9c	; 156
      00006C F8                     180 	.db #0xf8	; 248
      00006D 78                     181 	.db #0x78	; 120	'x'
      00006E F0                     182 	.db #0xf0	; 240
      00006F 50                     183 	.db #0x50	; 80	'P'
      000070 E0                     184 	.db #0xe0	; 224
      000071 20                     185 	.db #0x20	; 32
      000072 FE                     186 	.db #0xfe	; 254
      000073 FE                     187 	.db #0xfe	; 254
      000074 91                     188 	.db #0x91	; 145
      000075 FF                     189 	.db #0xff	; 255
      000076 26                     190 	.db #0x26	; 38
      000077 FE                     191 	.db #0xfe	; 254
      000078 FF                     192 	.db #0xff	; 255
      000079 F9                     193 	.db #0xf9	; 249
      00007A 9F                     194 	.db #0x9f	; 159
      00007B F9                     195 	.db #0xf9	; 249
      00007C F6                     196 	.db #0xf6	; 246
      00007D F6                     197 	.db #0xf6	; 246
      00007E F8                     198 	.db #0xf8	; 248
      00007F F8                     199 	.db #0xf8	; 248
                           000080   200 G$HeroLeftTile$0_0$0 == .
      000080                        201 _HeroLeftTile:
      000080 03                     202 	.db #0x03	; 3
      000081 03                     203 	.db #0x03	; 3
      000082 0D                     204 	.db #0x0d	; 13
      000083 0F                     205 	.db #0x0f	; 15
      000084 0A                     206 	.db #0x0a	; 10
      000085 0F                     207 	.db #0x0f	; 15
      000086 0C                     208 	.db #0x0c	; 12
      000087 0F                     209 	.db #0x0f	; 15
      000088 07                     210 	.db #0x07	; 7
      000089 07                     211 	.db #0x07	; 7
      00008A 07                     212 	.db #0x07	; 7
      00008B 04                     213 	.db #0x04	; 4
      00008C 07                     214 	.db #0x07	; 7
      00008D 05                     215 	.db #0x05	; 5
      00008E 07                     216 	.db #0x07	; 7
      00008F 05                     217 	.db #0x05	; 5
      000090 07                     218 	.db #0x07	; 7
      000091 04                     219 	.db #0x04	; 4
      000092 07                     220 	.db #0x07	; 7
      000093 07                     221 	.db #0x07	; 7
      000094 06                     222 	.db #0x06	; 6
      000095 07                     223 	.db #0x07	; 7
      000096 04                     224 	.db #0x04	; 4
      000097 07                     225 	.db #0x07	; 7
      000098 07                     226 	.db #0x07	; 7
      000099 07                     227 	.db #0x07	; 7
      00009A 01                     228 	.db #0x01	; 1
      00009B 01                     229 	.db #0x01	; 1
      00009C 02                     230 	.db #0x02	; 2
      00009D 03                     231 	.db #0x03	; 3
      00009E 03                     232 	.db #0x03	; 3
      00009F 03                     233 	.db #0x03	; 3
      0000A0 F0                     234 	.db #0xf0	; 240
      0000A1 F0                     235 	.db #0xf0	; 240
      0000A2 3C                     236 	.db #0x3c	; 60
      0000A3 FC                     237 	.db #0xfc	; 252
      0000A4 46                     238 	.db #0x46	; 70	'F'
      0000A5 FE                     239 	.db #0xfe	; 254
      0000A6 8C                     240 	.db #0x8c	; 140
      0000A7 FC                     241 	.db #0xfc	; 252
      0000A8 D3                     242 	.db #0xd3	; 211
      0000A9 FF                     243 	.db #0xff	; 255
      0000AA E6                     244 	.db #0xe6	; 230
      0000AB 7E                     245 	.db #0x7e	; 126
      0000AC E4                     246 	.db #0xe4	; 228
      0000AD BC                     247 	.db #0xbc	; 188
      0000AE F8                     248 	.db #0xf8	; 248
      0000AF 18                     249 	.db #0x18	; 24
      0000B0 FC                     250 	.db #0xfc	; 252
      0000B1 7C                     251 	.db #0x7c	; 124
      0000B2 92                     252 	.db #0x92	; 146
      0000B3 FE                     253 	.db #0xfe	; 254
      0000B4 7C                     254 	.db #0x7c	; 124
      0000B5 EC                     255 	.db #0xec	; 236
      0000B6 FC                     256 	.db #0xfc	; 252
      0000B7 8C                     257 	.db #0x8c	; 140
      0000B8 F4                     258 	.db #0xf4	; 244
      0000B9 9C                     259 	.db #0x9c	; 156
      0000BA 78                     260 	.db #0x78	; 120	'x'
      0000BB F8                     261 	.db #0xf8	; 248
      0000BC 10                     262 	.db #0x10	; 16
      0000BD F0                     263 	.db #0xf0	; 240
      0000BE F0                     264 	.db #0xf0	; 240
      0000BF F0                     265 	.db #0xf0	; 240
                           0000C0   266 G$HeroLeftWalkTile$0_0$0 == .
      0000C0                        267 _HeroLeftWalkTile:
      0000C0 00                     268 	.db #0x00	; 0
      0000C1 00                     269 	.db #0x00	; 0
      0000C2 03                     270 	.db #0x03	; 3
      0000C3 03                     271 	.db #0x03	; 3
      0000C4 0D                     272 	.db #0x0d	; 13
      0000C5 0F                     273 	.db #0x0f	; 15
      0000C6 0A                     274 	.db #0x0a	; 10
      0000C7 0F                     275 	.db #0x0f	; 15
      0000C8 0C                     276 	.db #0x0c	; 12
      0000C9 0F                     277 	.db #0x0f	; 15
      0000CA 07                     278 	.db #0x07	; 7
      0000CB 07                     279 	.db #0x07	; 7
      0000CC 07                     280 	.db #0x07	; 7
      0000CD 04                     281 	.db #0x04	; 4
      0000CE 07                     282 	.db #0x07	; 7
      0000CF 05                     283 	.db #0x05	; 5
      0000D0 07                     284 	.db #0x07	; 7
      0000D1 05                     285 	.db #0x05	; 5
      0000D2 1F                     286 	.db #0x1f	; 31
      0000D3 1C                     287 	.db #0x1c	; 28
      0000D4 1F                     288 	.db #0x1f	; 31
      0000D5 17                     289 	.db #0x17	; 23
      0000D6 1C                     290 	.db #0x1c	; 28
      0000D7 17                     291 	.db #0x17	; 23
      0000D8 1E                     292 	.db #0x1e	; 30
      0000D9 1F                     293 	.db #0x1f	; 31
      0000DA 11                     294 	.db #0x11	; 17
      0000DB 1F                     295 	.db #0x1f	; 31
      0000DC 19                     296 	.db #0x19	; 25
      0000DD 1F                     297 	.db #0x1f	; 31
      0000DE 0F                     298 	.db #0x0f	; 15
      0000DF 0F                     299 	.db #0x0f	; 15
      0000E0 00                     300 	.db #0x00	; 0
      0000E1 00                     301 	.db #0x00	; 0
      0000E2 F0                     302 	.db #0xf0	; 240
      0000E3 F0                     303 	.db #0xf0	; 240
      0000E4 3C                     304 	.db #0x3c	; 60
      0000E5 FC                     305 	.db #0xfc	; 252
      0000E6 46                     306 	.db #0x46	; 70	'F'
      0000E7 FE                     307 	.db #0xfe	; 254
      0000E8 8C                     308 	.db #0x8c	; 140
      0000E9 FC                     309 	.db #0xfc	; 252
      0000EA 93                     310 	.db #0x93	; 147
      0000EB FF                     311 	.db #0xff	; 255
      0000EC EE                     312 	.db #0xee	; 238
      0000ED 7E                     313 	.db #0x7e	; 126
      0000EE E4                     314 	.db #0xe4	; 228
      0000EF BC                     315 	.db #0xbc	; 188
      0000F0 F8                     316 	.db #0xf8	; 248
      0000F1 18                     317 	.db #0x18	; 24
      0000F2 FC                     318 	.db #0xfc	; 252
      0000F3 7C                     319 	.db #0x7c	; 124
      0000F4 92                     320 	.db #0x92	; 146
      0000F5 FE                     321 	.db #0xfe	; 254
      0000F6 7C                     322 	.db #0x7c	; 124
      0000F7 CC                     323 	.db #0xcc	; 204
      0000F8 FE                     324 	.db #0xfe	; 254
      0000F9 E6                     325 	.db #0xe6	; 230
      0000FA 9E                     326 	.db #0x9e	; 158
      0000FB F2                     327 	.db #0xf2	; 242
      0000FC EE                     328 	.db #0xee	; 238
      0000FD FE                     329 	.db #0xfe	; 254
      0000FE FF                     330 	.db #0xff	; 255
      0000FF FF                     331 	.db #0xff	; 255
                           000100   332 G$HeroRightTile$0_0$0 == .
      000100                        333 _HeroRightTile:
      000100 0F                     334 	.db #0x0f	; 15
      000101 0F                     335 	.db #0x0f	; 15
      000102 3C                     336 	.db #0x3c	; 60
      000103 3F                     337 	.db #0x3f	; 63
      000104 62                     338 	.db #0x62	; 98	'b'
      000105 7F                     339 	.db #0x7f	; 127
      000106 31                     340 	.db #0x31	; 49	'1'
      000107 3F                     341 	.db #0x3f	; 63
      000108 CB                     342 	.db #0xcb	; 203
      000109 FF                     343 	.db #0xff	; 255
      00010A 67                     344 	.db #0x67	; 103	'g'
      00010B 7E                     345 	.db #0x7e	; 126
      00010C 27                     346 	.db #0x27	; 39
      00010D 3D                     347 	.db #0x3d	; 61
      00010E 1F                     348 	.db #0x1f	; 31
      00010F 18                     349 	.db #0x18	; 24
      000110 3F                     350 	.db #0x3f	; 63
      000111 3E                     351 	.db #0x3e	; 62
      000112 49                     352 	.db #0x49	; 73	'I'
      000113 7F                     353 	.db #0x7f	; 127
      000114 3E                     354 	.db #0x3e	; 62
      000115 37                     355 	.db #0x37	; 55	'7'
      000116 3F                     356 	.db #0x3f	; 63
      000117 31                     357 	.db #0x31	; 49	'1'
      000118 2F                     358 	.db #0x2f	; 47
      000119 39                     359 	.db #0x39	; 57	'9'
      00011A 1E                     360 	.db #0x1e	; 30
      00011B 1F                     361 	.db #0x1f	; 31
      00011C 08                     362 	.db #0x08	; 8
      00011D 0F                     363 	.db #0x0f	; 15
      00011E 0F                     364 	.db #0x0f	; 15
      00011F 0F                     365 	.db #0x0f	; 15
      000120 C0                     366 	.db #0xc0	; 192
      000121 C0                     367 	.db #0xc0	; 192
      000122 B0                     368 	.db #0xb0	; 176
      000123 F0                     369 	.db #0xf0	; 240
      000124 50                     370 	.db #0x50	; 80	'P'
      000125 F0                     371 	.db #0xf0	; 240
      000126 30                     372 	.db #0x30	; 48	'0'
      000127 F0                     373 	.db #0xf0	; 240
      000128 E0                     374 	.db #0xe0	; 224
      000129 E0                     375 	.db #0xe0	; 224
      00012A E0                     376 	.db #0xe0	; 224
      00012B 20                     377 	.db #0x20	; 32
      00012C E0                     378 	.db #0xe0	; 224
      00012D A0                     379 	.db #0xa0	; 160
      00012E E0                     380 	.db #0xe0	; 224
      00012F A0                     381 	.db #0xa0	; 160
      000130 E0                     382 	.db #0xe0	; 224
      000131 20                     383 	.db #0x20	; 32
      000132 E0                     384 	.db #0xe0	; 224
      000133 E0                     385 	.db #0xe0	; 224
      000134 60                     386 	.db #0x60	; 96
      000135 E0                     387 	.db #0xe0	; 224
      000136 20                     388 	.db #0x20	; 32
      000137 E0                     389 	.db #0xe0	; 224
      000138 E0                     390 	.db #0xe0	; 224
      000139 E0                     391 	.db #0xe0	; 224
      00013A 80                     392 	.db #0x80	; 128
      00013B 80                     393 	.db #0x80	; 128
      00013C 40                     394 	.db #0x40	; 64
      00013D C0                     395 	.db #0xc0	; 192
      00013E C0                     396 	.db #0xc0	; 192
      00013F C0                     397 	.db #0xc0	; 192
                           000140   398 G$HeroRightWalkTile$0_0$0 == .
      000140                        399 _HeroRightWalkTile:
      000140 00                     400 	.db #0x00	; 0
      000141 00                     401 	.db #0x00	; 0
      000142 0F                     402 	.db #0x0f	; 15
      000143 0F                     403 	.db #0x0f	; 15
      000144 3C                     404 	.db #0x3c	; 60
      000145 3F                     405 	.db #0x3f	; 63
      000146 62                     406 	.db #0x62	; 98	'b'
      000147 7F                     407 	.db #0x7f	; 127
      000148 31                     408 	.db #0x31	; 49	'1'
      000149 3F                     409 	.db #0x3f	; 63
      00014A C9                     410 	.db #0xc9	; 201
      00014B FF                     411 	.db #0xff	; 255
      00014C 77                     412 	.db #0x77	; 119	'w'
      00014D 7E                     413 	.db #0x7e	; 126
      00014E 27                     414 	.db #0x27	; 39
      00014F 3D                     415 	.db #0x3d	; 61
      000150 1F                     416 	.db #0x1f	; 31
      000151 18                     417 	.db #0x18	; 24
      000152 3F                     418 	.db #0x3f	; 63
      000153 3E                     419 	.db #0x3e	; 62
      000154 49                     420 	.db #0x49	; 73	'I'
      000155 7F                     421 	.db #0x7f	; 127
      000156 3E                     422 	.db #0x3e	; 62
      000157 33                     423 	.db #0x33	; 51	'3'
      000158 7F                     424 	.db #0x7f	; 127
      000159 67                     425 	.db #0x67	; 103	'g'
      00015A 79                     426 	.db #0x79	; 121	'y'
      00015B 4F                     427 	.db #0x4f	; 79	'O'
      00015C 77                     428 	.db #0x77	; 119	'w'
      00015D 7F                     429 	.db #0x7f	; 127
      00015E FF                     430 	.db #0xff	; 255
      00015F FF                     431 	.db #0xff	; 255
      000160 00                     432 	.db #0x00	; 0
      000161 00                     433 	.db #0x00	; 0
      000162 C0                     434 	.db #0xc0	; 192
      000163 C0                     435 	.db #0xc0	; 192
      000164 B0                     436 	.db #0xb0	; 176
      000165 F0                     437 	.db #0xf0	; 240
      000166 50                     438 	.db #0x50	; 80	'P'
      000167 F0                     439 	.db #0xf0	; 240
      000168 30                     440 	.db #0x30	; 48	'0'
      000169 F0                     441 	.db #0xf0	; 240
      00016A E0                     442 	.db #0xe0	; 224
      00016B E0                     443 	.db #0xe0	; 224
      00016C E0                     444 	.db #0xe0	; 224
      00016D 20                     445 	.db #0x20	; 32
      00016E E0                     446 	.db #0xe0	; 224
      00016F A0                     447 	.db #0xa0	; 160
      000170 E0                     448 	.db #0xe0	; 224
      000171 A0                     449 	.db #0xa0	; 160
      000172 F8                     450 	.db #0xf8	; 248
      000173 38                     451 	.db #0x38	; 56	'8'
      000174 F8                     452 	.db #0xf8	; 248
      000175 E8                     453 	.db #0xe8	; 232
      000176 38                     454 	.db #0x38	; 56	'8'
      000177 E8                     455 	.db #0xe8	; 232
      000178 78                     456 	.db #0x78	; 120	'x'
      000179 F8                     457 	.db #0xf8	; 248
      00017A 88                     458 	.db #0x88	; 136
      00017B F8                     459 	.db #0xf8	; 248
      00017C 98                     460 	.db #0x98	; 152
      00017D F8                     461 	.db #0xf8	; 248
      00017E F0                     462 	.db #0xf0	; 240
      00017F F0                     463 	.db #0xf0	; 240
                           000180   464 G$HeroLeftAttack1Tile$0_0$0 == .
      000180                        465 _HeroLeftAttack1Tile:
      000180 00                     466 	.db #0x00	; 0
      000181 00                     467 	.db #0x00	; 0
      000182 03                     468 	.db #0x03	; 3
      000183 03                     469 	.db #0x03	; 3
      000184 0D                     470 	.db #0x0d	; 13
      000185 0F                     471 	.db #0x0f	; 15
      000186 0A                     472 	.db #0x0a	; 10
      000187 0F                     473 	.db #0x0f	; 15
      000188 0C                     474 	.db #0x0c	; 12
      000189 0F                     475 	.db #0x0f	; 15
      00018A 07                     476 	.db #0x07	; 7
      00018B 07                     477 	.db #0x07	; 7
      00018C 07                     478 	.db #0x07	; 7
      00018D 04                     479 	.db #0x04	; 4
      00018E 07                     480 	.db #0x07	; 7
      00018F 05                     481 	.db #0x05	; 5
      000190 07                     482 	.db #0x07	; 7
      000191 05                     483 	.db #0x05	; 5
      000192 1F                     484 	.db #0x1f	; 31
      000193 1C                     485 	.db #0x1c	; 28
      000194 1F                     486 	.db #0x1f	; 31
      000195 17                     487 	.db #0x17	; 23
      000196 1C                     488 	.db #0x1c	; 28
      000197 17                     489 	.db #0x17	; 23
      000198 1E                     490 	.db #0x1e	; 30
      000199 1F                     491 	.db #0x1f	; 31
      00019A 11                     492 	.db #0x11	; 17
      00019B 1F                     493 	.db #0x1f	; 31
      00019C 19                     494 	.db #0x19	; 25
      00019D 1F                     495 	.db #0x1f	; 31
      00019E 0F                     496 	.db #0x0f	; 15
      00019F 0F                     497 	.db #0x0f	; 15
      0001A0 00                     498 	.db #0x00	; 0
      0001A1 00                     499 	.db #0x00	; 0
      0001A2 F0                     500 	.db #0xf0	; 240
      0001A3 F0                     501 	.db #0xf0	; 240
      0001A4 3C                     502 	.db #0x3c	; 60
      0001A5 FC                     503 	.db #0xfc	; 252
      0001A6 46                     504 	.db #0x46	; 70	'F'
      0001A7 FE                     505 	.db #0xfe	; 254
      0001A8 8C                     506 	.db #0x8c	; 140
      0001A9 FC                     507 	.db #0xfc	; 252
      0001AA 93                     508 	.db #0x93	; 147
      0001AB FF                     509 	.db #0xff	; 255
      0001AC FE                     510 	.db #0xfe	; 254
      0001AD 66                     511 	.db #0x66	; 102	'f'
      0001AE DC                     512 	.db #0xdc	; 220
      0001AF E4                     513 	.db #0xe4	; 228
      0001B0 EE                     514 	.db #0xee	; 238
      0001B1 5E                     515 	.db #0x5e	; 94
      0001B2 FD                     516 	.db #0xfd	; 253
      0001B3 47                     517 	.db #0x47	; 71	'G'
      0001B4 FE                     518 	.db #0xfe	; 254
      0001B5 C6                     519 	.db #0xc6	; 198
      0001B6 FC                     520 	.db #0xfc	; 252
      0001B7 FC                     521 	.db #0xfc	; 252
      0001B8 C4                     522 	.db #0xc4	; 196
      0001B9 FC                     523 	.db #0xfc	; 252
      0001BA FA                     524 	.db #0xfa	; 250
      0001BB FE                     525 	.db #0xfe	; 254
      0001BC 81                     526 	.db #0x81	; 129
      0001BD FF                     527 	.db #0xff	; 255
      0001BE FE                     528 	.db #0xfe	; 254
      0001BF FE                     529 	.db #0xfe	; 254
                           0001C0   530 G$HeroLeftAttack2Tile$0_0$0 == .
      0001C0                        531 _HeroLeftAttack2Tile:
      0001C0 00                     532 	.db #0x00	; 0
      0001C1 00                     533 	.db #0x00	; 0
      0001C2 03                     534 	.db #0x03	; 3
      0001C3 03                     535 	.db #0x03	; 3
      0001C4 0D                     536 	.db #0x0d	; 13
      0001C5 0F                     537 	.db #0x0f	; 15
      0001C6 0A                     538 	.db #0x0a	; 10
      0001C7 0F                     539 	.db #0x0f	; 15
      0001C8 0C                     540 	.db #0x0c	; 12
      0001C9 0F                     541 	.db #0x0f	; 15
      0001CA 07                     542 	.db #0x07	; 7
      0001CB 07                     543 	.db #0x07	; 7
      0001CC 07                     544 	.db #0x07	; 7
      0001CD 04                     545 	.db #0x04	; 4
      0001CE 07                     546 	.db #0x07	; 7
      0001CF 05                     547 	.db #0x05	; 5
      0001D0 07                     548 	.db #0x07	; 7
      0001D1 05                     549 	.db #0x05	; 5
      0001D2 1F                     550 	.db #0x1f	; 31
      0001D3 1F                     551 	.db #0x1f	; 31
      0001D4 1B                     552 	.db #0x1b	; 27
      0001D5 04                     553 	.db #0x04	; 4
      0001D6 1B                     554 	.db #0x1b	; 27
      0001D7 04                     555 	.db #0x04	; 4
      0001D8 1F                     556 	.db #0x1f	; 31
      0001D9 1F                     557 	.db #0x1f	; 31
      0001DA 09                     558 	.db #0x09	; 9
      0001DB 0F                     559 	.db #0x0f	; 15
      0001DC 11                     560 	.db #0x11	; 17
      0001DD 1F                     561 	.db #0x1f	; 31
      0001DE 1F                     562 	.db #0x1f	; 31
      0001DF 1F                     563 	.db #0x1f	; 31
      0001E0 00                     564 	.db #0x00	; 0
      0001E1 00                     565 	.db #0x00	; 0
      0001E2 F0                     566 	.db #0xf0	; 240
      0001E3 F0                     567 	.db #0xf0	; 240
      0001E4 3C                     568 	.db #0x3c	; 60
      0001E5 FC                     569 	.db #0xfc	; 252
      0001E6 46                     570 	.db #0x46	; 70	'F'
      0001E7 FE                     571 	.db #0xfe	; 254
      0001E8 8C                     572 	.db #0x8c	; 140
      0001E9 FC                     573 	.db #0xfc	; 252
      0001EA 93                     574 	.db #0x93	; 147
      0001EB FF                     575 	.db #0xff	; 255
      0001EC E2                     576 	.db #0xe2	; 226
      0001ED 7E                     577 	.db #0x7e	; 126
      0001EE E4                     578 	.db #0xe4	; 228
      0001EF BC                     579 	.db #0xbc	; 188
      0001F0 FE                     580 	.db #0xfe	; 254
      0001F1 7E                     581 	.db #0x7e	; 126
      0001F2 F9                     582 	.db #0xf9	; 249
      0001F3 8F                     583 	.db #0x8f	; 143
      0001F4 FA                     584 	.db #0xfa	; 250
      0001F5 0E                     585 	.db #0x0e	; 14
      0001F6 FC                     586 	.db #0xfc	; 252
      0001F7 3C                     587 	.db #0x3c	; 60
      0001F8 C4                     588 	.db #0xc4	; 196
      0001F9 FC                     589 	.db #0xfc	; 252
      0001FA FA                     590 	.db #0xfa	; 250
      0001FB FE                     591 	.db #0xfe	; 254
      0001FC 81                     592 	.db #0x81	; 129
      0001FD FF                     593 	.db #0xff	; 255
      0001FE FE                     594 	.db #0xfe	; 254
      0001FF FE                     595 	.db #0xfe	; 254
                           000200   596 G$HeroRightAttack1Tile$0_0$0 == .
      000200                        597 _HeroRightAttack1Tile:
      000200 00                     598 	.db #0x00	; 0
      000201 00                     599 	.db #0x00	; 0
      000202 0F                     600 	.db #0x0f	; 15
      000203 0F                     601 	.db #0x0f	; 15
      000204 3C                     602 	.db #0x3c	; 60
      000205 3F                     603 	.db #0x3f	; 63
      000206 62                     604 	.db #0x62	; 98	'b'
      000207 7F                     605 	.db #0x7f	; 127
      000208 31                     606 	.db #0x31	; 49	'1'
      000209 3F                     607 	.db #0x3f	; 63
      00020A C9                     608 	.db #0xc9	; 201
      00020B FF                     609 	.db #0xff	; 255
      00020C 7F                     610 	.db #0x7f	; 127
      00020D 66                     611 	.db #0x66	; 102	'f'
      00020E 3B                     612 	.db #0x3b	; 59
      00020F 27                     613 	.db #0x27	; 39
      000210 77                     614 	.db #0x77	; 119	'w'
      000211 7A                     615 	.db #0x7a	; 122	'z'
      000212 BF                     616 	.db #0xbf	; 191
      000213 E2                     617 	.db #0xe2	; 226
      000214 7F                     618 	.db #0x7f	; 127
      000215 63                     619 	.db #0x63	; 99	'c'
      000216 3F                     620 	.db #0x3f	; 63
      000217 3F                     621 	.db #0x3f	; 63
      000218 23                     622 	.db #0x23	; 35
      000219 3F                     623 	.db #0x3f	; 63
      00021A 5F                     624 	.db #0x5f	; 95
      00021B 7F                     625 	.db #0x7f	; 127
      00021C 81                     626 	.db #0x81	; 129
      00021D FF                     627 	.db #0xff	; 255
      00021E 7F                     628 	.db #0x7f	; 127
      00021F 7F                     629 	.db #0x7f	; 127
      000220 00                     630 	.db #0x00	; 0
      000221 00                     631 	.db #0x00	; 0
      000222 C0                     632 	.db #0xc0	; 192
      000223 C0                     633 	.db #0xc0	; 192
      000224 B0                     634 	.db #0xb0	; 176
      000225 F0                     635 	.db #0xf0	; 240
      000226 50                     636 	.db #0x50	; 80	'P'
      000227 F0                     637 	.db #0xf0	; 240
      000228 30                     638 	.db #0x30	; 48	'0'
      000229 F0                     639 	.db #0xf0	; 240
      00022A E0                     640 	.db #0xe0	; 224
      00022B E0                     641 	.db #0xe0	; 224
      00022C E0                     642 	.db #0xe0	; 224
      00022D 20                     643 	.db #0x20	; 32
      00022E E0                     644 	.db #0xe0	; 224
      00022F A0                     645 	.db #0xa0	; 160
      000230 E0                     646 	.db #0xe0	; 224
      000231 A0                     647 	.db #0xa0	; 160
      000232 F8                     648 	.db #0xf8	; 248
      000233 38                     649 	.db #0x38	; 56	'8'
      000234 F8                     650 	.db #0xf8	; 248
      000235 E8                     651 	.db #0xe8	; 232
      000236 38                     652 	.db #0x38	; 56	'8'
      000237 E8                     653 	.db #0xe8	; 232
      000238 78                     654 	.db #0x78	; 120	'x'
      000239 F8                     655 	.db #0xf8	; 248
      00023A 88                     656 	.db #0x88	; 136
      00023B F8                     657 	.db #0xf8	; 248
      00023C 98                     658 	.db #0x98	; 152
      00023D F8                     659 	.db #0xf8	; 248
      00023E F0                     660 	.db #0xf0	; 240
      00023F F0                     661 	.db #0xf0	; 240
                           000240   662 G$HeroRightAttack2Tile$0_0$0 == .
      000240                        663 _HeroRightAttack2Tile:
      000240 00                     664 	.db #0x00	; 0
      000241 00                     665 	.db #0x00	; 0
      000242 0F                     666 	.db #0x0f	; 15
      000243 0F                     667 	.db #0x0f	; 15
      000244 3C                     668 	.db #0x3c	; 60
      000245 3F                     669 	.db #0x3f	; 63
      000246 62                     670 	.db #0x62	; 98	'b'
      000247 7F                     671 	.db #0x7f	; 127
      000248 31                     672 	.db #0x31	; 49	'1'
      000249 3F                     673 	.db #0x3f	; 63
      00024A C9                     674 	.db #0xc9	; 201
      00024B FF                     675 	.db #0xff	; 255
      00024C 47                     676 	.db #0x47	; 71	'G'
      00024D 7E                     677 	.db #0x7e	; 126
      00024E 27                     678 	.db #0x27	; 39
      00024F 3D                     679 	.db #0x3d	; 61
      000250 7F                     680 	.db #0x7f	; 127
      000251 7E                     681 	.db #0x7e	; 126
      000252 9F                     682 	.db #0x9f	; 159
      000253 F1                     683 	.db #0xf1	; 241
      000254 5F                     684 	.db #0x5f	; 95
      000255 70                     685 	.db #0x70	; 112	'p'
      000256 3F                     686 	.db #0x3f	; 63
      000257 3C                     687 	.db #0x3c	; 60
      000258 23                     688 	.db #0x23	; 35
      000259 3F                     689 	.db #0x3f	; 63
      00025A 5F                     690 	.db #0x5f	; 95
      00025B 7F                     691 	.db #0x7f	; 127
      00025C 81                     692 	.db #0x81	; 129
      00025D FF                     693 	.db #0xff	; 255
      00025E 7F                     694 	.db #0x7f	; 127
      00025F 7F                     695 	.db #0x7f	; 127
      000260 00                     696 	.db #0x00	; 0
      000261 00                     697 	.db #0x00	; 0
      000262 C0                     698 	.db #0xc0	; 192
      000263 C0                     699 	.db #0xc0	; 192
      000264 B0                     700 	.db #0xb0	; 176
      000265 F0                     701 	.db #0xf0	; 240
      000266 50                     702 	.db #0x50	; 80	'P'
      000267 F0                     703 	.db #0xf0	; 240
      000268 30                     704 	.db #0x30	; 48	'0'
      000269 F0                     705 	.db #0xf0	; 240
      00026A E0                     706 	.db #0xe0	; 224
      00026B E0                     707 	.db #0xe0	; 224
      00026C E0                     708 	.db #0xe0	; 224
      00026D 20                     709 	.db #0x20	; 32
      00026E E0                     710 	.db #0xe0	; 224
      00026F A0                     711 	.db #0xa0	; 160
      000270 E0                     712 	.db #0xe0	; 224
      000271 A0                     713 	.db #0xa0	; 160
      000272 F8                     714 	.db #0xf8	; 248
      000273 F8                     715 	.db #0xf8	; 248
      000274 D8                     716 	.db #0xd8	; 216
      000275 20                     717 	.db #0x20	; 32
      000276 D8                     718 	.db #0xd8	; 216
      000277 20                     719 	.db #0x20	; 32
      000278 F8                     720 	.db #0xf8	; 248
      000279 F8                     721 	.db #0xf8	; 248
      00027A 90                     722 	.db #0x90	; 144
      00027B F0                     723 	.db #0xf0	; 240
      00027C 88                     724 	.db #0x88	; 136
      00027D F8                     725 	.db #0xf8	; 248
      00027E F8                     726 	.db #0xf8	; 248
      00027F F8                     727 	.db #0xf8	; 248
                           000280   728 G$HeroDownAttack1Tile$0_0$0 == .
      000280                        729 _HeroDownAttack1Tile:
      000280 1F                     730 	.db #0x1f	; 31
      000281 1F                     731 	.db #0x1f	; 31
      000282 64                     732 	.db #0x64	; 100	'd'
      000283 7F                     733 	.db #0x7f	; 127
      000284 A4                     734 	.db #0xa4	; 164
      000285 FF                     735 	.db #0xff	; 255
      000286 52                     736 	.db #0x52	; 82	'R'
      000287 7F                     737 	.db #0x7f	; 127
      000288 CF                     738 	.db #0xcf	; 207
      000289 FF                     739 	.db #0xff	; 255
      00028A BF                     740 	.db #0xbf	; 191
      00028B F8                     741 	.db #0xf8	; 248
      00028C 4F                     742 	.db #0x4f	; 79	'O'
      00028D 7F                     743 	.db #0x7f	; 127
      00028E 7F                     744 	.db #0x7f	; 127
      00028F 7A                     745 	.db #0x7a	; 122	'z'
      000290 E7                     746 	.db #0xe7	; 231
      000291 A4                     747 	.db #0xa4	; 164
      000292 FF                     748 	.db #0xff	; 255
      000293 BF                     749 	.db #0xbf	; 191
      000294 F1                     750 	.db #0xf1	; 241
      000295 9F                     751 	.db #0x9f	; 159
      000296 64                     752 	.db #0x64	; 100	'd'
      000297 7F                     753 	.db #0x7f	; 127
      000298 1F                     754 	.db #0x1f	; 31
      000299 1F                     755 	.db #0x1f	; 31
      00029A 19                     756 	.db #0x19	; 25
      00029B 1F                     757 	.db #0x1f	; 31
      00029C 0F                     758 	.db #0x0f	; 15
      00029D 0F                     759 	.db #0x0f	; 15
      00029E 01                     760 	.db #0x01	; 1
      00029F 01                     761 	.db #0x01	; 1
      0002A0 E0                     762 	.db #0xe0	; 224
      0002A1 E0                     763 	.db #0xe0	; 224
      0002A2 30                     764 	.db #0x30	; 48	'0'
      0002A3 F0                     765 	.db #0xf0	; 240
      0002A4 48                     766 	.db #0x48	; 72	'H'
      0002A5 F8                     767 	.db #0xf8	; 248
      0002A6 4C                     768 	.db #0x4c	; 76	'L'
      0002A7 FC                     769 	.db #0xfc	; 252
      0002A8 72                     770 	.db #0x72	; 114	'r'
      0002A9 FE                     771 	.db #0xfe	; 254
      0002AA F4                     772 	.db #0xf4	; 244
      0002AB 9C                     773 	.db #0x9c	; 156
      0002AC F8                     774 	.db #0xf8	; 248
      0002AD 78                     775 	.db #0x78	; 120	'x'
      0002AE F0                     776 	.db #0xf0	; 240
      0002AF 50                     777 	.db #0x50	; 80	'P'
      0002B0 E0                     778 	.db #0xe0	; 224
      0002B1 20                     779 	.db #0x20	; 32
      0002B2 FE                     780 	.db #0xfe	; 254
      0002B3 FE                     781 	.db #0xfe	; 254
      0002B4 91                     782 	.db #0x91	; 145
      0002B5 FF                     783 	.db #0xff	; 255
      0002B6 22                     784 	.db #0x22	; 34
      0002B7 FE                     785 	.db #0xfe	; 254
      0002B8 F7                     786 	.db #0xf7	; 247
      0002B9 FD                     787 	.db #0xfd	; 253
      0002BA 3A                     788 	.db #0x3a	; 58
      0002BB FA                     789 	.db #0xfa	; 250
      0002BC 30                     790 	.db #0x30	; 48	'0'
      0002BD F0                     791 	.db #0xf0	; 240
      0002BE F8                     792 	.db #0xf8	; 248
      0002BF F8                     793 	.db #0xf8	; 248
                           0002C0   794 G$HeroDownAttack2Tile$0_0$0 == .
      0002C0                        795 _HeroDownAttack2Tile:
      0002C0 00                     796 	.db #0x00	; 0
      0002C1 00                     797 	.db #0x00	; 0
      0002C2 1F                     798 	.db #0x1f	; 31
      0002C3 1F                     799 	.db #0x1f	; 31
      0002C4 64                     800 	.db #0x64	; 100	'd'
      0002C5 7F                     801 	.db #0x7f	; 127
      0002C6 A4                     802 	.db #0xa4	; 164
      0002C7 FF                     803 	.db #0xff	; 255
      0002C8 52                     804 	.db #0x52	; 82	'R'
      0002C9 7F                     805 	.db #0x7f	; 127
      0002CA CF                     806 	.db #0xcf	; 207
      0002CB FF                     807 	.db #0xff	; 255
      0002CC BF                     808 	.db #0xbf	; 191
      0002CD F8                     809 	.db #0xf8	; 248
      0002CE 4F                     810 	.db #0x4f	; 79	'O'
      0002CF 7F                     811 	.db #0x7f	; 127
      0002D0 3F                     812 	.db #0x3f	; 63
      0002D1 3A                     813 	.db #0x3a	; 58
      0002D2 07                     814 	.db #0x07	; 7
      0002D3 04                     815 	.db #0x04	; 4
      0002D4 7F                     816 	.db #0x7f	; 127
      0002D5 7F                     817 	.db #0x7f	; 127
      0002D6 54                     818 	.db #0x54	; 84	'T'
      0002D7 6F                     819 	.db #0x6f	; 111	'o'
      0002D8 3B                     820 	.db #0x3b	; 59
      0002D9 27                     821 	.db #0x27	; 39
      0002DA 17                     822 	.db #0x17	; 23
      0002DB 19                     823 	.db #0x19	; 25
      0002DC 0F                     824 	.db #0x0f	; 15
      0002DD 09                     825 	.db #0x09	; 9
      0002DE 07                     826 	.db #0x07	; 7
      0002DF 07                     827 	.db #0x07	; 7
      0002E0 00                     828 	.db #0x00	; 0
      0002E1 00                     829 	.db #0x00	; 0
      0002E2 E0                     830 	.db #0xe0	; 224
      0002E3 E0                     831 	.db #0xe0	; 224
      0002E4 30                     832 	.db #0x30	; 48	'0'
      0002E5 F0                     833 	.db #0xf0	; 240
      0002E6 48                     834 	.db #0x48	; 72	'H'
      0002E7 F8                     835 	.db #0xf8	; 248
      0002E8 4C                     836 	.db #0x4c	; 76	'L'
      0002E9 FC                     837 	.db #0xfc	; 252
      0002EA 72                     838 	.db #0x72	; 114	'r'
      0002EB FE                     839 	.db #0xfe	; 254
      0002EC F4                     840 	.db #0xf4	; 244
      0002ED 9C                     841 	.db #0x9c	; 156
      0002EE F8                     842 	.db #0xf8	; 248
      0002EF 78                     843 	.db #0x78	; 120	'x'
      0002F0 F0                     844 	.db #0xf0	; 240
      0002F1 50                     845 	.db #0x50	; 80	'P'
      0002F2 E0                     846 	.db #0xe0	; 224
      0002F3 20                     847 	.db #0x20	; 32
      0002F4 FE                     848 	.db #0xfe	; 254
      0002F5 FE                     849 	.db #0xfe	; 254
      0002F6 91                     850 	.db #0x91	; 145
      0002F7 FF                     851 	.db #0xff	; 255
      0002F8 E2                     852 	.db #0xe2	; 226
      0002F9 FE                     853 	.db #0xfe	; 254
      0002FA 97                     854 	.db #0x97	; 151
      0002FB FD                     855 	.db #0xfd	; 253
      0002FC 3A                     856 	.db #0x3a	; 58
      0002FD FA                     857 	.db #0xfa	; 250
      0002FE F0                     858 	.db #0xf0	; 240
      0002FF F0                     859 	.db #0xf0	; 240
                           000300   860 G$HeroUpTile$0_0$0 == .
      000300                        861 _HeroUpTile:
      000300 07                     862 	.db #0x07	; 7
      000301 07                     863 	.db #0x07	; 7
      000302 08                     864 	.db #0x08	; 8
      000303 0F                     865 	.db #0x0f	; 15
      000304 14                     866 	.db #0x14	; 20
      000305 1F                     867 	.db #0x1f	; 31
      000306 32                     868 	.db #0x32	; 50	'2'
      000307 3F                     869 	.db #0x3f	; 63
      000308 49                     870 	.db #0x49	; 73	'I'
      000309 7F                     871 	.db #0x7f	; 127
      00030A 25                     872 	.db #0x25	; 37
      00030B 3F                     873 	.db #0x3f	; 63
      00030C 14                     874 	.db #0x14	; 20
      00030D 1F                     875 	.db #0x1f	; 31
      00030E 0F                     876 	.db #0x0f	; 15
      00030F 0B                     877 	.db #0x0b	; 11
      000310 07                     878 	.db #0x07	; 7
      000311 04                     879 	.db #0x04	; 4
      000312 7F                     880 	.db #0x7f	; 127
      000313 7F                     881 	.db #0x7f	; 127
      000314 89                     882 	.db #0x89	; 137
      000315 FF                     883 	.db #0xff	; 255
      000316 44                     884 	.db #0x44	; 68	'D'
      000317 7F                     885 	.db #0x7f	; 127
      000318 EF                     886 	.db #0xef	; 239
      000319 BF                     887 	.db #0xbf	; 191
      00031A 5C                     888 	.db #0x5c	; 92
      00031B 5F                     889 	.db #0x5f	; 95
      00031C 0C                     890 	.db #0x0c	; 12
      00031D 0F                     891 	.db #0x0f	; 15
      00031E 1F                     892 	.db #0x1f	; 31
      00031F 1F                     893 	.db #0x1f	; 31
      000320 F8                     894 	.db #0xf8	; 248
      000321 F8                     895 	.db #0xf8	; 248
      000322 96                     896 	.db #0x96	; 150
      000323 FE                     897 	.db #0xfe	; 254
      000324 89                     898 	.db #0x89	; 137
      000325 FF                     899 	.db #0xff	; 255
      000326 4A                     900 	.db #0x4a	; 74	'J'
      000327 FE                     901 	.db #0xfe	; 254
      000328 65                     902 	.db #0x65	; 101	'e'
      000329 FF                     903 	.db #0xff	; 255
      00032A 25                     904 	.db #0x25	; 37
      00032B FF                     905 	.db #0xff	; 255
      00032C 92                     906 	.db #0x92	; 146
      00032D FE                     907 	.db #0xfe	; 254
      00032E FC                     908 	.db #0xfc	; 252
      00032F DC                     909 	.db #0xdc	; 220
      000330 E0                     910 	.db #0xe0	; 224
      000331 20                     911 	.db #0x20	; 32
      000332 FE                     912 	.db #0xfe	; 254
      000333 FE                     913 	.db #0xfe	; 254
      000334 97                     914 	.db #0x97	; 151
      000335 FF                     915 	.db #0xff	; 255
      000336 2F                     916 	.db #0x2f	; 47
      000337 F9                     917 	.db #0xf9	; 249
      000338 FF                     918 	.db #0xff	; 255
      000339 F9                     919 	.db #0xf9	; 249
      00033A 96                     920 	.db #0x96	; 150
      00033B F6                     921 	.db #0xf6	; 246
      00033C F0                     922 	.db #0xf0	; 240
      00033D F0                     923 	.db #0xf0	; 240
      00033E 80                     924 	.db #0x80	; 128
      00033F 80                     925 	.db #0x80	; 128
                           000340   926 G$HeroUpWalkTile$0_0$0 == .
      000340                        927 _HeroUpWalkTile:
      000340 07                     928 	.db #0x07	; 7
      000341 07                     929 	.db #0x07	; 7
      000342 08                     930 	.db #0x08	; 8
      000343 0F                     931 	.db #0x0f	; 15
      000344 14                     932 	.db #0x14	; 20
      000345 1F                     933 	.db #0x1f	; 31
      000346 32                     934 	.db #0x32	; 50	'2'
      000347 3F                     935 	.db #0x3f	; 63
      000348 49                     936 	.db #0x49	; 73	'I'
      000349 7F                     937 	.db #0x7f	; 127
      00034A 25                     938 	.db #0x25	; 37
      00034B 3F                     939 	.db #0x3f	; 63
      00034C 14                     940 	.db #0x14	; 20
      00034D 1F                     941 	.db #0x1f	; 31
      00034E 0F                     942 	.db #0x0f	; 15
      00034F 0B                     943 	.db #0x0b	; 11
      000350 07                     944 	.db #0x07	; 7
      000351 04                     945 	.db #0x04	; 4
      000352 7F                     946 	.db #0x7f	; 127
      000353 7F                     947 	.db #0x7f	; 127
      000354 E9                     948 	.db #0xe9	; 233
      000355 FF                     949 	.db #0xff	; 255
      000356 F4                     950 	.db #0xf4	; 244
      000357 9F                     951 	.db #0x9f	; 159
      000358 FF                     952 	.db #0xff	; 255
      000359 9F                     953 	.db #0x9f	; 159
      00035A 6C                     954 	.db #0x6c	; 108	'l'
      00035B 6F                     955 	.db #0x6f	; 111	'o'
      00035C 07                     956 	.db #0x07	; 7
      00035D 07                     957 	.db #0x07	; 7
      00035E 00                     958 	.db #0x00	; 0
      00035F 00                     959 	.db #0x00	; 0
      000360 F8                     960 	.db #0xf8	; 248
      000361 F8                     961 	.db #0xf8	; 248
      000362 96                     962 	.db #0x96	; 150
      000363 FE                     963 	.db #0xfe	; 254
      000364 89                     964 	.db #0x89	; 137
      000365 FF                     965 	.db #0xff	; 255
      000366 4A                     966 	.db #0x4a	; 74	'J'
      000367 FE                     967 	.db #0xfe	; 254
      000368 65                     968 	.db #0x65	; 101	'e'
      000369 FF                     969 	.db #0xff	; 255
      00036A 25                     970 	.db #0x25	; 37
      00036B FF                     971 	.db #0xff	; 255
      00036C 92                     972 	.db #0x92	; 146
      00036D FE                     973 	.db #0xfe	; 254
      00036E FC                     974 	.db #0xfc	; 252
      00036F DC                     975 	.db #0xdc	; 220
      000370 E0                     976 	.db #0xe0	; 224
      000371 20                     977 	.db #0x20	; 32
      000372 FE                     978 	.db #0xfe	; 254
      000373 FE                     979 	.db #0xfe	; 254
      000374 91                     980 	.db #0x91	; 145
      000375 FF                     981 	.db #0xff	; 255
      000376 22                     982 	.db #0x22	; 34
      000377 FE                     983 	.db #0xfe	; 254
      000378 F7                     984 	.db #0xf7	; 247
      000379 FD                     985 	.db #0xfd	; 253
      00037A 9A                     986 	.db #0x9a	; 154
      00037B FA                     987 	.db #0xfa	; 250
      00037C 90                     988 	.db #0x90	; 144
      00037D F0                     989 	.db #0xf0	; 240
      00037E F8                     990 	.db #0xf8	; 248
      00037F F8                     991 	.db #0xf8	; 248
                           000380   992 G$HeroUpAttack1Tile$0_0$0 == .
      000380                        993 _HeroUpAttack1Tile:
      000380 07                     994 	.db #0x07	; 7
      000381 07                     995 	.db #0x07	; 7
      000382 08                     996 	.db #0x08	; 8
      000383 0F                     997 	.db #0x0f	; 15
      000384 14                     998 	.db #0x14	; 20
      000385 1F                     999 	.db #0x1f	; 31
      000386 32                    1000 	.db #0x32	; 50	'2'
      000387 3F                    1001 	.db #0x3f	; 63
      000388 49                    1002 	.db #0x49	; 73	'I'
      000389 7F                    1003 	.db #0x7f	; 127
      00038A 25                    1004 	.db #0x25	; 37
      00038B 3F                    1005 	.db #0x3f	; 63
      00038C 14                    1006 	.db #0x14	; 20
      00038D 1F                    1007 	.db #0x1f	; 31
      00038E 0F                    1008 	.db #0x0f	; 15
      00038F 0B                    1009 	.db #0x0b	; 11
      000390 07                    1010 	.db #0x07	; 7
      000391 04                    1011 	.db #0x04	; 4
      000392 7F                    1012 	.db #0x7f	; 127
      000393 7F                    1013 	.db #0x7f	; 127
      000394 89                    1014 	.db #0x89	; 137
      000395 FF                    1015 	.db #0xff	; 255
      000396 44                    1016 	.db #0x44	; 68	'D'
      000397 7F                    1017 	.db #0x7f	; 127
      000398 EF                    1018 	.db #0xef	; 239
      000399 BF                    1019 	.db #0xbf	; 191
      00039A 5C                    1020 	.db #0x5c	; 92
      00039B 5F                    1021 	.db #0x5f	; 95
      00039C 0C                    1022 	.db #0x0c	; 12
      00039D 0F                    1023 	.db #0x0f	; 15
      00039E 1F                    1024 	.db #0x1f	; 31
      00039F 1F                    1025 	.db #0x1f	; 31
      0003A0 F8                    1026 	.db #0xf8	; 248
      0003A1 F8                    1027 	.db #0xf8	; 248
      0003A2 96                    1028 	.db #0x96	; 150
      0003A3 FE                    1029 	.db #0xfe	; 254
      0003A4 89                    1030 	.db #0x89	; 137
      0003A5 FF                    1031 	.db #0xff	; 255
      0003A6 4A                    1032 	.db #0x4a	; 74	'J'
      0003A7 FE                    1033 	.db #0xfe	; 254
      0003A8 65                    1034 	.db #0x65	; 101	'e'
      0003A9 FF                    1035 	.db #0xff	; 255
      0003AA 25                    1036 	.db #0x25	; 37
      0003AB FF                    1037 	.db #0xff	; 255
      0003AC 92                    1038 	.db #0x92	; 146
      0003AD FE                    1039 	.db #0xfe	; 254
      0003AE FC                    1040 	.db #0xfc	; 252
      0003AF DC                    1041 	.db #0xdc	; 220
      0003B0 E0                    1042 	.db #0xe0	; 224
      0003B1 20                    1043 	.db #0x20	; 32
      0003B2 FE                    1044 	.db #0xfe	; 254
      0003B3 FE                    1045 	.db #0xfe	; 254
      0003B4 97                    1046 	.db #0x97	; 151
      0003B5 FF                    1047 	.db #0xff	; 255
      0003B6 2F                    1048 	.db #0x2f	; 47
      0003B7 F9                    1049 	.db #0xf9	; 249
      0003B8 FF                    1050 	.db #0xff	; 255
      0003B9 F9                    1051 	.db #0xf9	; 249
      0003BA 96                    1052 	.db #0x96	; 150
      0003BB F6                    1053 	.db #0xf6	; 246
      0003BC F0                    1054 	.db #0xf0	; 240
      0003BD F0                    1055 	.db #0xf0	; 240
      0003BE 80                    1056 	.db #0x80	; 128
      0003BF 80                    1057 	.db #0x80	; 128
                           0003C0  1058 G$HeroUpAttack2Tile$0_0$0 == .
      0003C0                       1059 _HeroUpAttack2Tile:
      0003C0 07                    1060 	.db #0x07	; 7
      0003C1 07                    1061 	.db #0x07	; 7
      0003C2 08                    1062 	.db #0x08	; 8
      0003C3 0F                    1063 	.db #0x0f	; 15
      0003C4 14                    1064 	.db #0x14	; 20
      0003C5 1F                    1065 	.db #0x1f	; 31
      0003C6 32                    1066 	.db #0x32	; 50	'2'
      0003C7 3F                    1067 	.db #0x3f	; 63
      0003C8 49                    1068 	.db #0x49	; 73	'I'
      0003C9 7F                    1069 	.db #0x7f	; 127
      0003CA 25                    1070 	.db #0x25	; 37
      0003CB 3F                    1071 	.db #0x3f	; 63
      0003CC 14                    1072 	.db #0x14	; 20
      0003CD 1F                    1073 	.db #0x1f	; 31
      0003CE 0F                    1074 	.db #0x0f	; 15
      0003CF 0B                    1075 	.db #0x0b	; 11
      0003D0 07                    1076 	.db #0x07	; 7
      0003D1 04                    1077 	.db #0x04	; 4
      0003D2 7F                    1078 	.db #0x7f	; 127
      0003D3 7F                    1079 	.db #0x7f	; 127
      0003D4 89                    1080 	.db #0x89	; 137
      0003D5 FF                    1081 	.db #0xff	; 255
      0003D6 44                    1082 	.db #0x44	; 68	'D'
      0003D7 7F                    1083 	.db #0x7f	; 127
      0003D8 EF                    1084 	.db #0xef	; 239
      0003D9 BF                    1085 	.db #0xbf	; 191
      0003DA 5C                    1086 	.db #0x5c	; 92
      0003DB 5F                    1087 	.db #0x5f	; 95
      0003DC 0C                    1088 	.db #0x0c	; 12
      0003DD 0F                    1089 	.db #0x0f	; 15
      0003DE 1F                    1090 	.db #0x1f	; 31
      0003DF 1F                    1091 	.db #0x1f	; 31
      0003E0 F8                    1092 	.db #0xf8	; 248
      0003E1 F8                    1093 	.db #0xf8	; 248
      0003E2 96                    1094 	.db #0x96	; 150
      0003E3 FE                    1095 	.db #0xfe	; 254
      0003E4 89                    1096 	.db #0x89	; 137
      0003E5 FF                    1097 	.db #0xff	; 255
      0003E6 4A                    1098 	.db #0x4a	; 74	'J'
      0003E7 FE                    1099 	.db #0xfe	; 254
      0003E8 65                    1100 	.db #0x65	; 101	'e'
      0003E9 FF                    1101 	.db #0xff	; 255
      0003EA 25                    1102 	.db #0x25	; 37
      0003EB FF                    1103 	.db #0xff	; 255
      0003EC 92                    1104 	.db #0x92	; 146
      0003ED FE                    1105 	.db #0xfe	; 254
      0003EE FC                    1106 	.db #0xfc	; 252
      0003EF DC                    1107 	.db #0xdc	; 220
      0003F0 E0                    1108 	.db #0xe0	; 224
      0003F1 20                    1109 	.db #0x20	; 32
      0003F2 FC                    1110 	.db #0xfc	; 252
      0003F3 FC                    1111 	.db #0xfc	; 252
      0003F4 92                    1112 	.db #0x92	; 146
      0003F5 FE                    1113 	.db #0xfe	; 254
      0003F6 2C                    1114 	.db #0x2c	; 44
      0003F7 FC                    1115 	.db #0xfc	; 252
      0003F8 F8                    1116 	.db #0xf8	; 248
      0003F9 F8                    1117 	.db #0xf8	; 248
      0003FA 90                    1118 	.db #0x90	; 144
      0003FB F0                    1119 	.db #0xf0	; 240
      0003FC F0                    1120 	.db #0xf0	; 240
      0003FD F0                    1121 	.db #0xf0	; 240
      0003FE 80                    1122 	.db #0x80	; 128
      0003FF 80                    1123 	.db #0x80	; 128
                           000400  1124 G$HeroBlinkTile$0_0$0 == .
      000400                       1125 _HeroBlinkTile:
      000400 00                    1126 	.db #0x00	; 0
      000401 00                    1127 	.db #0x00	; 0
      000402 00                    1128 	.db #0x00	; 0
      000403 00                    1129 	.db #0x00	; 0
      000404 00                    1130 	.db #0x00	; 0
      000405 00                    1131 	.db #0x00	; 0
      000406 00                    1132 	.db #0x00	; 0
      000407 00                    1133 	.db #0x00	; 0
      000408 00                    1134 	.db #0x00	; 0
      000409 00                    1135 	.db #0x00	; 0
      00040A 00                    1136 	.db #0x00	; 0
      00040B 00                    1137 	.db #0x00	; 0
      00040C 00                    1138 	.db #0x00	; 0
      00040D 00                    1139 	.db #0x00	; 0
      00040E 00                    1140 	.db #0x00	; 0
      00040F 00                    1141 	.db #0x00	; 0
      000410 00                    1142 	.db #0x00	; 0
      000411 00                    1143 	.db #0x00	; 0
      000412 00                    1144 	.db #0x00	; 0
      000413 00                    1145 	.db #0x00	; 0
      000414 00                    1146 	.db #0x00	; 0
      000415 00                    1147 	.db #0x00	; 0
      000416 00                    1148 	.db #0x00	; 0
      000417 00                    1149 	.db #0x00	; 0
      000418 00                    1150 	.db #0x00	; 0
      000419 00                    1151 	.db #0x00	; 0
      00041A 00                    1152 	.db #0x00	; 0
      00041B 00                    1153 	.db #0x00	; 0
      00041C 00                    1154 	.db #0x00	; 0
      00041D 00                    1155 	.db #0x00	; 0
      00041E 00                    1156 	.db #0x00	; 0
      00041F 00                    1157 	.db #0x00	; 0
      000420 00                    1158 	.db #0x00	; 0
      000421 00                    1159 	.db #0x00	; 0
      000422 00                    1160 	.db #0x00	; 0
      000423 00                    1161 	.db #0x00	; 0
      000424 00                    1162 	.db #0x00	; 0
      000425 00                    1163 	.db #0x00	; 0
      000426 00                    1164 	.db #0x00	; 0
      000427 00                    1165 	.db #0x00	; 0
      000428 00                    1166 	.db #0x00	; 0
      000429 00                    1167 	.db #0x00	; 0
      00042A 00                    1168 	.db #0x00	; 0
      00042B 00                    1169 	.db #0x00	; 0
      00042C 00                    1170 	.db #0x00	; 0
      00042D 00                    1171 	.db #0x00	; 0
      00042E 00                    1172 	.db #0x00	; 0
      00042F 00                    1173 	.db #0x00	; 0
      000430 00                    1174 	.db #0x00	; 0
      000431 00                    1175 	.db #0x00	; 0
      000432 00                    1176 	.db #0x00	; 0
      000433 00                    1177 	.db #0x00	; 0
      000434 00                    1178 	.db #0x00	; 0
      000435 00                    1179 	.db #0x00	; 0
      000436 00                    1180 	.db #0x00	; 0
      000437 00                    1181 	.db #0x00	; 0
      000438 00                    1182 	.db #0x00	; 0
      000439 00                    1183 	.db #0x00	; 0
      00043A 00                    1184 	.db #0x00	; 0
      00043B 00                    1185 	.db #0x00	; 0
      00043C 00                    1186 	.db #0x00	; 0
      00043D 00                    1187 	.db #0x00	; 0
      00043E 00                    1188 	.db #0x00	; 0
      00043F 00                    1189 	.db #0x00	; 0
                           000440  1190 G$SwordRightUpTile$0_0$0 == .
      000440                       1191 _SwordRightUpTile:
      000440 00                    1192 	.db #0x00	; 0
      000441 00                    1193 	.db #0x00	; 0
      000442 00                    1194 	.db #0x00	; 0
      000443 00                    1195 	.db #0x00	; 0
      000444 00                    1196 	.db #0x00	; 0
      000445 00                    1197 	.db #0x00	; 0
      000446 00                    1198 	.db #0x00	; 0
      000447 00                    1199 	.db #0x00	; 0
      000448 00                    1200 	.db #0x00	; 0
      000449 00                    1201 	.db #0x00	; 0
      00044A 00                    1202 	.db #0x00	; 0
      00044B 00                    1203 	.db #0x00	; 0
      00044C 01                    1204 	.db #0x01	; 1
      00044D 01                    1205 	.db #0x01	; 1
      00044E 03                    1206 	.db #0x03	; 3
      00044F 02                    1207 	.db #0x02	; 2
      000450 07                    1208 	.db #0x07	; 7
      000451 04                    1209 	.db #0x04	; 4
      000452 0E                    1210 	.db #0x0e	; 14
      000453 09                    1211 	.db #0x09	; 9
      000454 5D                    1212 	.db #0x5d	; 93
      000455 53                    1213 	.db #0x53	; 83	'S'
      000456 BA                    1214 	.db #0xba	; 186
      000457 E6                    1215 	.db #0xe6	; 230
      000458 B4                    1216 	.db #0xb4	; 180
      000459 EC                    1217 	.db #0xec	; 236
      00045A 58                    1218 	.db #0x58	; 88	'X'
      00045B 78                    1219 	.db #0x78	; 120	'x'
      00045C A4                    1220 	.db #0xa4	; 164
      00045D FC                    1221 	.db #0xfc	; 252
      00045E D8                    1222 	.db #0xd8	; 216
      00045F D8                    1223 	.db #0xd8	; 216
      000460 00                    1224 	.db #0x00	; 0
      000461 00                    1225 	.db #0x00	; 0
      000462 00                    1226 	.db #0x00	; 0
      000463 00                    1227 	.db #0x00	; 0
      000464 1C                    1228 	.db #0x1c	; 28
      000465 1C                    1229 	.db #0x1c	; 28
      000466 34                    1230 	.db #0x34	; 52	'4'
      000467 2C                    1231 	.db #0x2c	; 44
      000468 74                    1232 	.db #0x74	; 116	't'
      000469 4C                    1233 	.db #0x4c	; 76	'L'
      00046A E8                    1234 	.db #0xe8	; 232
      00046B 98                    1235 	.db #0x98	; 152
      00046C D0                    1236 	.db #0xd0	; 208
      00046D 30                    1237 	.db #0x30	; 48	'0'
      00046E A0                    1238 	.db #0xa0	; 160
      00046F 60                    1239 	.db #0x60	; 96
      000470 40                    1240 	.db #0x40	; 64
      000471 C0                    1241 	.db #0xc0	; 192
      000472 80                    1242 	.db #0x80	; 128
      000473 80                    1243 	.db #0x80	; 128
      000474 00                    1244 	.db #0x00	; 0
      000475 00                    1245 	.db #0x00	; 0
      000476 00                    1246 	.db #0x00	; 0
      000477 00                    1247 	.db #0x00	; 0
      000478 00                    1248 	.db #0x00	; 0
      000479 00                    1249 	.db #0x00	; 0
      00047A 00                    1250 	.db #0x00	; 0
      00047B 00                    1251 	.db #0x00	; 0
      00047C 00                    1252 	.db #0x00	; 0
      00047D 00                    1253 	.db #0x00	; 0
      00047E 00                    1254 	.db #0x00	; 0
      00047F 00                    1255 	.db #0x00	; 0
                           000480  1256 G$SwordLeftUpTile$0_0$0 == .
      000480                       1257 _SwordLeftUpTile:
      000480 00                    1258 	.db #0x00	; 0
      000481 00                    1259 	.db #0x00	; 0
      000482 00                    1260 	.db #0x00	; 0
      000483 00                    1261 	.db #0x00	; 0
      000484 38                    1262 	.db #0x38	; 56	'8'
      000485 38                    1263 	.db #0x38	; 56	'8'
      000486 2C                    1264 	.db #0x2c	; 44
      000487 34                    1265 	.db #0x34	; 52	'4'
      000488 2E                    1266 	.db #0x2e	; 46
      000489 32                    1267 	.db #0x32	; 50	'2'
      00048A 17                    1268 	.db #0x17	; 23
      00048B 19                    1269 	.db #0x19	; 25
      00048C 0B                    1270 	.db #0x0b	; 11
      00048D 0C                    1271 	.db #0x0c	; 12
      00048E 05                    1272 	.db #0x05	; 5
      00048F 06                    1273 	.db #0x06	; 6
      000490 02                    1274 	.db #0x02	; 2
      000491 03                    1275 	.db #0x03	; 3
      000492 01                    1276 	.db #0x01	; 1
      000493 01                    1277 	.db #0x01	; 1
      000494 00                    1278 	.db #0x00	; 0
      000495 00                    1279 	.db #0x00	; 0
      000496 00                    1280 	.db #0x00	; 0
      000497 00                    1281 	.db #0x00	; 0
      000498 00                    1282 	.db #0x00	; 0
      000499 00                    1283 	.db #0x00	; 0
      00049A 00                    1284 	.db #0x00	; 0
      00049B 00                    1285 	.db #0x00	; 0
      00049C 00                    1286 	.db #0x00	; 0
      00049D 00                    1287 	.db #0x00	; 0
      00049E 00                    1288 	.db #0x00	; 0
      00049F 00                    1289 	.db #0x00	; 0
      0004A0 00                    1290 	.db #0x00	; 0
      0004A1 00                    1291 	.db #0x00	; 0
      0004A2 00                    1292 	.db #0x00	; 0
      0004A3 00                    1293 	.db #0x00	; 0
      0004A4 00                    1294 	.db #0x00	; 0
      0004A5 00                    1295 	.db #0x00	; 0
      0004A6 00                    1296 	.db #0x00	; 0
      0004A7 00                    1297 	.db #0x00	; 0
      0004A8 00                    1298 	.db #0x00	; 0
      0004A9 00                    1299 	.db #0x00	; 0
      0004AA 00                    1300 	.db #0x00	; 0
      0004AB 00                    1301 	.db #0x00	; 0
      0004AC 80                    1302 	.db #0x80	; 128
      0004AD 80                    1303 	.db #0x80	; 128
      0004AE C0                    1304 	.db #0xc0	; 192
      0004AF 40                    1305 	.db #0x40	; 64
      0004B0 E0                    1306 	.db #0xe0	; 224
      0004B1 20                    1307 	.db #0x20	; 32
      0004B2 70                    1308 	.db #0x70	; 112	'p'
      0004B3 90                    1309 	.db #0x90	; 144
      0004B4 BA                    1310 	.db #0xba	; 186
      0004B5 CA                    1311 	.db #0xca	; 202
      0004B6 5D                    1312 	.db #0x5d	; 93
      0004B7 67                    1313 	.db #0x67	; 103	'g'
      0004B8 2D                    1314 	.db #0x2d	; 45
      0004B9 37                    1315 	.db #0x37	; 55	'7'
      0004BA 1A                    1316 	.db #0x1a	; 26
      0004BB 1E                    1317 	.db #0x1e	; 30
      0004BC 25                    1318 	.db #0x25	; 37
      0004BD 3F                    1319 	.db #0x3f	; 63
      0004BE 1B                    1320 	.db #0x1b	; 27
      0004BF 1B                    1321 	.db #0x1b	; 27
                           0004C0  1322 G$SwordRightTile$0_0$0 == .
      0004C0                       1323 _SwordRightTile:
      0004C0 00                    1324 	.db #0x00	; 0
      0004C1 00                    1325 	.db #0x00	; 0
      0004C2 00                    1326 	.db #0x00	; 0
      0004C3 00                    1327 	.db #0x00	; 0
      0004C4 00                    1328 	.db #0x00	; 0
      0004C5 00                    1329 	.db #0x00	; 0
      0004C6 00                    1330 	.db #0x00	; 0
      0004C7 00                    1331 	.db #0x00	; 0
      0004C8 30                    1332 	.db #0x30	; 48	'0'
      0004C9 30                    1333 	.db #0x30	; 48	'0'
      0004CA 48                    1334 	.db #0x48	; 72	'H'
      0004CB 78                    1335 	.db #0x78	; 120	'x'
      0004CC DF                    1336 	.db #0xdf	; 223
      0004CD FF                    1337 	.db #0xff	; 255
      0004CE 20                    1338 	.db #0x20	; 32
      0004CF FF                    1339 	.db #0xff	; 255
      0004D0 3F                    1340 	.db #0x3f	; 63
      0004D1 E0                    1341 	.db #0xe0	; 224
      0004D2 DF                    1342 	.db #0xdf	; 223
      0004D3 FF                    1343 	.db #0xff	; 255
      0004D4 48                    1344 	.db #0x48	; 72	'H'
      0004D5 78                    1345 	.db #0x78	; 120	'x'
      0004D6 30                    1346 	.db #0x30	; 48	'0'
      0004D7 30                    1347 	.db #0x30	; 48	'0'
      0004D8 00                    1348 	.db #0x00	; 0
      0004D9 00                    1349 	.db #0x00	; 0
      0004DA 00                    1350 	.db #0x00	; 0
      0004DB 00                    1351 	.db #0x00	; 0
      0004DC 00                    1352 	.db #0x00	; 0
      0004DD 00                    1353 	.db #0x00	; 0
      0004DE 00                    1354 	.db #0x00	; 0
      0004DF 00                    1355 	.db #0x00	; 0
      0004E0 00                    1356 	.db #0x00	; 0
      0004E1 00                    1357 	.db #0x00	; 0
      0004E2 00                    1358 	.db #0x00	; 0
      0004E3 00                    1359 	.db #0x00	; 0
      0004E4 00                    1360 	.db #0x00	; 0
      0004E5 00                    1361 	.db #0x00	; 0
      0004E6 00                    1362 	.db #0x00	; 0
      0004E7 00                    1363 	.db #0x00	; 0
      0004E8 00                    1364 	.db #0x00	; 0
      0004E9 00                    1365 	.db #0x00	; 0
      0004EA 00                    1366 	.db #0x00	; 0
      0004EB 00                    1367 	.db #0x00	; 0
      0004EC FE                    1368 	.db #0xfe	; 254
      0004ED FE                    1369 	.db #0xfe	; 254
      0004EE 01                    1370 	.db #0x01	; 1
      0004EF FF                    1371 	.db #0xff	; 255
      0004F0 FF                    1372 	.db #0xff	; 255
      0004F1 01                    1373 	.db #0x01	; 1
      0004F2 FE                    1374 	.db #0xfe	; 254
      0004F3 FE                    1375 	.db #0xfe	; 254
      0004F4 00                    1376 	.db #0x00	; 0
      0004F5 00                    1377 	.db #0x00	; 0
      0004F6 00                    1378 	.db #0x00	; 0
      0004F7 00                    1379 	.db #0x00	; 0
      0004F8 00                    1380 	.db #0x00	; 0
      0004F9 00                    1381 	.db #0x00	; 0
      0004FA 00                    1382 	.db #0x00	; 0
      0004FB 00                    1383 	.db #0x00	; 0
      0004FC 00                    1384 	.db #0x00	; 0
      0004FD 00                    1385 	.db #0x00	; 0
      0004FE 00                    1386 	.db #0x00	; 0
      0004FF 00                    1387 	.db #0x00	; 0
                           000500  1388 G$SwordLeftTile$0_0$0 == .
      000500                       1389 _SwordLeftTile:
      000500 00                    1390 	.db #0x00	; 0
      000501 00                    1391 	.db #0x00	; 0
      000502 00                    1392 	.db #0x00	; 0
      000503 00                    1393 	.db #0x00	; 0
      000504 00                    1394 	.db #0x00	; 0
      000505 00                    1395 	.db #0x00	; 0
      000506 00                    1396 	.db #0x00	; 0
      000507 00                    1397 	.db #0x00	; 0
      000508 00                    1398 	.db #0x00	; 0
      000509 00                    1399 	.db #0x00	; 0
      00050A 00                    1400 	.db #0x00	; 0
      00050B 00                    1401 	.db #0x00	; 0
      00050C 7F                    1402 	.db #0x7f	; 127
      00050D 7F                    1403 	.db #0x7f	; 127
      00050E 80                    1404 	.db #0x80	; 128
      00050F FF                    1405 	.db #0xff	; 255
      000510 FF                    1406 	.db #0xff	; 255
      000511 80                    1407 	.db #0x80	; 128
      000512 7F                    1408 	.db #0x7f	; 127
      000513 7F                    1409 	.db #0x7f	; 127
      000514 00                    1410 	.db #0x00	; 0
      000515 00                    1411 	.db #0x00	; 0
      000516 00                    1412 	.db #0x00	; 0
      000517 00                    1413 	.db #0x00	; 0
      000518 00                    1414 	.db #0x00	; 0
      000519 00                    1415 	.db #0x00	; 0
      00051A 00                    1416 	.db #0x00	; 0
      00051B 00                    1417 	.db #0x00	; 0
      00051C 00                    1418 	.db #0x00	; 0
      00051D 00                    1419 	.db #0x00	; 0
      00051E 00                    1420 	.db #0x00	; 0
      00051F 00                    1421 	.db #0x00	; 0
      000520 00                    1422 	.db #0x00	; 0
      000521 00                    1423 	.db #0x00	; 0
      000522 00                    1424 	.db #0x00	; 0
      000523 00                    1425 	.db #0x00	; 0
      000524 00                    1426 	.db #0x00	; 0
      000525 00                    1427 	.db #0x00	; 0
      000526 00                    1428 	.db #0x00	; 0
      000527 00                    1429 	.db #0x00	; 0
      000528 0C                    1430 	.db #0x0c	; 12
      000529 0C                    1431 	.db #0x0c	; 12
      00052A 12                    1432 	.db #0x12	; 18
      00052B 1E                    1433 	.db #0x1e	; 30
      00052C FB                    1434 	.db #0xfb	; 251
      00052D FF                    1435 	.db #0xff	; 255
      00052E 04                    1436 	.db #0x04	; 4
      00052F FF                    1437 	.db #0xff	; 255
      000530 FC                    1438 	.db #0xfc	; 252
      000531 07                    1439 	.db #0x07	; 7
      000532 FB                    1440 	.db #0xfb	; 251
      000533 FF                    1441 	.db #0xff	; 255
      000534 12                    1442 	.db #0x12	; 18
      000535 1E                    1443 	.db #0x1e	; 30
      000536 0C                    1444 	.db #0x0c	; 12
      000537 0C                    1445 	.db #0x0c	; 12
      000538 00                    1446 	.db #0x00	; 0
      000539 00                    1447 	.db #0x00	; 0
      00053A 00                    1448 	.db #0x00	; 0
      00053B 00                    1449 	.db #0x00	; 0
      00053C 00                    1450 	.db #0x00	; 0
      00053D 00                    1451 	.db #0x00	; 0
      00053E 00                    1452 	.db #0x00	; 0
      00053F 00                    1453 	.db #0x00	; 0
                           000540  1454 G$SwordUpTile$0_0$0 == .
      000540                       1455 _SwordUpTile:
      000540 01                    1456 	.db #0x01	; 1
      000541 01                    1457 	.db #0x01	; 1
      000542 02                    1458 	.db #0x02	; 2
      000543 03                    1459 	.db #0x03	; 3
      000544 02                    1460 	.db #0x02	; 2
      000545 03                    1461 	.db #0x03	; 3
      000546 02                    1462 	.db #0x02	; 2
      000547 03                    1463 	.db #0x03	; 3
      000548 02                    1464 	.db #0x02	; 2
      000549 03                    1465 	.db #0x03	; 3
      00054A 02                    1466 	.db #0x02	; 2
      00054B 03                    1467 	.db #0x03	; 3
      00054C 02                    1468 	.db #0x02	; 2
      00054D 03                    1469 	.db #0x03	; 3
      00054E 02                    1470 	.db #0x02	; 2
      00054F 03                    1471 	.db #0x03	; 3
      000550 02                    1472 	.db #0x02	; 2
      000551 03                    1473 	.db #0x03	; 3
      000552 02                    1474 	.db #0x02	; 2
      000553 03                    1475 	.db #0x03	; 3
      000554 02                    1476 	.db #0x02	; 2
      000555 03                    1477 	.db #0x03	; 3
      000556 06                    1478 	.db #0x06	; 6
      000557 07                    1479 	.db #0x07	; 7
      000558 0A                    1480 	.db #0x0a	; 10
      000559 0F                    1481 	.db #0x0f	; 15
      00055A 09                    1482 	.db #0x09	; 9
      00055B 0F                    1483 	.db #0x0f	; 15
      00055C 06                    1484 	.db #0x06	; 6
      00055D 07                    1485 	.db #0x07	; 7
      00055E 02                    1486 	.db #0x02	; 2
      00055F 03                    1487 	.db #0x03	; 3
      000560 80                    1488 	.db #0x80	; 128
      000561 80                    1489 	.db #0x80	; 128
      000562 C0                    1490 	.db #0xc0	; 192
      000563 40                    1491 	.db #0x40	; 64
      000564 C0                    1492 	.db #0xc0	; 192
      000565 40                    1493 	.db #0x40	; 64
      000566 C0                    1494 	.db #0xc0	; 192
      000567 40                    1495 	.db #0x40	; 64
      000568 C0                    1496 	.db #0xc0	; 192
      000569 40                    1497 	.db #0x40	; 64
      00056A C0                    1498 	.db #0xc0	; 192
      00056B 40                    1499 	.db #0x40	; 64
      00056C C0                    1500 	.db #0xc0	; 192
      00056D 40                    1501 	.db #0x40	; 64
      00056E C0                    1502 	.db #0xc0	; 192
      00056F 40                    1503 	.db #0x40	; 64
      000570 C0                    1504 	.db #0xc0	; 192
      000571 40                    1505 	.db #0x40	; 64
      000572 C0                    1506 	.db #0xc0	; 192
      000573 40                    1507 	.db #0x40	; 64
      000574 C0                    1508 	.db #0xc0	; 192
      000575 40                    1509 	.db #0x40	; 64
      000576 E0                    1510 	.db #0xe0	; 224
      000577 60                    1511 	.db #0x60	; 96
      000578 D0                    1512 	.db #0xd0	; 208
      000579 70                    1513 	.db #0x70	; 112	'p'
      00057A 90                    1514 	.db #0x90	; 144
      00057B F0                    1515 	.db #0xf0	; 240
      00057C 60                    1516 	.db #0x60	; 96
      00057D E0                    1517 	.db #0xe0	; 224
      00057E 40                    1518 	.db #0x40	; 64
      00057F C0                    1519 	.db #0xc0	; 192
                           000580  1520 G$SwordDownTile$0_0$0 == .
      000580                       1521 _SwordDownTile:
      000580 02                    1522 	.db #0x02	; 2
      000581 03                    1523 	.db #0x03	; 3
      000582 06                    1524 	.db #0x06	; 6
      000583 07                    1525 	.db #0x07	; 7
      000584 09                    1526 	.db #0x09	; 9
      000585 0F                    1527 	.db #0x0f	; 15
      000586 0A                    1528 	.db #0x0a	; 10
      000587 0F                    1529 	.db #0x0f	; 15
      000588 06                    1530 	.db #0x06	; 6
      000589 07                    1531 	.db #0x07	; 7
      00058A 02                    1532 	.db #0x02	; 2
      00058B 03                    1533 	.db #0x03	; 3
      00058C 02                    1534 	.db #0x02	; 2
      00058D 03                    1535 	.db #0x03	; 3
      00058E 02                    1536 	.db #0x02	; 2
      00058F 03                    1537 	.db #0x03	; 3
      000590 02                    1538 	.db #0x02	; 2
      000591 03                    1539 	.db #0x03	; 3
      000592 02                    1540 	.db #0x02	; 2
      000593 03                    1541 	.db #0x03	; 3
      000594 02                    1542 	.db #0x02	; 2
      000595 03                    1543 	.db #0x03	; 3
      000596 02                    1544 	.db #0x02	; 2
      000597 03                    1545 	.db #0x03	; 3
      000598 02                    1546 	.db #0x02	; 2
      000599 03                    1547 	.db #0x03	; 3
      00059A 02                    1548 	.db #0x02	; 2
      00059B 03                    1549 	.db #0x03	; 3
      00059C 02                    1550 	.db #0x02	; 2
      00059D 03                    1551 	.db #0x03	; 3
      00059E 01                    1552 	.db #0x01	; 1
      00059F 01                    1553 	.db #0x01	; 1
      0005A0 40                    1554 	.db #0x40	; 64
      0005A1 C0                    1555 	.db #0xc0	; 192
      0005A2 60                    1556 	.db #0x60	; 96
      0005A3 E0                    1557 	.db #0xe0	; 224
      0005A4 90                    1558 	.db #0x90	; 144
      0005A5 F0                    1559 	.db #0xf0	; 240
      0005A6 D0                    1560 	.db #0xd0	; 208
      0005A7 70                    1561 	.db #0x70	; 112	'p'
      0005A8 E0                    1562 	.db #0xe0	; 224
      0005A9 60                    1563 	.db #0x60	; 96
      0005AA C0                    1564 	.db #0xc0	; 192
      0005AB 40                    1565 	.db #0x40	; 64
      0005AC C0                    1566 	.db #0xc0	; 192
      0005AD 40                    1567 	.db #0x40	; 64
      0005AE C0                    1568 	.db #0xc0	; 192
      0005AF 40                    1569 	.db #0x40	; 64
      0005B0 C0                    1570 	.db #0xc0	; 192
      0005B1 40                    1571 	.db #0x40	; 64
      0005B2 C0                    1572 	.db #0xc0	; 192
      0005B3 40                    1573 	.db #0x40	; 64
      0005B4 C0                    1574 	.db #0xc0	; 192
      0005B5 40                    1575 	.db #0x40	; 64
      0005B6 C0                    1576 	.db #0xc0	; 192
      0005B7 40                    1577 	.db #0x40	; 64
      0005B8 C0                    1578 	.db #0xc0	; 192
      0005B9 40                    1579 	.db #0x40	; 64
      0005BA C0                    1580 	.db #0xc0	; 192
      0005BB 40                    1581 	.db #0x40	; 64
      0005BC C0                    1582 	.db #0xc0	; 192
      0005BD 40                    1583 	.db #0x40	; 64
      0005BE 80                    1584 	.db #0x80	; 128
      0005BF 80                    1585 	.db #0x80	; 128
                           0005C0  1586 G$SwordRightDownTile$0_0$0 == .
      0005C0                       1587 _SwordRightDownTile:
      0005C0 D8                    1588 	.db #0xd8	; 216
      0005C1 D8                    1589 	.db #0xd8	; 216
      0005C2 A4                    1590 	.db #0xa4	; 164
      0005C3 FC                    1591 	.db #0xfc	; 252
      0005C4 58                    1592 	.db #0x58	; 88	'X'
      0005C5 78                    1593 	.db #0x78	; 120	'x'
      0005C6 B4                    1594 	.db #0xb4	; 180
      0005C7 EC                    1595 	.db #0xec	; 236
      0005C8 BA                    1596 	.db #0xba	; 186
      0005C9 E6                    1597 	.db #0xe6	; 230
      0005CA 5D                    1598 	.db #0x5d	; 93
      0005CB 53                    1599 	.db #0x53	; 83	'S'
      0005CC 0E                    1600 	.db #0x0e	; 14
      0005CD 09                    1601 	.db #0x09	; 9
      0005CE 07                    1602 	.db #0x07	; 7
      0005CF 04                    1603 	.db #0x04	; 4
      0005D0 03                    1604 	.db #0x03	; 3
      0005D1 02                    1605 	.db #0x02	; 2
      0005D2 01                    1606 	.db #0x01	; 1
      0005D3 01                    1607 	.db #0x01	; 1
      0005D4 00                    1608 	.db #0x00	; 0
      0005D5 00                    1609 	.db #0x00	; 0
      0005D6 00                    1610 	.db #0x00	; 0
      0005D7 00                    1611 	.db #0x00	; 0
      0005D8 00                    1612 	.db #0x00	; 0
      0005D9 00                    1613 	.db #0x00	; 0
      0005DA 00                    1614 	.db #0x00	; 0
      0005DB 00                    1615 	.db #0x00	; 0
      0005DC 00                    1616 	.db #0x00	; 0
      0005DD 00                    1617 	.db #0x00	; 0
      0005DE 00                    1618 	.db #0x00	; 0
      0005DF 00                    1619 	.db #0x00	; 0
      0005E0 00                    1620 	.db #0x00	; 0
      0005E1 00                    1621 	.db #0x00	; 0
      0005E2 00                    1622 	.db #0x00	; 0
      0005E3 00                    1623 	.db #0x00	; 0
      0005E4 00                    1624 	.db #0x00	; 0
      0005E5 00                    1625 	.db #0x00	; 0
      0005E6 00                    1626 	.db #0x00	; 0
      0005E7 00                    1627 	.db #0x00	; 0
      0005E8 00                    1628 	.db #0x00	; 0
      0005E9 00                    1629 	.db #0x00	; 0
      0005EA 00                    1630 	.db #0x00	; 0
      0005EB 00                    1631 	.db #0x00	; 0
      0005EC 80                    1632 	.db #0x80	; 128
      0005ED 80                    1633 	.db #0x80	; 128
      0005EE 40                    1634 	.db #0x40	; 64
      0005EF C0                    1635 	.db #0xc0	; 192
      0005F0 A0                    1636 	.db #0xa0	; 160
      0005F1 60                    1637 	.db #0x60	; 96
      0005F2 D0                    1638 	.db #0xd0	; 208
      0005F3 30                    1639 	.db #0x30	; 48	'0'
      0005F4 E8                    1640 	.db #0xe8	; 232
      0005F5 98                    1641 	.db #0x98	; 152
      0005F6 74                    1642 	.db #0x74	; 116	't'
      0005F7 4C                    1643 	.db #0x4c	; 76	'L'
      0005F8 34                    1644 	.db #0x34	; 52	'4'
      0005F9 2C                    1645 	.db #0x2c	; 44
      0005FA 1C                    1646 	.db #0x1c	; 28
      0005FB 1C                    1647 	.db #0x1c	; 28
      0005FC 00                    1648 	.db #0x00	; 0
      0005FD 00                    1649 	.db #0x00	; 0
      0005FE 00                    1650 	.db #0x00	; 0
      0005FF 00                    1651 	.db #0x00	; 0
                           000600  1652 G$SwordLeftDownTile$0_0$0 == .
      000600                       1653 _SwordLeftDownTile:
      000600 00                    1654 	.db #0x00	; 0
      000601 00                    1655 	.db #0x00	; 0
      000602 00                    1656 	.db #0x00	; 0
      000603 00                    1657 	.db #0x00	; 0
      000604 00                    1658 	.db #0x00	; 0
      000605 00                    1659 	.db #0x00	; 0
      000606 00                    1660 	.db #0x00	; 0
      000607 00                    1661 	.db #0x00	; 0
      000608 00                    1662 	.db #0x00	; 0
      000609 00                    1663 	.db #0x00	; 0
      00060A 00                    1664 	.db #0x00	; 0
      00060B 00                    1665 	.db #0x00	; 0
      00060C 01                    1666 	.db #0x01	; 1
      00060D 01                    1667 	.db #0x01	; 1
      00060E 02                    1668 	.db #0x02	; 2
      00060F 03                    1669 	.db #0x03	; 3
      000610 05                    1670 	.db #0x05	; 5
      000611 06                    1671 	.db #0x06	; 6
      000612 0B                    1672 	.db #0x0b	; 11
      000613 0C                    1673 	.db #0x0c	; 12
      000614 17                    1674 	.db #0x17	; 23
      000615 19                    1675 	.db #0x19	; 25
      000616 2E                    1676 	.db #0x2e	; 46
      000617 32                    1677 	.db #0x32	; 50	'2'
      000618 2C                    1678 	.db #0x2c	; 44
      000619 34                    1679 	.db #0x34	; 52	'4'
      00061A 38                    1680 	.db #0x38	; 56	'8'
      00061B 38                    1681 	.db #0x38	; 56	'8'
      00061C 00                    1682 	.db #0x00	; 0
      00061D 00                    1683 	.db #0x00	; 0
      00061E 00                    1684 	.db #0x00	; 0
      00061F 00                    1685 	.db #0x00	; 0
      000620 1B                    1686 	.db #0x1b	; 27
      000621 1B                    1687 	.db #0x1b	; 27
      000622 25                    1688 	.db #0x25	; 37
      000623 3F                    1689 	.db #0x3f	; 63
      000624 1A                    1690 	.db #0x1a	; 26
      000625 1E                    1691 	.db #0x1e	; 30
      000626 2D                    1692 	.db #0x2d	; 45
      000627 37                    1693 	.db #0x37	; 55	'7'
      000628 5D                    1694 	.db #0x5d	; 93
      000629 67                    1695 	.db #0x67	; 103	'g'
      00062A BA                    1696 	.db #0xba	; 186
      00062B CA                    1697 	.db #0xca	; 202
      00062C 70                    1698 	.db #0x70	; 112	'p'
      00062D 90                    1699 	.db #0x90	; 144
      00062E E0                    1700 	.db #0xe0	; 224
      00062F 20                    1701 	.db #0x20	; 32
      000630 C0                    1702 	.db #0xc0	; 192
      000631 40                    1703 	.db #0x40	; 64
      000632 80                    1704 	.db #0x80	; 128
      000633 80                    1705 	.db #0x80	; 128
      000634 00                    1706 	.db #0x00	; 0
      000635 00                    1707 	.db #0x00	; 0
      000636 00                    1708 	.db #0x00	; 0
      000637 00                    1709 	.db #0x00	; 0
      000638 00                    1710 	.db #0x00	; 0
      000639 00                    1711 	.db #0x00	; 0
      00063A 00                    1712 	.db #0x00	; 0
      00063B 00                    1713 	.db #0x00	; 0
      00063C 00                    1714 	.db #0x00	; 0
      00063D 00                    1715 	.db #0x00	; 0
      00063E 00                    1716 	.db #0x00	; 0
      00063F 00                    1717 	.db #0x00	; 0
                                   1718 	.area _INITIALIZER
                                   1719 	.area _CABS (ABS)
