                                      1 ;--------------------------------------------------------
                                      2 ; File Created by SDCC : free open source ISO C Compiler 
                                      3 ; Version 4.3.2 #14228 (MINGW64)
                                      4 ;--------------------------------------------------------
                                      5 	.module main
                                      6 	.optsdcc -msm83
                                      7 	
                                      8 ;--------------------------------------------------------
                                      9 ; Public variables in this module
                                     10 ;--------------------------------------------------------
                                     11 	.globl _main
                                     12 	.globl _printf
                                     13 ;--------------------------------------------------------
                                     14 ; special function registers
                                     15 ;--------------------------------------------------------
                                     16 ;--------------------------------------------------------
                                     17 ; ram data
                                     18 ;--------------------------------------------------------
                                     19 	.area _DATA
                                     20 ;--------------------------------------------------------
                                     21 ; ram data
                                     22 ;--------------------------------------------------------
                                     23 	.area _INITIALIZED
                                     24 ;--------------------------------------------------------
                                     25 ; absolute external ram data
                                     26 ;--------------------------------------------------------
                                     27 	.area _DABS (ABS)
                                     28 ;--------------------------------------------------------
                                     29 ; global & static initialisations
                                     30 ;--------------------------------------------------------
                                     31 	.area _HOME
                                     32 	.area _GSINIT
                                     33 	.area _GSFINAL
                                     34 	.area _GSINIT
                                     35 ;--------------------------------------------------------
                                     36 ; Home
                                     37 ;--------------------------------------------------------
                                     38 	.area _HOME
                                     39 	.area _HOME
                                     40 ;--------------------------------------------------------
                                     41 ; code
                                     42 ;--------------------------------------------------------
                                     43 	.area _CODE
                           000000    44 	G$main$0$0	= .
                                     45 	.globl	G$main$0$0
                           000000    46 	C$main.c$4$0_0$130	= .
                                     47 	.globl	C$main.c$4$0_0$130
                                     48 ;C:\gbdk_dev\Project\GB_PROJECT\source\main.c:4: void main(void){
                                     49 ;	---------------------------------
                                     50 ; Function main
                                     51 ; ---------------------------------
      000000                         52 _main::
                           000000    53 	C$main.c$5$1_0$130	= .
                                     54 	.globl	C$main.c$5$1_0$130
                                     55 ;C:\gbdk_dev\Project\GB_PROJECT\source\main.c:5: printf("Hello GB Kensyu W1");
      000000 11r09r00         [12]   56 	ld	de, #___str_0
      000003 D5               [16]   57 	push	de
      000004 CDr00r00         [24]   58 	call	_printf
      000007 E1               [12]   59 	pop	hl
                           000008    60 	C$main.c$6$1_0$130	= .
                                     61 	.globl	C$main.c$6$1_0$130
                                     62 ;C:\gbdk_dev\Project\GB_PROJECT\source\main.c:6: }
                           000008    63 	C$main.c$6$1_0$130	= .
                                     64 	.globl	C$main.c$6$1_0$130
                           000008    65 	XG$main$0$0	= .
                                     66 	.globl	XG$main$0$0
      000008 C9               [16]   67 	ret
                           000009    68 Fmain$__str_0$0_0$0 == .
      000009                         69 ___str_0:
      000009 48 65 6C 6C 6F 20 47    70 	.ascii "Hello GB Kensyu W1"
             42 20 4B 65 6E 73 79
             75 20 57 31
      00001B 00                      71 	.db 0x00
                                     72 	.area _CODE
                                     73 	.area _INITIALIZER
                                     74 	.area _CABS (ABS)
